/home/chadwiley/miniconda3/envs/tf/lib/python3.10/site-packages/xarray/core/variable.py:293: VisibleDeprecationWarning: Creating an ndarray from ragged nested sequences (which is a list-or-tuple of lists-or-tuples-or ndarrays with different lengths or shapes) is deprecated. If you meant to do this, you must specify 'dtype=object' when creating the ndarray.
  data = np.asarray(data)
Traceback (most recent call last):
  File "/home/chadwiley/miniconda3/envs/tf/lib/python3.10/site-packages/xarray/core/variable.py", line 131, in as_variable
    obj = Variable(*obj)
  File "/home/chadwiley/miniconda3/envs/tf/lib/python3.10/site-packages/xarray/core/variable.py", line 367, in __init__
    self._dims = self._parse_dimensions(dims)
  File "/home/chadwiley/miniconda3/envs/tf/lib/python3.10/site-packages/xarray/core/variable.py", line 664, in _parse_dimensions
    raise ValueError(
ValueError: dimensions ('n_samples', 'ne', 'lat', 'lon') must have the same length as the number of data dimensions, ndim=1

During handling of the above exception, another exception occurred:

Traceback (most recent call last):
  File "/home/chadwiley/research/wofs_40dbz/wofs_ml/data_creator/data_2d_creator.py", line 46, in <module>
    extract_ex_data(examples_path_2020,'2020')
  File "/home/chadwiley/research/wofs_40dbz/wofs_ml/data_creator/data_2d_helper.py", line 151, in extract_ex_data
    save_comp_prob(comp_dz,year)
  File "/home/chadwiley/research/wofs_40dbz/wofs_ml/data_creator/data_2d_helper.py", line 259, in save_comp_prob
    out_ds = xr.Dataset(data_vars)
  File "/home/chadwiley/miniconda3/envs/tf/lib/python3.10/site-packages/xarray/core/dataset.py", line 604, in __init__
    variables, coord_names, dims, indexes, _ = merge_data_and_coords(
  File "/home/chadwiley/miniconda3/envs/tf/lib/python3.10/site-packages/xarray/core/merge.py", line 575, in merge_data_and_coords
    return merge_core(
  File "/home/chadwiley/miniconda3/envs/tf/lib/python3.10/site-packages/xarray/core/merge.py", line 755, in merge_core
    collected = collect_variables_and_indexes(aligned, indexes=indexes)
  File "/home/chadwiley/miniconda3/envs/tf/lib/python3.10/site-packages/xarray/core/merge.py", line 365, in collect_variables_and_indexes
    variable = as_variable(variable, name=name)
  File "/home/chadwiley/miniconda3/envs/tf/lib/python3.10/site-packages/xarray/core/variable.py", line 134, in as_variable
    raise error.__class__(
ValueError: Could not convert tuple of form (dims, data[, attrs, encoding]): (['n_samples', 'ne', 'lat', 'lon'], [<xarray.DataArray 'comp_dz' (n_samples: 104, ne: 18, lat_dim: 128, lon_dim: 128)>
array([[[[0.00000000e+00, 0.00000000e+00, 0.00000000e+00, ...,
          0.00000000e+00, 0.00000000e+00, 0.00000000e+00],
         [0.00000000e+00, 0.00000000e+00, 0.00000000e+00, ...,
          0.00000000e+00, 0.00000000e+00, 0.00000000e+00],
         [0.00000000e+00, 0.00000000e+00, 0.00000000e+00, ...,
          0.00000000e+00, 0.00000000e+00, 0.00000000e+00],
         ...,
         [0.00000000e+00, 0.00000000e+00, 0.00000000e+00, ...,
          0.00000000e+00, 0.00000000e+00, 0.00000000e+00],
         [0.00000000e+00, 0.00000000e+00, 0.00000000e+00, ...,
          0.00000000e+00, 0.00000000e+00, 0.00000000e+00],
         [0.00000000e+00, 0.00000000e+00, 0.00000000e+00, ...,
          0.00000000e+00, 0.00000000e+00, 0.00000000e+00]],

        [[0.00000000e+00, 0.00000000e+00, 0.00000000e+00, ...,
          0.00000000e+00, 0.00000000e+00, 0.00000000e+00],
         [0.00000000e+00, 0.00000000e+00, 0.00000000e+00, ...,
          0.00000000e+00, 0.00000000e+00, 0.00000000e+00],
         [0.00000000e+00, 0.00000000e+00, 0.00000000e+00, ...,
          0.00000000e+00, 0.00000000e+00, 0.00000000e+00],
...
          0.00000000e+00, 0.00000000e+00, 0.00000000e+00],
         [1.24101562e+01, 1.23789053e+01, 1.20859375e+01, ...,
          0.00000000e+00, 0.00000000e+00, 0.00000000e+00],
         [1.51289062e+01, 1.59179678e+01, 1.56367188e+01, ...,
          0.00000000e+00, 0.00000000e+00, 0.00000000e+00]],

        [[0.00000000e+00, 0.00000000e+00, 0.00000000e+00, ...,
          0.00000000e+00, 0.00000000e+00, 0.00000000e+00],
         [0.00000000e+00, 0.00000000e+00, 0.00000000e+00, ...,
          0.00000000e+00, 1.33251953e+00, 7.88574159e-01],
         [0.00000000e+00, 0.00000000e+00, 0.00000000e+00, ...,
          0.00000000e+00, 0.00000000e+00, 6.16455019e-01],
         ...,
         [2.25292969e+00, 3.61328101e+00, 5.01953125e+00, ...,
          0.00000000e+00, 0.00000000e+00, 0.00000000e+00],
         [9.12890625e+00, 9.88281155e+00, 9.87890625e+00, ...,
          0.00000000e+00, 0.00000000e+00, 0.00000000e+00],
         [1.37539062e+01, 1.59179678e+01, 1.54140625e+01, ...,
          0.00000000e+00, 0.00000000e+00, 0.00000000e+00]]]],
      dtype=float32)
Coordinates:
    lon      (n_samples, lat_dim, lon_dim) float32 -105.0 -104.9 ... -92.31
    lat      (n_samples, lat_dim, lon_dim) float32 31.49 31.49 ... 34.53 34.53
Dimensions without coordinates: n_samples, ne, lat_dim, lon_dim
Attributes:
    long_name:      Composite Reflectivity
    units:          dBZ
    level:          Z0
    init_time:      20200427_170000
    valid_time:     20200427_173000
    init_time_ut:   1588024800
    valid_time_ut:  1588026600, <xarray.DataArray 'comp_dz' (n_samples: 36, ne: 18, lat_dim: 128, lon_dim: 128)>
array([[[[ 0.        ,  0.        ,  0.        , ...,  0.        ,
           0.        ,  0.        ],
         [ 0.        ,  0.        ,  0.        , ...,  0.        ,
           0.        ,  0.        ],
         [ 0.        ,  0.        ,  0.        , ...,  0.        ,
           0.        ,  0.        ],
         ...,
         [ 0.        ,  0.        ,  0.        , ...,  0.        ,
           0.        ,  0.        ],
         [ 0.        ,  0.        ,  0.        , ...,  0.        ,
           0.        ,  0.        ],
         [ 0.        ,  0.        ,  0.        , ...,  0.        ,
           0.        ,  0.        ]],

        [[ 0.        ,  0.        ,  0.        , ...,  0.        ,
           0.        ,  0.        ],
         [ 0.        ,  0.        ,  0.        , ...,  3.6308591 ,
           4.7460938 ,  5.291015  ],
         [ 0.        ,  0.        ,  0.        , ..., 11.347655  ,
          11.5234375 , 10.914062  ],
...
         [10.03125   , 10.61328   , 11.152344  , ..., 28.062498  ,
          31.359375  , 30.749998  ],
         [10.6953125 , 11.390624  , 12.515625  , ..., 28.171873  ,
          31.28125   , 29.60156   ],
         [12.1953125 , 12.753905  , 14.207031  , ..., 28.648436  ,
          30.085938  , 27.179686  ]],

        [[ 0.        ,  0.        ,  0.        , ...,  0.        ,
           0.        ,  0.        ],
         [ 0.        ,  0.        ,  0.        , ...,  0.        ,
           0.        ,  0.        ],
         [ 0.        ,  0.        ,  0.        , ...,  0.        ,
           0.        ,  0.        ],
         ...,
         [ 4.138672  ,  4.005859  ,  3.1113281 , ..., 20.85156   ,
          25.703125  , 27.874998  ],
         [ 3.7792969 ,  3.776367  ,  3.1855469 , ..., 26.054686  ,
          24.078125  , 23.078123  ],
         [ 3.194336  ,  3.026367  ,  2.3720703 , ..., 28.281248  ,
          24.445312  , 20.16406   ]]]], dtype=float32)
Coordinates:
    lon      (n_samples, lat_dim, lon_dim) float32 -96.5 -96.47 ... -109.0
    lat      (n_samples, lat_dim, lon_dim) float32 31.12 31.12 ... 47.52 47.51
Dimensions without coordinates: n_samples, ne, lat_dim, lon_dim
Attributes:
    long_name:      Composite Reflectivity
    units:          dBZ
    level:          Z0
    init_time:      20200428_210000
    valid_time:     20200428_213000
    init_time_ut:   1588125600
    valid_time_ut:  1588127400, <xarray.DataArray 'comp_dz' (n_samples: 108, ne: 18, lat_dim: 128, lon_dim: 128)>
array([[[[ 0.        ,  0.        ,  0.        , ...,  0.        ,
           0.        ,  0.        ],
         [ 0.        ,  0.        ,  0.        , ...,  0.        ,
           0.        ,  0.        ],
         [ 0.        ,  0.        ,  0.        , ...,  0.        ,
           0.        ,  0.        ],
         ...,
         [ 0.        ,  0.        ,  0.        , ..., 10.42578   ,
          10.0390625 ,  9.882812  ],
         [ 0.        ,  0.        ,  0.        , ...,  9.937499  ,
           9.90625   , 10.01953   ],
         [ 0.        ,  0.        ,  0.        , ...,  8.648437  ,
           9.3984375 ,  9.679687  ]],

        [[ 0.        ,  0.        ,  0.        , ...,  0.        ,
           0.        ,  0.        ],
         [ 0.        ,  0.        ,  0.        , ...,  0.        ,
           0.        ,  0.        ],
         [ 0.        ,  0.        ,  0.        , ...,  0.        ,
           0.        ,  0.        ],
...
         [ 0.        ,  0.        ,  0.        , ...,  0.        ,
           0.        ,  0.        ],
         [ 0.        ,  0.        ,  0.        , ...,  0.        ,
           0.        ,  0.        ],
         [ 0.        ,  0.        ,  0.        , ...,  0.        ,
           0.        ,  0.        ]],

        [[ 0.        ,  0.        ,  0.        , ...,  0.        ,
           0.        ,  0.        ],
         [ 0.        ,  0.        ,  0.        , ...,  0.        ,
           0.        ,  0.        ],
         [ 0.        ,  0.        ,  0.        , ...,  0.        ,
           0.        ,  0.        ],
         ...,
         [ 0.        ,  0.        ,  0.        , ...,  0.        ,
           0.        ,  0.        ],
         [ 0.        ,  0.        ,  0.        , ...,  0.        ,
           0.        ,  0.        ],
         [ 0.        ,  0.        ,  0.        , ...,  0.        ,
           0.        ,  0.        ]]]], dtype=float32)
Coordinates:
    lon      (n_samples, lat_dim, lon_dim) float32 -119.1 -119.1 ... -104.6
    lat      (n_samples, lat_dim, lon_dim) float32 43.9 43.9 ... 41.46 41.46
Dimensions without coordinates: n_samples, ne, lat_dim, lon_dim
Attributes:
    long_name:      Composite Reflectivity
    units:          dBZ
    level:          Z0
    init_time:      20200430_010000
    valid_time:     20200501_013000
    init_time_ut:   1588226400
    valid_time_ut:  1588314600, <xarray.DataArray 'comp_dz' (n_samples: 92, ne: 18, lat_dim: 128, lon_dim: 128)>
array([[[[ 0.      ,  0.      ,  0.      , ...,  0.      ,  0.      ,
           0.      ],
         [ 0.      ,  0.      ,  0.      , ...,  0.      ,  0.      ,
           0.      ],
         [ 0.      ,  0.      ,  0.      , ...,  0.      ,  0.      ,
           0.      ],
         ...,
         [ 0.      ,  0.      ,  0.      , ...,  0.      ,  0.      ,
           0.      ],
         [ 0.      ,  0.      ,  0.      , ...,  0.      ,  0.      ,
           0.      ],
         [ 0.      ,  0.      ,  0.      , ...,  0.      ,  0.      ,
           0.      ]],

        [[ 0.      ,  0.      ,  0.      , ...,  0.      ,  0.      ,
           0.      ],
         [ 0.      ,  0.      ,  0.      , ...,  0.      ,  0.      ,
           0.      ],
         [ 0.      ,  0.      ,  0.      , ...,  0.      ,  0.      ,
           0.      ],
...
         [ 0.      ,  0.      ,  0.      , ...,  0.      ,  0.      ,
           0.      ],
         [ 0.      ,  0.      ,  0.      , ...,  0.      ,  0.      ,
           0.      ],
         [ 0.      ,  0.      ,  0.      , ...,  0.      ,  0.      ,
           0.      ]],

        [[ 0.      ,  0.      ,  0.      , ...,  0.      ,  0.      ,
           0.      ],
         [ 0.      ,  0.      ,  0.      , ...,  0.      ,  0.      ,
           0.      ],
         [ 0.      ,  0.      ,  0.      , ...,  0.      ,  0.      ,
           0.      ],
         ...,
         [ 0.      ,  0.      ,  0.      , ...,  0.      ,  0.      ,
           0.      ],
         [ 0.      ,  0.      ,  0.      , ...,  0.      ,  0.      ,
           0.      ],
         [ 0.      ,  0.      ,  0.      , ...,  0.      ,  0.      ,
           0.      ]]]], dtype=float32)
Coordinates:
    lon      (n_samples, lat_dim, lon_dim) float32 -104.5 -104.5 ... -95.31
    lat      (n_samples, lat_dim, lon_dim) float32 37.93 37.93 ... 39.09 39.09
Dimensions without coordinates: n_samples, ne, lat_dim, lon_dim
Attributes:
    long_name:      Composite Reflectivity
    units:          dBZ
    level:          Z0
    init_time:      20200501_180000
    valid_time:     20200501_183000
    init_time_ut:   1588374000
    valid_time_ut:  1588375800, <xarray.DataArray 'comp_dz' (n_samples: 12, ne: 18, lat_dim: 128, lon_dim: 128)>
array([[[[ 0.        ,  0.        ,  0.        , ...,  0.        ,
           0.        ,  0.        ],
         [ 0.        ,  0.        ,  0.        , ...,  0.        ,
           0.        ,  0.        ],
         [ 0.        ,  0.        ,  0.        , ...,  0.        ,
           0.        ,  0.        ],
         ...,
         [ 0.        ,  0.        ,  0.        , ...,  0.        ,
           0.        ,  0.        ],
         [ 0.        ,  0.        ,  0.        , ...,  0.        ,
           0.        ,  0.        ],
         [ 0.        ,  0.        ,  0.        , ...,  0.        ,
           0.        ,  0.        ]],

        [[ 0.        ,  0.        ,  0.        , ...,  0.        ,
           0.        ,  0.        ],
         [ 0.        ,  0.        ,  0.        , ...,  0.        ,
           0.        ,  0.        ],
         [ 0.        ,  0.        ,  0.        , ...,  0.        ,
           0.        ,  0.        ],
...
         [ 0.        ,  0.        ,  0.        , ...,  0.        ,
           0.        ,  0.        ],
         [ 0.        ,  0.        ,  0.        , ...,  0.        ,
           0.        ,  0.        ],
         [ 0.        ,  0.        ,  0.        , ...,  0.        ,
           0.        ,  0.        ]],

        [[ 0.        ,  0.        ,  0.        , ...,  0.        ,
           0.        ,  0.        ],
         [ 0.        ,  0.        ,  0.        , ...,  0.        ,
           0.        ,  0.        ],
         [ 0.        ,  0.        ,  0.        , ...,  0.        ,
           0.        ,  0.        ],
         ...,
         [ 0.        ,  0.7509765 ,  5.9335938 , ...,  0.        ,
           0.        ,  0.        ],
         [ 0.        ,  3.4228513 ,  6.9433594 , ...,  0.        ,
           0.        ,  0.        ],
         [ 0.        ,  0.10699462,  3.4824219 , ...,  0.        ,
           0.        ,  0.        ]]]], dtype=float32)
Coordinates:
    lon      (n_samples, lat_dim, lon_dim) float32 -99.3 -99.27 ... -81.74
    lat      (n_samples, lat_dim, lon_dim) float32 31.95 31.95 ... 38.13 38.13
Dimensions without coordinates: n_samples, ne, lat_dim, lon_dim
Attributes:
    long_name:      Composite Reflectivity
    units:          dBZ
    level:          Z0
    init_time:      20200504_213000
    valid_time:     20200504_220000
    init_time_ut:   1588645800
    valid_time_ut:  1588647600, <xarray.DataArray 'comp_dz' (n_samples: 48, ne: 18, lat_dim: 128, lon_dim: 128)>
array([[[[ 0.        ,  0.        ,  0.        , ...,  0.        ,
           0.        ,  0.        ],
         [ 0.        ,  0.        ,  0.        , ...,  0.        ,
           0.        ,  0.        ],
         [ 0.        ,  0.        ,  0.        , ...,  0.        ,
           0.        ,  0.        ],
         ...,
         [ 0.        ,  0.        ,  0.        , ...,  0.        ,
           0.        ,  0.        ],
         [ 0.        ,  0.        ,  0.        , ...,  0.        ,
           0.        ,  0.        ],
         [ 0.        ,  0.        ,  0.        , ...,  0.        ,
           0.        ,  0.        ]],

        [[ 0.        ,  0.        ,  0.        , ...,  0.        ,
           0.        ,  0.        ],
         [ 0.        ,  0.        ,  0.        , ...,  0.        ,
           0.        ,  0.        ],
         [ 0.        ,  0.        ,  0.        , ...,  0.        ,
           0.        ,  0.        ],
...
         [ 0.        ,  0.        ,  0.        , ...,  0.        ,
           0.        ,  1.5976561 ],
         [ 0.        ,  0.        ,  0.        , ...,  0.        ,
           0.75561523,  3.3222654 ],
         [ 0.        ,  0.        ,  0.        , ...,  0.        ,
           0.56689453,  4.287109  ]],

        [[ 0.        ,  0.        ,  0.        , ...,  0.        ,
           0.        ,  0.        ],
         [ 0.        ,  0.        ,  0.        , ...,  0.        ,
           0.        ,  0.        ],
         [ 0.        ,  0.        ,  0.        , ...,  0.        ,
           0.        ,  0.        ],
         ...,
         [ 0.        ,  0.        ,  0.        , ...,  0.        ,
           0.        ,  0.        ],
         [ 0.        ,  0.        ,  0.        , ...,  0.        ,
           0.        ,  0.        ],
         [ 0.        ,  0.        ,  0.        , ...,  0.        ,
           0.        ,  0.        ]]]], dtype=float32)
Coordinates:
    lon      (n_samples, lat_dim, lon_dim) float32 -82.37 -82.34 ... -94.67
    lat      (n_samples, lat_dim, lon_dim) float32 27.94 27.94 ... 33.6 33.6
Dimensions without coordinates: n_samples, ne, lat_dim, lon_dim
Attributes:
    long_name:      Composite Reflectivity
    units:          dBZ
    level:          Z0
    init_time:      20200506_013000
    valid_time:     20200507_020000
    init_time_ut:   1588746600
    valid_time_ut:  1588834800, <xarray.DataArray 'comp_dz' (n_samples: 64, ne: 18, lat_dim: 128, lon_dim: 128)>
array([[[[ 0.      ,  0.      ,  0.      , ...,  0.      ,  0.      ,
           0.      ],
         [ 0.      ,  0.      ,  0.      , ...,  0.      ,  0.      ,
           0.      ],
         [ 0.      ,  0.      ,  0.      , ...,  0.      ,  0.      ,
           0.      ],
         ...,
         [ 0.      ,  0.      ,  0.      , ...,  0.      ,  0.      ,
           0.      ],
         [ 0.      ,  0.      ,  0.      , ...,  0.      ,  0.      ,
           0.      ],
         [ 0.      ,  0.      ,  0.      , ...,  0.      ,  0.      ,
           0.      ]],

        [[ 0.      ,  0.      ,  0.      , ...,  0.      ,  0.      ,
           0.      ],
         [ 0.      ,  0.      ,  0.      , ...,  0.      ,  0.      ,
           0.      ],
         [ 0.      ,  0.      ,  0.      , ...,  0.      ,  0.      ,
           0.      ],
...
         [ 0.      ,  0.      ,  0.      , ...,  0.      ,  0.      ,
           0.      ],
         [ 0.      ,  0.      ,  0.      , ...,  0.      ,  0.      ,
           0.      ],
         [ 0.      ,  0.      ,  0.      , ...,  0.      ,  0.      ,
           0.      ]],

        [[56.9375  , 61.45312 , 56.4375  , ...,  0.      ,  0.      ,
           0.      ],
         [46.75    , 52.281246, 57.6875  , ...,  0.      ,  0.      ,
           0.      ],
         [33.5625  , 43.98437 , 51.703125, ...,  0.      ,  0.      ,
           0.      ],
         ...,
         [ 0.      ,  0.      ,  0.      , ...,  0.      ,  0.      ,
           0.      ],
         [ 0.      ,  0.      ,  0.      , ...,  0.      ,  0.      ,
           0.      ],
         [ 0.      ,  0.      ,  0.      , ...,  0.      ,  0.      ,
           0.      ]]]], dtype=float32)
Coordinates:
    lon      (n_samples, lat_dim, lon_dim) float32 -103.1 -103.0 ... -96.62
    lat      (n_samples, lat_dim, lon_dim) float32 33.56 33.56 ... 36.82 36.82
Dimensions without coordinates: n_samples, ne, lat_dim, lon_dim
Attributes:
    long_name:      Composite Reflectivity
    units:          dBZ
    level:          Z0
    init_time:      20200507_183000
    valid_time:     20200507_190000
    init_time_ut:   1588894200
    valid_time_ut:  1588896000, <xarray.DataArray 'comp_dz' (n_samples: 108, ne: 18, lat_dim: 128, lon_dim: 128)>
array([[[[20.359375 , 24.890623 , 30.875    , ...,  0.       ,
           0.       ,  0.       ],
         [19.40625  , 23.374998 , 28.703125 , ...,  0.       ,
           0.       ,  0.       ],
         [20.789062 , 20.78906  , 26.734375 , ...,  0.       ,
           0.       ,  0.       ],
         ...,
         [ 0.       ,  0.       ,  0.       , ...,  0.       ,
           0.       ,  0.       ],
         [ 0.       ,  0.       ,  0.       , ...,  0.       ,
           0.       ,  0.       ],
         [ 0.       ,  0.       ,  0.       , ...,  0.       ,
           0.       ,  0.       ]],

        [[26.210938 , 33.67187  , 40.0625   , ...,  0.       ,
           0.       ,  0.       ],
         [30.8125   , 38.04687  , 45.453125 , ...,  0.       ,
           0.       ,  0.       ],
         [37.328125 , 44.062496 , 50.21875  , ...,  0.       ,
           0.       ,  0.       ],
...
         [ 0.       ,  0.       ,  0.       , ..., 46.812496 ,
          44.6875   , 40.593746 ],
         [ 0.       ,  0.       ,  0.       , ..., 49.187496 ,
          48.703125 , 46.218746 ],
         [ 0.       ,  0.       ,  0.       , ..., 47.54687  ,
          48.453125 , 48.093746 ]],

        [[ 0.       ,  0.       ,  0.       , ...,  0.       ,
           0.       ,  0.       ],
         [ 0.       ,  0.       ,  0.       , ...,  0.       ,
           0.       ,  0.       ],
         [ 0.       ,  0.       ,  0.       , ...,  0.       ,
           0.       ,  0.       ],
         ...,
         [ 0.       ,  0.       ,  0.       , ..., 44.57812  ,
          43.265625 , 41.51562  ],
         [ 0.       ,  0.       ,  0.       , ..., 45.32812  ,
          45.09375  , 44.73437  ],
         [ 0.       ,  0.       ,  0.       , ..., 43.67187  ,
          44.59375  , 45.374996 ]]]], dtype=float32)
Coordinates:
    lon      (n_samples, lat_dim, lon_dim) float32 -101.0 -100.9 ... -94.9
    lat      (n_samples, lat_dim, lon_dim) float32 33.39 33.39 ... 35.92 35.91
Dimensions without coordinates: n_samples, ne, lat_dim, lon_dim
Attributes:
    long_name:      Composite Reflectivity
    units:          dBZ
    level:          Z0
    init_time:      20200513_003000
    valid_time:     20200514_010000
    init_time_ut:   1589347800
    valid_time_ut:  1589436000, <xarray.DataArray 'comp_dz' (n_samples: 100, ne: 18, lat_dim: 128, lon_dim: 128)>
array([[[[0.00000000e+00, 0.00000000e+00, 0.00000000e+00, ...,
          0.00000000e+00, 0.00000000e+00, 0.00000000e+00],
         [0.00000000e+00, 0.00000000e+00, 0.00000000e+00, ...,
          0.00000000e+00, 0.00000000e+00, 0.00000000e+00],
         [0.00000000e+00, 0.00000000e+00, 0.00000000e+00, ...,
          0.00000000e+00, 0.00000000e+00, 0.00000000e+00],
         ...,
         [0.00000000e+00, 0.00000000e+00, 0.00000000e+00, ...,
          0.00000000e+00, 0.00000000e+00, 0.00000000e+00],
         [0.00000000e+00, 0.00000000e+00, 0.00000000e+00, ...,
          0.00000000e+00, 0.00000000e+00, 0.00000000e+00],
         [0.00000000e+00, 0.00000000e+00, 0.00000000e+00, ...,
          0.00000000e+00, 0.00000000e+00, 0.00000000e+00]],

        [[0.00000000e+00, 0.00000000e+00, 0.00000000e+00, ...,
          0.00000000e+00, 0.00000000e+00, 0.00000000e+00],
         [0.00000000e+00, 0.00000000e+00, 0.00000000e+00, ...,
          3.38281226e+00, 0.00000000e+00, 0.00000000e+00],
         [0.00000000e+00, 0.00000000e+00, 0.00000000e+00, ...,
          2.89687481e+01, 1.76875000e+01, 5.15624952e+00],
...
          0.00000000e+00, 0.00000000e+00, 0.00000000e+00],
         [1.14257812e+01, 1.49921865e+01, 1.92187500e+01, ...,
          0.00000000e+00, 0.00000000e+00, 0.00000000e+00],
         [1.11406250e+01, 1.45937490e+01, 1.83828125e+01, ...,
          0.00000000e+00, 0.00000000e+00, 0.00000000e+00]],

        [[3.18593750e+01, 2.76953106e+01, 2.06328125e+01, ...,
          0.00000000e+00, 0.00000000e+00, 0.00000000e+00],
         [4.35000000e+01, 3.61874962e+01, 2.63828125e+01, ...,
          0.00000000e+00, 0.00000000e+00, 0.00000000e+00],
         [4.64531250e+01, 3.72031212e+01, 2.73593750e+01, ...,
          0.00000000e+00, 0.00000000e+00, 0.00000000e+00],
         ...,
         [9.17236328e-01, 2.88671851e+00, 1.23671875e+01, ...,
          0.00000000e+00, 0.00000000e+00, 0.00000000e+00],
         [0.00000000e+00, 3.86328101e+00, 1.04648438e+01, ...,
          0.00000000e+00, 0.00000000e+00, 0.00000000e+00],
         [5.55175781e-01, 5.36523390e+00, 9.05859375e+00, ...,
          0.00000000e+00, 0.00000000e+00, 0.00000000e+00]]]],
      dtype=float32)
Coordinates:
    lon      (n_samples, lat_dim, lon_dim) float32 -99.15 -99.12 ... -79.46
    lat      (n_samples, lat_dim, lon_dim) float32 29.03 29.03 ... 40.46 40.46
Dimensions without coordinates: n_samples, ne, lat_dim, lon_dim
Attributes:
    long_name:      Composite Reflectivity
    units:          dBZ
    level:          Z0
    init_time:      20200515_173000
    valid_time:     20200515_180000
    init_time_ut:   1589581800
    valid_time_ut:  1589583600, <xarray.DataArray 'comp_dz' (n_samples: 104, ne: 18, lat_dim: 128, lon_dim: 128)>
array([[[[ 7.2285156 , 13.812499  , 15.4140625 , ...,  0.        ,
           0.        ,  0.        ],
         [14.6015625 , 21.890623  , 23.65625   , ...,  0.        ,
           0.        ,  0.        ],
         [22.882812  , 30.359373  , 31.804688  , ...,  0.        ,
           0.        ,  0.        ],
         ...,
         [36.90625   , 28.53906   , 25.09375   , ...,  0.        ,
           0.        ,  0.        ],
         [41.953125  , 27.53906   , 21.554688  , ...,  0.        ,
           0.        ,  0.        ],
         [45.546875  , 29.78906   , 21.820312  , ...,  0.        ,
           0.        ,  0.        ]],

        [[ 0.        ,  0.        ,  0.        , ...,  0.        ,
           0.        ,  0.        ],
         [ 0.        ,  0.        ,  0.        , ...,  0.55053705,
           1.1943359 ,  0.        ],
         [ 0.        ,  0.        ,  0.        , ...,  0.        ,
           2.9033203 ,  1.6699218 ],
...
         [ 0.        , 19.63281   , 22.148438  , ...,  0.        ,
           0.        ,  0.        ],
         [ 0.        , 20.60156   , 22.515625  , ...,  0.        ,
           0.        ,  0.        ],
         [ 0.        , 20.44531   , 22.03125   , ...,  0.        ,
           0.        ,  0.        ]],

        [[ 0.        ,  0.        ,  0.        , ...,  5.27539   ,
           5.7753906 ,  8.281249  ],
         [ 0.        ,  0.        ,  0.        , ...,  0.        ,
           1.6674805 ,  4.568359  ],
         [ 0.        ,  0.        ,  0.        , ...,  0.        ,
           0.        ,  0.5080566 ],
         ...,
         [ 0.        ,  0.        ,  9.394531  , ...,  0.82934564,
           1.328125  ,  1.8388671 ],
         [ 0.        ,  0.        ,  9.984375  , ...,  0.        ,
           0.        ,  0.        ],
         [ 0.        ,  0.        , 10.765625  , ...,  0.        ,
           0.        ,  0.        ]]]], dtype=float32)
Coordinates:
    lon      (n_samples, lat_dim, lon_dim) float32 -84.06 -84.03 ... -104.6
    lat      (n_samples, lat_dim, lon_dim) float32 37.0 37.0 ... 46.97 46.97
Dimensions without coordinates: n_samples, ne, lat_dim, lon_dim
Attributes:
    long_name:      Composite Reflectivity
    units:          dBZ
    level:          Z0
    init_time:      20200518_210000
    valid_time:     20200518_213000
    init_time_ut:   1589853600
    valid_time_ut:  1589855400, <xarray.DataArray 'comp_dz' (n_samples: 108, ne: 18, lat_dim: 128, lon_dim: 128)>
array([[[[13.113281  , 15.05078   , 21.625     , ...,  0.        ,
           0.        ,  0.        ],
         [13.3203125 , 16.359373  , 21.492188  , ...,  0.        ,
           0.        ,  0.        ],
         [13.378906  , 18.031248  , 21.0625    , ...,  0.        ,
           0.        ,  0.        ],
         ...,
         [16.875     , 16.804686  , 17.007812  , ...,  0.        ,
           0.        ,  0.        ],
         [15.277344  , 15.398437  , 15.238281  , ...,  0.        ,
           0.        ,  0.        ],
         [13.765625  , 13.30078   , 13.332031  , ...,  0.        ,
           0.        ,  0.        ]],

        [[21.367188  , 27.53906   , 24.242188  , ...,  0.        ,
           0.        ,  0.        ],
         [21.140625  , 27.187498  , 24.007812  , ...,  0.        ,
           0.        ,  0.        ],
         [21.007812  , 26.19531   , 23.476562  , ...,  0.        ,
           0.        ,  0.        ],
...
         [ 0.        ,  0.        ,  0.        , ...,  0.        ,
           0.        ,  0.        ],
         [ 0.        ,  0.        ,  0.        , ...,  0.        ,
           0.        ,  0.        ],
         [ 0.        ,  0.        ,  0.        , ...,  0.        ,
           0.        ,  0.        ]],

        [[ 0.        ,  0.        ,  0.        , ...,  0.        ,
           0.        ,  0.        ],
         [ 0.        ,  0.        ,  0.        , ...,  0.        ,
           0.        ,  0.        ],
         [ 0.        ,  0.        ,  0.        , ...,  0.        ,
           0.        ,  0.        ],
         ...,
         [ 0.        ,  0.        ,  0.        , ...,  0.        ,
           0.        ,  0.        ],
         [ 0.        ,  0.        ,  0.        , ...,  0.        ,
           0.        ,  0.        ],
         [ 0.        ,  0.        ,  0.        , ...,  0.        ,
           0.        ,  0.        ]]]], dtype=float32)
Coordinates:
    lon      (n_samples, lat_dim, lon_dim) float32 -104.5 -104.5 ... -101.2
    lat      (n_samples, lat_dim, lon_dim) float32 43.42 43.42 ... 36.44 36.44
Dimensions without coordinates: n_samples, ne, lat_dim, lon_dim
Attributes:
    long_name:      Composite Reflectivity
    units:          dBZ
    level:          Z0
    init_time:      20200520_010000
    valid_time:     20200521_013000
    init_time_ut:   1589954400
    valid_time_ut:  1590042600, <xarray.DataArray 'comp_dz' (n_samples: 108, ne: 18, lat_dim: 128, lon_dim: 128)>
array([[[[ 0.       ,  0.       ,  0.       , ...,  0.       ,
           0.       ,  0.       ],
         [ 0.       ,  0.       ,  0.       , ...,  0.       ,
           0.       ,  0.       ],
         [ 0.       ,  0.       ,  0.       , ...,  0.       ,
           0.       ,  0.       ],
         ...,
         [ 0.       ,  0.       ,  0.       , ...,  0.       ,
           0.       ,  0.       ],
         [ 0.       ,  0.       ,  0.       , ...,  0.       ,
           0.       ,  0.       ],
         [ 0.       ,  0.       ,  0.       , ...,  0.       ,
           0.       ,  0.       ]],

        [[ 0.       ,  0.       ,  0.       , ...,  0.       ,
           0.       ,  0.       ],
         [ 0.       , 34.218746 , 42.1875   , ...,  0.       ,
           0.       ,  0.       ],
         [ 0.       , 31.249998 , 40.734375 , ...,  0.       ,
           0.       ,  0.       ],
...
         [ 0.       ,  0.       ,  0.       , ...,  0.       ,
           0.       ,  0.       ],
         [ 0.       ,  0.       ,  0.       , ...,  0.       ,
           0.       ,  0.       ],
         [ 0.       ,  0.       ,  0.       , ...,  0.       ,
           0.       ,  0.       ]],

        [[ 8.703125 ,  8.949218 ,  8.089844 , ...,  9.937499 ,
          10.2421875, 10.67578  ],
         [ 8.03125  ,  8.121093 ,  7.4746094, ...,  8.156249 ,
           8.246094 ,  8.45703  ],
         [ 7.1210938,  7.664062 ,  6.908203 , ...,  6.5800776,
           6.4589844,  7.0429683],
         ...,
         [ 0.       ,  0.       ,  0.       , ...,  0.       ,
           0.       ,  0.       ],
         [ 0.       ,  0.       ,  0.       , ...,  0.       ,
           0.       ,  0.       ],
         [ 0.       ,  0.       ,  0.       , ...,  0.       ,
           0.       ,  0.       ]]]], dtype=float32)
Coordinates:
    lon      (n_samples, lat_dim, lon_dim) float32 -101.1 -101.0 ... -94.74
    lat      (n_samples, lat_dim, lon_dim) float32 30.57 30.57 ... 34.0 34.0
Dimensions without coordinates: n_samples, ne, lat_dim, lon_dim
Attributes:
    long_name:      Composite Reflectivity
    units:          dBZ
    level:          Z0
    init_time:      20200522_213000
    valid_time:     20200522_220000
    init_time_ut:   1590201000
    valid_time_ut:  1590202800, <xarray.DataArray 'comp_dz' (n_samples: 104, ne: 18, lat_dim: 128, lon_dim: 128)>
array([[[[ 0.        ,  0.        ,  0.        , ...,  0.        ,
           0.        ,  0.        ],
         [ 0.        ,  0.        ,  0.        , ...,  0.        ,
           0.        ,  0.        ],
         [ 0.        ,  0.        ,  0.        , ...,  0.        ,
           0.        ,  0.        ],
         ...,
         [ 0.        ,  0.        ,  0.        , ...,  0.        ,
           0.        ,  0.        ],
         [ 0.        ,  0.        ,  0.        , ...,  0.        ,
           0.        ,  0.        ],
         [ 0.        ,  0.        ,  0.        , ...,  0.        ,
           0.        ,  0.        ]],

        [[ 0.        ,  0.        ,  0.        , ...,  0.        ,
           0.        ,  0.        ],
         [ 0.        ,  0.        ,  0.        , ...,  0.        ,
           0.        ,  0.        ],
         [ 0.        ,  0.        ,  0.        , ...,  0.        ,
           0.        ,  0.        ],
...
         [ 0.        ,  0.        ,  0.        , ...,  0.        ,
           0.        ,  0.        ],
         [ 0.        ,  0.        ,  0.        , ...,  0.        ,
           0.        ,  0.        ],
         [ 0.        ,  0.        ,  0.        , ...,  0.        ,
           0.        ,  0.        ]],

        [[ 0.        ,  0.        ,  0.        , ...,  0.        ,
           0.        ,  0.        ],
         [ 0.        ,  0.        ,  0.        , ...,  0.        ,
           0.        ,  0.        ],
         [ 0.        ,  0.        ,  0.        , ...,  0.        ,
           0.        ,  0.        ],
         ...,
         [ 0.        ,  0.        ,  0.        , ...,  0.        ,
           0.        ,  0.        ],
         [ 0.        ,  0.        ,  0.        , ...,  0.        ,
           0.        ,  0.        ],
         [ 0.        ,  0.        ,  0.        , ...,  0.        ,
           0.        ,  0.        ]]]], dtype=float32)
Coordinates:
    lon      (n_samples, lat_dim, lon_dim) float32 -102.7 -102.7 ... -100.7
    lat      (n_samples, lat_dim, lon_dim) float32 27.06 27.06 ... 29.34 29.34
Dimensions without coordinates: n_samples, ne, lat_dim, lon_dim
Attributes:
    long_name:      Composite Reflectivity
    units:          dBZ
    level:          Z0
    init_time:      20200527_013000
    valid_time:     20200528_020000
    init_time_ut:   1590561000
    valid_time_ut:  1590649200, <xarray.DataArray 'comp_dz' (n_samples: 108, ne: 18, lat_dim: 128, lon_dim: 128)>
array([[[[ 0.        ,  0.        ,  0.        , ...,  0.        ,
           0.        ,  0.        ],
         [ 0.        ,  0.        ,  0.        , ...,  0.        ,
           0.        ,  0.        ],
         [ 0.        ,  0.        ,  0.        , ...,  0.        ,
           0.        ,  0.        ],
         ...,
         [ 0.        ,  0.        ,  0.        , ...,  0.        ,
           0.        ,  0.        ],
         [ 0.        ,  0.        ,  0.        , ...,  0.        ,
           0.        ,  0.        ],
         [ 0.        ,  0.        ,  0.        , ...,  0.        ,
           0.        ,  0.        ]],

        [[ 0.        ,  0.        ,  0.        , ...,  0.        ,
           0.        ,  0.        ],
         [ 0.        ,  0.        ,  0.        , ...,  0.        ,
           0.        ,  0.        ],
         [ 0.        ,  0.        ,  0.        , ...,  0.        ,
           0.        ,  0.        ],
...
         [25.984375  , 26.999998  , 29.34375   , ..., 18.156248  ,
          24.9375    , 32.04687   ],
         [25.195312  , 25.25781   , 26.101562  , ..., 15.429687  ,
          20.8125    , 27.328123  ],
         [24.414062  , 24.13281   , 24.375     , ..., 14.601562  ,
          17.617188  , 22.117186  ]],

        [[ 0.        ,  0.        ,  0.        , ...,  0.        ,
           0.        ,  0.        ],
         [ 0.        ,  0.        ,  0.        , ...,  0.        ,
           0.        ,  0.        ],
         [ 0.        ,  0.        ,  0.        , ...,  0.        ,
           0.        ,  0.        ],
         ...,
         [28.078125  , 29.992186  , 33.296875  , ..., 20.13281   ,
          24.085938  , 27.249998  ],
         [27.015625  , 28.898436  , 31.867188  , ..., 17.19531   ,
          19.710938  , 22.312498  ],
         [25.835938  , 27.562498  , 30.585938  , ..., 15.171874  ,
          16.273438  , 17.960936  ]]]], dtype=float32)
Coordinates:
    lon      (n_samples, lat_dim, lon_dim) float32 -104.6 -104.6 ... -73.77
    lat      (n_samples, lat_dim, lon_dim) float32 29.25 29.26 ... 43.72 43.72
Dimensions without coordinates: n_samples, ne, lat_dim, lon_dim
Attributes:
    long_name:      Composite Reflectivity
    units:          dBZ
    level:          Z0
    init_time:      20200528_183000
    valid_time:     20200528_190000
    init_time_ut:   1590708600
    valid_time_ut:  1590710400, <xarray.DataArray 'comp_dz' (n_samples: 100, ne: 18, lat_dim: 128, lon_dim: 128)>
array([[[[ 0.        ,  0.        ,  0.        , ...,  6.503906  ,
          11.097656  , 10.968749  ],
         [ 0.        ,  0.        ,  2.0810547 , ...,  7.8124995 ,
           5.7226562 ,  4.5585933 ],
         [ 0.        ,  0.        ,  0.        , ...,  9.58203   ,
           1.7329102 ,  0.        ],
         ...,
         [ 0.        ,  0.        ,  0.        , ..., 22.50781   ,
          24.039062  , 24.953123  ],
         [ 0.        ,  0.        ,  0.        , ..., 22.421873  ,
          24.203125  , 24.960936  ],
         [ 0.        ,  0.        ,  0.        , ..., 23.484373  ,
          24.828125  , 25.374998  ]],

        [[ 0.        ,  0.        ,  0.        , ..., 24.57031   ,
          20.140625  , 16.69531   ],
         [ 0.        ,  0.        ,  0.        , ..., 19.492186  ,
          12.878906  ,  8.460937  ],
         [ 0.        ,  0.        ,  0.        , ..., 16.234373  ,
           8.527344  ,  2.720703  ],
...
         [ 0.        ,  0.        ,  0.        , ...,  0.        ,
           0.        ,  0.        ],
         [ 0.        ,  0.        ,  0.        , ...,  0.        ,
           0.        ,  0.        ],
         [ 0.        ,  0.        ,  0.        , ...,  0.        ,
           0.        ,  0.        ]],

        [[ 0.        ,  0.        ,  0.        , ...,  0.        ,
           0.        ,  0.        ],
         [ 0.        ,  0.        ,  0.        , ...,  0.        ,
           0.        ,  0.        ],
         [ 0.        ,  0.        ,  0.        , ...,  0.        ,
           0.        ,  0.        ],
         ...,
         [ 0.        ,  0.        ,  0.        , ...,  0.        ,
           0.        ,  0.        ],
         [ 0.        ,  0.        ,  0.        , ...,  0.        ,
           1.6313477 ,  0.8374023 ],
         [ 0.        ,  0.        ,  0.        , ...,  0.        ,
           0.        ,  0.        ]]]], dtype=float32)
Coordinates:
    lon      (n_samples, lat_dim, lon_dim) float32 -83.29 -83.26 ... -80.12
    lat      (n_samples, lat_dim, lon_dim) float32 40.11 40.11 ... 38.47 38.47
Dimensions without coordinates: n_samples, ne, lat_dim, lon_dim
Attributes:
    long_name:      Composite Reflectivity
    units:          dBZ
    level:          Z0
    init_time:      20200529_220000
    valid_time:     20200529_223000
    init_time_ut:   1590807600
    valid_time_ut:  1590809400, <xarray.DataArray 'comp_dz' (n_samples: 104, ne: 18, lat_dim: 128, lon_dim: 128)>
array([[[[ 0.        ,  0.        ,  0.        , ...,  0.        ,
           0.        ,  0.        ],
         [ 0.        ,  0.        ,  0.        , ...,  0.        ,
           0.        ,  0.        ],
         [ 0.        ,  0.        ,  0.        , ...,  0.        ,
           0.        ,  0.        ],
         ...,
         [ 0.        ,  0.        ,  0.        , ...,  0.        ,
           0.        ,  0.        ],
         [ 0.        ,  0.        ,  0.        , ...,  0.        ,
           0.        ,  0.        ],
         [ 0.        ,  0.        ,  0.        , ...,  0.        ,
           0.        ,  0.        ]],

        [[ 0.        ,  0.        ,  0.        , ...,  0.        ,
           0.        ,  0.        ],
         [ 0.        ,  0.        ,  0.        , ...,  0.        ,
           1.9414062 ,  2.4296873 ],
         [ 0.        ,  0.        ,  0.        , ...,  0.        ,
           0.        ,  2.4755857 ],
...
         [ 0.        ,  0.        ,  0.        , ...,  0.        ,
           0.        ,  0.        ],
         [ 0.        ,  0.        ,  0.        , ...,  0.        ,
           0.        ,  0.        ],
         [ 0.        ,  0.        ,  0.        , ...,  0.        ,
           0.        ,  0.        ]],

        [[ 0.        ,  0.        ,  0.        , ...,  0.        ,
           0.        ,  0.        ],
         [ 0.        ,  0.        ,  0.        , ...,  0.        ,
           0.        ,  0.        ],
         [ 0.        ,  0.        ,  0.        , ...,  0.        ,
           0.        ,  0.        ],
         ...,
         [ 0.        ,  0.        ,  0.        , ...,  0.        ,
           0.        ,  0.        ],
         [ 0.        ,  0.        ,  0.        , ...,  0.        ,
           0.        ,  0.        ],
         [ 0.        ,  0.        ,  0.        , ...,  0.        ,
           0.        ,  0.        ]]]], dtype=float32)
Coordinates:
    lon      (n_samples, lat_dim, lon_dim) float32 -84.33 -84.29 ... -96.35
    lat      (n_samples, lat_dim, lon_dim) float32 34.84 34.84 ... 33.77 33.77
Dimensions without coordinates: n_samples, ne, lat_dim, lon_dim
Attributes:
    long_name:      Composite Reflectivity
    units:          dBZ
    level:          Z0
    init_time:      20200616_200000
    valid_time:     20200616_203000
    init_time_ut:   1592355600
    valid_time_ut:  1592357400, <xarray.DataArray 'comp_dz' (n_samples: 108, ne: 18, lat_dim: 128, lon_dim: 128)>
array([[[[ 0.        ,  0.        ,  0.        , ...,  0.        ,
           0.        ,  0.        ],
         [ 0.        ,  0.        ,  0.        , ...,  0.        ,
           0.        ,  0.        ],
         [ 2.3613281 ,  1.8637694 ,  1.2939453 , ...,  0.        ,
           0.        ,  0.        ],
         ...,
         [ 0.        ,  0.        ,  0.        , ...,  0.        ,
           0.        ,  0.        ],
         [ 0.        ,  0.        ,  0.        , ...,  0.        ,
           0.        ,  0.        ],
         [ 0.        ,  0.        ,  0.        , ...,  0.        ,
           0.        ,  0.        ]],

        [[ 0.        ,  0.        ,  0.        , ...,  0.        ,
           0.        ,  0.        ],
         [ 0.        ,  0.        ,  0.        , ...,  0.        ,
           0.        ,  0.        ],
         [ 0.        ,  0.        ,  0.        , ...,  0.        ,
           0.        ,  0.        ],
...
         [ 0.        ,  0.        ,  0.        , ...,  0.        ,
           0.        ,  0.        ],
         [ 0.        ,  0.        ,  0.        , ...,  0.        ,
           0.        ,  0.        ],
         [ 0.        ,  0.        ,  0.        , ...,  0.        ,
           0.        ,  0.        ]],

        [[29.960938  , 28.843748  , 27.992188  , ...,  0.        ,
           0.        ,  0.        ],
         [27.242188  , 26.249998  , 25.429688  , ...,  0.        ,
           0.        ,  0.        ],
         [26.984375  , 26.41406   , 25.367188  , ...,  0.06652831,
           0.        ,  0.        ],
         ...,
         [ 0.        ,  0.        ,  0.        , ...,  0.        ,
           0.        ,  0.        ],
         [ 0.        ,  0.        ,  0.        , ...,  0.        ,
           0.        ,  0.        ],
         [ 0.        ,  0.        ,  0.        , ...,  0.        ,
           0.        ,  0.        ]]]], dtype=float32)
Coordinates:
    lon      (n_samples, lat_dim, lon_dim) float32 -96.28 -96.25 ... -83.61
    lat      (n_samples, lat_dim, lon_dim) float32 30.32 30.32 ... 44.65 44.65
Dimensions without coordinates: n_samples, ne, lat_dim, lon_dim
Attributes:
    long_name:      Composite Reflectivity
    units:          dBZ
    level:          Z0
    init_time:      20200622_180000
    valid_time:     20200622_183000
    init_time_ut:   1592866800
    valid_time_ut:  1592868600, <xarray.DataArray 'comp_dz' (n_samples: 108, ne: 18, lat_dim: 128, lon_dim: 128)>
array([[[[ 0.        ,  0.        ,  0.        , ..., 22.437498  ,
          17.773438  , 14.124999  ],
         [ 0.        ,  0.        ,  0.        , ..., 17.640623  ,
          13.7421875 ,  9.941405  ],
         [ 0.        ,  0.        ,  0.        , ..., 11.511718  ,
           9.3984375 ,  7.6718745 ],
         ...,
         [ 0.        ,  0.        ,  0.        , ...,  0.        ,
           0.        ,  0.        ],
         [ 0.        ,  0.        ,  0.        , ...,  0.        ,
           0.        ,  0.        ],
         [ 0.        ,  0.        ,  0.        , ...,  0.        ,
           0.        ,  0.        ]],

        [[ 0.        ,  0.        ,  0.        , ..., 15.628905  ,
          16.085938  , 18.804686  ],
         [ 0.        ,  0.        ,  0.        , ..., 10.882812  ,
          12.722656  , 15.324218  ],
         [ 0.        ,  0.        ,  0.        , ...,  8.30078   ,
          10.746094  , 13.23828   ],
...
         [ 0.        ,  0.        ,  0.        , ...,  0.        ,
           0.        ,  0.        ],
         [ 0.        ,  0.        ,  0.        , ...,  0.        ,
           0.        ,  0.        ],
         [ 0.        ,  0.        ,  0.        , ...,  0.        ,
           0.        ,  0.        ]],

        [[ 0.        ,  0.        ,  0.        , ...,  0.        ,
           0.        ,  0.        ],
         [ 0.        ,  0.        ,  0.        , ...,  0.        ,
           0.        ,  0.        ],
         [ 0.        ,  0.        ,  0.        , ...,  0.        ,
           0.        ,  0.        ],
         ...,
         [ 0.        ,  0.        ,  0.        , ...,  0.        ,
           0.        ,  0.        ],
         [ 0.        ,  0.        ,  0.        , ...,  0.        ,
           0.        ,  0.        ],
         [ 0.        ,  0.        ,  0.        , ...,  0.        ,
           0.        ,  0.        ]]]], dtype=float32)
Coordinates:
    lon      (n_samples, lat_dim, lon_dim) float32 -93.29 -93.25 ... -91.49
    lat      (n_samples, lat_dim, lon_dim) float32 41.04 41.04 ... 41.6 41.6
Dimensions without coordinates: n_samples, ne, lat_dim, lon_dim
Attributes:
    long_name:      Composite Reflectivity
    units:          dBZ
    level:          Z0
    init_time:      20200626_050000
    valid_time:     20200627_053000
    init_time_ut:   1593165600
    valid_time_ut:  1593253800, <xarray.DataArray 'comp_dz' (n_samples: 48, ne: 18, lat_dim: 128, lon_dim: 128)>
array([[[[0.0000000e+00, 0.0000000e+00, 0.0000000e+00, ...,
          0.0000000e+00, 0.0000000e+00, 0.0000000e+00],
         [0.0000000e+00, 0.0000000e+00, 0.0000000e+00, ...,
          0.0000000e+00, 0.0000000e+00, 0.0000000e+00],
         [0.0000000e+00, 0.0000000e+00, 0.0000000e+00, ...,
          0.0000000e+00, 0.0000000e+00, 0.0000000e+00],
         ...,
         [0.0000000e+00, 0.0000000e+00, 0.0000000e+00, ...,
          0.0000000e+00, 0.0000000e+00, 0.0000000e+00],
         [0.0000000e+00, 0.0000000e+00, 0.0000000e+00, ...,
          0.0000000e+00, 0.0000000e+00, 0.0000000e+00],
         [0.0000000e+00, 0.0000000e+00, 0.0000000e+00, ...,
          0.0000000e+00, 0.0000000e+00, 0.0000000e+00]],

        [[0.0000000e+00, 0.0000000e+00, 0.0000000e+00, ...,
          0.0000000e+00, 0.0000000e+00, 0.0000000e+00],
         [0.0000000e+00, 0.0000000e+00, 0.0000000e+00, ...,
          0.0000000e+00, 0.0000000e+00, 0.0000000e+00],
         [0.0000000e+00, 0.0000000e+00, 0.0000000e+00, ...,
          0.0000000e+00, 0.0000000e+00, 0.0000000e+00],
...
         [2.8617188e+01, 2.8734373e+01, 2.8890625e+01, ...,
          0.0000000e+00, 0.0000000e+00, 0.0000000e+00],
         [2.8976562e+01, 2.8703123e+01, 2.8570312e+01, ...,
          0.0000000e+00, 0.0000000e+00, 0.0000000e+00],
         [2.9367188e+01, 2.8968748e+01, 2.8460938e+01, ...,
          0.0000000e+00, 0.0000000e+00, 0.0000000e+00]],

        [[0.0000000e+00, 0.0000000e+00, 0.0000000e+00, ...,
          0.0000000e+00, 0.0000000e+00, 0.0000000e+00],
         [0.0000000e+00, 0.0000000e+00, 0.0000000e+00, ...,
          0.0000000e+00, 0.0000000e+00, 0.0000000e+00],
         [0.0000000e+00, 0.0000000e+00, 0.0000000e+00, ...,
          0.0000000e+00, 0.0000000e+00, 0.0000000e+00],
         ...,
         [2.6812500e+01, 2.7148436e+01, 2.7546875e+01, ...,
          0.0000000e+00, 0.0000000e+00, 0.0000000e+00],
         [2.5742188e+01, 2.5976561e+01, 2.6117188e+01, ...,
          0.0000000e+00, 0.0000000e+00, 0.0000000e+00],
         [2.4062500e+01, 2.4078123e+01, 2.4250000e+01, ...,
          0.0000000e+00, 0.0000000e+00, 0.0000000e+00]]]], dtype=float32)
Coordinates:
    lon      (n_samples, lat_dim, lon_dim) float32 -95.9 -95.87 ... -70.78
    lat      (n_samples, lat_dim, lon_dim) float32 37.94 37.94 ... 43.15 43.15
Dimensions without coordinates: n_samples, ne, lat_dim, lon_dim
Attributes:
    long_name:      Composite Reflectivity
    units:          dBZ
    level:          Z0
    init_time:      20200630_040000
    valid_time:     20200701_043000
    init_time_ut:   1593507600
    valid_time_ut:  1593595800]) to Variable.
slurmstepd: error: acct_gather_profile/influxdb _send_data: curl_easy_perform failed to send data (discarded). Reason: Couldn't resolve host name
