Loaded :  /ourdisk/hpc/ai2es/chadwiley/patches/data_30_NEW/training/examples/2017-2018/0000.nc
Loaded :  /ourdisk/hpc/ai2es/chadwiley/patches/data_30_NEW/training/examples/2017-2018/0001.nc
Loaded :  /ourdisk/hpc/ai2es/chadwiley/patches/data_30_NEW/training/examples/2017-2018/0002.nc
Loaded :  /ourdisk/hpc/ai2es/chadwiley/patches/data_30_NEW/training/examples/2017-2018/0003.nc
Loaded :  /ourdisk/hpc/ai2es/chadwiley/patches/data_30_NEW/training/examples/2017-2018/0004.nc
Loaded :  /ourdisk/hpc/ai2es/chadwiley/patches/data_30_NEW/training/examples/2017-2018/0005.nc
Loaded :  /ourdisk/hpc/ai2es/chadwiley/patches/data_30_NEW/training/examples/2017-2018/0006.nc
Loaded :  /ourdisk/hpc/ai2es/chadwiley/patches/data_30_NEW/training/examples/2017-2018/0007.nc
Loaded :  /ourdisk/hpc/ai2es/chadwiley/patches/data_30_NEW/training/examples/2017-2018/0008.nc
Loaded :  /ourdisk/hpc/ai2es/chadwiley/patches/data_30_NEW/training/examples/2017-2018/0009.nc
Loaded :  /ourdisk/hpc/ai2es/chadwiley/patches/data_30_NEW/training/examples/2017-2018/0010.nc
Loaded :  /ourdisk/hpc/ai2es/chadwiley/patches/data_30_NEW/training/examples/2017-2018/0011.nc
Loaded :  /ourdisk/hpc/ai2es/chadwiley/patches/data_30_NEW/training/examples/2017-2018/0012.nc
Loaded :  /ourdisk/hpc/ai2es/chadwiley/patches/data_30_NEW/training/examples/2017-2018/0013.nc
Loaded :  /ourdisk/hpc/ai2es/chadwiley/patches/data_30_NEW/training/examples/2017-2018/0014.nc
Loaded :  /ourdisk/hpc/ai2es/chadwiley/patches/data_30_NEW/training/examples/2017-2018/0015.nc
Loaded :  /ourdisk/hpc/ai2es/chadwiley/patches/data_30_NEW/training/examples/2017-2018/0016.nc
Loaded :  /ourdisk/hpc/ai2es/chadwiley/patches/data_30_NEW/training/examples/2017-2018/0017.nc
Loaded :  /ourdisk/hpc/ai2es/chadwiley/patches/data_30_NEW/training/examples/2017-2018/0018.nc
Loaded :  /ourdisk/hpc/ai2es/chadwiley/patches/data_30_NEW/training/examples/2017-2018/0019.nc
Examples :  <xarray.Dataset>
Dimensions:       (n_samples: 19450, lat: 128, lon: 128)
Dimensions without coordinates: n_samples, lat, lon
Data variables: (12/14)
    comp_dz_max   (n_samples, lat, lon) float32 0.0 0.0 0.0 0.0 ... 0.0 0.0 0.0
    comp_dz_90    (n_samples, lat, lon) float64 0.0 0.0 0.0 0.0 ... 0.0 0.0 0.0
    comp_dz_avg   (n_samples, lat, lon) float32 0.0 0.0 0.0 0.0 ... 0.0 0.0 0.0
    w_up_max      (n_samples, lat, lon) float32 0.4573 0.4431 ... 0.4413 0.3021
    w_up_90       (n_samples, lat, lon) float64 0.3527 0.2576 ... 0.2495 0.2805
    w_up_avg      (n_samples, lat, lon) float32 0.2145 0.1217 ... 0.1803 0.1361
    ...            ...
    w_down_avg    (n_samples, lat, lon) float32 -0.09289 -0.2317 ... -0.2578
    cape_sfc_avg  (n_samples, lat, lon) float32 26.69 29.47 ... 369.0 455.6
    cape_ml_avg   (n_samples, lat, lon) float32 0.5426 0.7922 ... 12.88 19.14
    cin_sfc_avg   (n_samples, lat, lon) float32 -0.6516 -1.406 ... -150.7 -180.0
    cin_ml_avg    (n_samples, lat, lon) float32 0.0 0.0 0.0 ... -32.44 -31.1
    mrms          (n_samples, lat, lon) float32 -0.0 -0.0 -0.0 ... 0.0 0.0 0.0
----------------------
----------------------
----------------------
dataset is saved
