/home/chadwiley/miniconda3/envs/tf/lib/python3.10/site-packages/xarray/core/variable.py:293: VisibleDeprecationWarning: Creating an ndarray from ragged nested sequences (which is a list-or-tuple of lists-or-tuples-or ndarrays with different lengths or shapes) is deprecated. If you meant to do this, you must specify 'dtype=object' when creating the ndarray.
  data = np.asarray(data)
Traceback (most recent call last):
  File "/home/chadwiley/miniconda3/envs/tf/lib/python3.10/site-packages/xarray/core/variable.py", line 131, in as_variable
    obj = Variable(*obj)
  File "/home/chadwiley/miniconda3/envs/tf/lib/python3.10/site-packages/xarray/core/variable.py", line 367, in __init__
    self._dims = self._parse_dimensions(dims)
  File "/home/chadwiley/miniconda3/envs/tf/lib/python3.10/site-packages/xarray/core/variable.py", line 664, in _parse_dimensions
    raise ValueError(
ValueError: dimensions ('n_samples', 'ne', 'lat', 'lon') must have the same length as the number of data dimensions, ndim=1

During handling of the above exception, another exception occurred:

Traceback (most recent call last):
  File "/home/chadwiley/research/wofs_40dbz/wofs_ml/data_creator/data_2d_creator.py", line 57, in <module>
    extract_ex_data(examples_path_2021,'2021')
  File "/home/chadwiley/research/wofs_40dbz/wofs_ml/data_creator/data_2d_helper.py", line 151, in extract_ex_data
    save_comp_prob(comp_dz,year)
  File "/home/chadwiley/research/wofs_40dbz/wofs_ml/data_creator/data_2d_helper.py", line 259, in save_comp_prob
    out_ds = xr.Dataset(data_vars)
  File "/home/chadwiley/miniconda3/envs/tf/lib/python3.10/site-packages/xarray/core/dataset.py", line 604, in __init__
    variables, coord_names, dims, indexes, _ = merge_data_and_coords(
  File "/home/chadwiley/miniconda3/envs/tf/lib/python3.10/site-packages/xarray/core/merge.py", line 575, in merge_data_and_coords
    return merge_core(
  File "/home/chadwiley/miniconda3/envs/tf/lib/python3.10/site-packages/xarray/core/merge.py", line 755, in merge_core
    collected = collect_variables_and_indexes(aligned, indexes=indexes)
  File "/home/chadwiley/miniconda3/envs/tf/lib/python3.10/site-packages/xarray/core/merge.py", line 365, in collect_variables_and_indexes
    variable = as_variable(variable, name=name)
  File "/home/chadwiley/miniconda3/envs/tf/lib/python3.10/site-packages/xarray/core/variable.py", line 134, in as_variable
    raise error.__class__(
ValueError: Could not convert tuple of form (dims, data[, attrs, encoding]): (['n_samples', 'ne', 'lat', 'lon'], [<xarray.DataArray 'comp_dz' (n_samples: 68, ne: 18, lat_dim: 128, lon_dim: 128)>
array([[[[ 0.        ,  0.        ,  0.        , ...,  0.        ,
           0.        ,  0.        ],
         [ 0.        ,  0.        ,  0.        , ...,  0.        ,
           0.        ,  0.        ],
         [ 0.        ,  0.        ,  0.        , ...,  0.        ,
           0.        ,  0.        ],
         ...,
         [ 0.        ,  0.        ,  0.        , ...,  0.        ,
           0.        ,  0.        ],
         [ 0.        ,  0.        ,  0.        , ...,  0.        ,
           0.        ,  0.        ],
         [ 0.        ,  0.        ,  0.        , ...,  0.        ,
           0.        ,  0.        ]],

        [[ 0.        ,  0.        ,  0.        , ...,  0.        ,
           0.        ,  0.        ],
         [ 0.        ,  0.        ,  0.        , ...,  0.        ,
           0.        ,  0.        ],
         [ 0.        ,  0.        ,  0.        , ...,  0.        ,
           0.        ,  0.        ],
...
         [ 0.        ,  0.        ,  0.        , ...,  0.        ,
           0.        ,  0.        ],
         [ 0.        ,  0.        ,  0.        , ...,  0.        ,
           0.        ,  0.84130853],
         [ 0.        ,  0.        ,  0.        , ...,  0.        ,
           0.        ,  3.2529294 ]],

        [[ 0.        ,  0.        ,  0.        , ...,  0.        ,
           0.        ,  0.        ],
         [ 0.        ,  0.        ,  0.        , ...,  0.        ,
           0.        ,  0.        ],
         [ 0.        ,  0.        ,  0.        , ...,  0.        ,
           0.        ,  0.        ],
         ...,
         [ 0.        ,  0.        ,  0.        , ...,  1.2880858 ,
           6.0664062 ,  9.054687  ],
         [ 0.        ,  0.        ,  0.        , ...,  0.        ,
           0.        ,  1.73291   ],
         [ 0.        ,  0.        ,  0.        , ...,  0.        ,
           0.        ,  0.        ]]]], dtype=float32)
Coordinates:
    lon      (n_samples, lat_dim, lon_dim) float32 -103.5 -103.5 ... -99.76
    lat      (n_samples, lat_dim, lon_dim) float32 28.03 28.04 ... 35.07 35.07
Dimensions without coordinates: n_samples, ne, lat_dim, lon_dim
Attributes:
    long_name:      Composite Reflectivity
    units:          dBZ
    level:          Z0
    init_time:      20210427_000000
    valid_time:     20210428_003000
    init_time_ut:   1619499600
    valid_time_ut:  1619587800, <xarray.DataArray 'comp_dz' (n_samples: 68, ne: 18, lat_dim: 128, lon_dim: 128)>
array([[[[ 0.        ,  0.        ,  0.        , ..., 30.218748  ,
          29.796875  , 29.937498  ],
         [ 0.        ,  0.        ,  0.        , ..., 28.835936  ,
          28.875     , 28.937498  ],
         [ 0.        ,  0.        ,  0.        , ..., 26.874998  ,
          27.304688  , 27.578123  ],
         ...,
         [18.710938  , 18.75781   , 20.421875  , ..., 20.992186  ,
          22.046875  , 21.50781   ],
         [16.164062  , 16.25781   , 17.09375   , ..., 19.617186  ,
          19.101562  , 18.031248  ],
         [13.3046875 , 13.23828   , 14.265625  , ..., 18.304686  ,
          16.773438  , 15.042968  ]],

        [[ 0.        ,  0.        ,  0.        , ..., 27.78906   ,
          27.296875  , 25.968748  ],
         [ 0.        ,  0.        ,  0.        , ..., 23.835936  ,
          23.210938  , 22.367186  ],
         [ 0.        ,  0.        ,  0.        , ..., 19.203123  ,
          18.132812  , 17.085936  ],
...
         [ 0.        ,  0.        ,  0.        , ...,  0.        ,
           0.        ,  0.        ],
         [ 0.        ,  0.27880856,  2.5859375 , ...,  0.        ,
           0.        ,  0.        ],
         [ 0.        ,  2.1640623 ,  5.951172  , ...,  0.        ,
           0.        ,  0.        ]],

        [[ 0.        ,  0.        ,  0.        , ...,  0.        ,
           0.        ,  0.        ],
         [ 0.        ,  0.        ,  0.        , ...,  0.        ,
           0.        ,  0.        ],
         [ 0.        ,  0.        ,  0.05032349, ...,  0.        ,
           0.        ,  0.        ],
         ...,
         [ 0.        ,  1.6049803 ,  6.4179688 , ...,  0.        ,
           0.        ,  0.        ],
         [ 0.        ,  3.222656  ,  7.828125  , ...,  0.        ,
           0.        ,  0.        ],
         [ 0.        ,  4.2636714 ,  8.277344  , ...,  0.        ,
           0.        ,  0.        ]]]], dtype=float32)
Coordinates:
    lon      (n_samples, lat_dim, lon_dim) float32 -99.69 -99.66 ... -98.82
    lat      (n_samples, lat_dim, lon_dim) float32 31.6 31.6 ... 35.22 35.22
Dimensions without coordinates: n_samples, ne, lat_dim, lon_dim
Attributes:
    long_name:      Composite Reflectivity
    units:          dBZ
    level:          Z0
    init_time:      20210427_220000
    valid_time:     20210427_223000
    init_time_ut:   1619578800
    valid_time_ut:  1619580600, <xarray.DataArray 'comp_dz' (n_samples: 68, ne: 18, lat_dim: 128, lon_dim: 128)>
array([[[[ 0.       ,  0.       ,  0.       , ...,  0.       ,
           0.       ,  0.       ],
         [ 0.       ,  0.       ,  0.       , ...,  0.       ,
           0.       ,  0.       ],
         [ 0.       ,  0.       ,  0.       , ...,  0.       ,
           0.       ,  0.       ],
         ...,
         [ 0.       ,  0.       ,  0.       , ...,  0.       ,
           0.       ,  0.       ],
         [ 0.       ,  0.       ,  0.       , ...,  0.       ,
           0.       ,  0.       ],
         [ 0.       ,  0.       ,  0.       , ...,  0.       ,
           0.       ,  0.       ]],

        [[ 0.       ,  0.       ,  0.       , ...,  0.       ,
           0.       ,  0.       ],
         [ 0.       ,  0.       ,  0.       , ...,  0.       ,
           0.       ,  0.       ],
         [ 0.       ,  0.       ,  0.       , ...,  0.       ,
           0.       ,  0.       ],
...
         [ 0.       ,  0.       ,  0.       , ...,  0.       ,
           0.       ,  0.       ],
         [ 0.       ,  0.       ,  0.       , ...,  0.       ,
           0.       ,  0.       ],
         [ 0.       ,  0.       ,  0.       , ...,  0.       ,
           0.       ,  0.       ]],

        [[ 0.       ,  0.       ,  0.       , ...,  0.       ,
           0.       ,  0.       ],
         [ 0.       ,  0.       ,  0.       , ...,  0.       ,
           0.       ,  0.       ],
         [ 0.       ,  0.       ,  0.       , ...,  0.       ,
           0.       ,  0.       ],
         ...,
         [ 0.       ,  0.       ,  0.       , ...,  0.       ,
           0.       ,  0.       ],
         [ 0.       ,  0.       ,  0.       , ...,  0.       ,
           0.       ,  0.       ],
         [ 0.       ,  0.       ,  0.       , ...,  0.       ,
           0.       ,  0.       ]]]], dtype=float32)
Coordinates:
    lon      (n_samples, lat_dim, lon_dim) float32 -102.6 -102.6 ... -90.61
    lat      (n_samples, lat_dim, lon_dim) float32 28.18 28.18 ... 35.32 35.32
Dimensions without coordinates: n_samples, ne, lat_dim, lon_dim
Attributes:
    long_name:      Composite Reflectivity
    units:          dBZ
    level:          Z0
    init_time:      20210428_203000
    valid_time:     20210428_210000
    init_time_ut:   1619659800
    valid_time_ut:  1619661600, <xarray.DataArray 'comp_dz' (n_samples: 68, ne: 18, lat_dim: 128, lon_dim: 128)>
array([[[[0.00000000e+00, 0.00000000e+00, 0.00000000e+00, ...,
          0.00000000e+00, 0.00000000e+00, 0.00000000e+00],
         [0.00000000e+00, 0.00000000e+00, 0.00000000e+00, ...,
          0.00000000e+00, 0.00000000e+00, 0.00000000e+00],
         [0.00000000e+00, 0.00000000e+00, 0.00000000e+00, ...,
          0.00000000e+00, 0.00000000e+00, 0.00000000e+00],
         ...,
         [0.00000000e+00, 0.00000000e+00, 0.00000000e+00, ...,
          0.00000000e+00, 0.00000000e+00, 0.00000000e+00],
         [0.00000000e+00, 0.00000000e+00, 0.00000000e+00, ...,
          0.00000000e+00, 0.00000000e+00, 0.00000000e+00],
         [0.00000000e+00, 0.00000000e+00, 0.00000000e+00, ...,
          0.00000000e+00, 0.00000000e+00, 0.00000000e+00]],

        [[0.00000000e+00, 0.00000000e+00, 0.00000000e+00, ...,
          0.00000000e+00, 0.00000000e+00, 0.00000000e+00],
         [0.00000000e+00, 0.00000000e+00, 0.00000000e+00, ...,
          0.00000000e+00, 0.00000000e+00, 0.00000000e+00],
         [0.00000000e+00, 0.00000000e+00, 0.00000000e+00, ...,
          0.00000000e+00, 0.00000000e+00, 0.00000000e+00],
...
          0.00000000e+00, 0.00000000e+00, 0.00000000e+00],
         [0.00000000e+00, 0.00000000e+00, 0.00000000e+00, ...,
          0.00000000e+00, 0.00000000e+00, 0.00000000e+00],
         [0.00000000e+00, 0.00000000e+00, 0.00000000e+00, ...,
          0.00000000e+00, 0.00000000e+00, 0.00000000e+00]],

        [[0.00000000e+00, 0.00000000e+00, 0.00000000e+00, ...,
          0.00000000e+00, 0.00000000e+00, 0.00000000e+00],
         [0.00000000e+00, 0.00000000e+00, 0.00000000e+00, ...,
          0.00000000e+00, 0.00000000e+00, 0.00000000e+00],
         [0.00000000e+00, 0.00000000e+00, 0.00000000e+00, ...,
          0.00000000e+00, 0.00000000e+00, 0.00000000e+00],
         ...,
         [0.00000000e+00, 0.00000000e+00, 0.00000000e+00, ...,
          2.48671856e+01, 2.54765625e+01, 2.38515606e+01],
         [0.00000000e+00, 0.00000000e+00, 0.00000000e+00, ...,
          1.69999981e+01, 1.83125000e+01, 1.75859356e+01],
         [0.00000000e+00, 0.00000000e+00, 0.00000000e+00, ...,
          1.00781240e+01, 1.17851562e+01, 1.14453115e+01]]]],
      dtype=float32)
Coordinates:
    lon      (n_samples, lat_dim, lon_dim) float32 -94.9 -94.86 ... -89.63
    lat      (n_samples, lat_dim, lon_dim) float32 35.41 35.41 ... 33.14 33.14
Dimensions without coordinates: n_samples, ne, lat_dim, lon_dim
Attributes:
    long_name:      Composite Reflectivity
    units:          dBZ
    level:          Z0
    init_time:      20210503_190000
    valid_time:     20210503_193000
    init_time_ut:   1620086400
    valid_time_ut:  1620088200, <xarray.DataArray 'comp_dz' (n_samples: 68, ne: 18, lat_dim: 128, lon_dim: 128)>
array([[[[15.6640625, 17.343748 , 17.828125 , ...,  0.       ,
           0.       ,  0.       ],
         [10.464844 , 11.765624 , 12.332031 , ...,  0.       ,
           0.       ,  0.       ],
         [ 6.716797 ,  6.615234 ,  8.40625  , ...,  0.       ,
           0.       ,  0.       ],
         ...,
         [ 0.       ,  0.       ,  0.       , ...,  0.       ,
           0.       ,  0.       ],
         [ 0.       ,  0.       ,  0.       , ...,  0.       ,
           0.       ,  0.       ],
         [ 0.       ,  0.       ,  0.       , ...,  0.       ,
           0.       ,  0.       ]],

        [[18.554688 , 23.187498 , 26.242188 , ...,  0.       ,
           0.       ,  0.       ],
         [15.4140625, 18.437498 , 19.992188 , ...,  0.       ,
           0.       ,  0.       ],
         [10.785156 , 12.835937 , 14.25     , ...,  0.       ,
           0.       ,  0.       ],
...
         [ 0.       ,  0.       ,  0.       , ...,  0.       ,
           0.       ,  0.       ],
         [ 0.       ,  0.       ,  0.       , ...,  0.       ,
           0.       ,  0.       ],
         [ 0.       ,  0.       ,  0.       , ...,  0.       ,
           0.       ,  0.       ]],

        [[ 0.       ,  0.       ,  0.       , ...,  0.       ,
           0.       ,  0.       ],
         [ 0.       ,  0.       ,  0.       , ...,  0.       ,
           0.       ,  0.       ],
         [ 0.       ,  0.       ,  0.       , ...,  0.       ,
           0.       ,  0.       ],
         ...,
         [ 0.       ,  0.       ,  0.       , ...,  0.       ,
           0.       ,  0.       ],
         [ 0.       ,  0.       ,  0.       , ...,  0.       ,
           0.       ,  0.       ],
         [ 0.       ,  0.       ,  0.       , ...,  0.       ,
           0.       ,  0.       ]]]], dtype=float32)
Coordinates:
    lon      (n_samples, lat_dim, lon_dim) float32 -89.59 -89.56 ... -76.43
    lat      (n_samples, lat_dim, lon_dim) float32 33.17 33.17 ... 36.62 36.62
Dimensions without coordinates: n_samples, ne, lat_dim, lon_dim
Attributes:
    long_name:      Composite Reflectivity
    units:          dBZ
    level:          Z0
    init_time:      20210504_173000
    valid_time:     20210504_180000
    init_time_ut:   1620167400
    valid_time_ut:  1620169200, <xarray.DataArray 'comp_dz' (n_samples: 68, ne: 18, lat_dim: 128, lon_dim: 128)>
array([[[[ 0.        ,  0.        ,  0.        , ...,  0.        ,
           0.        ,  0.        ],
         [ 0.        ,  0.        ,  0.        , ...,  0.        ,
           0.        ,  0.        ],
         [ 0.        ,  0.        ,  0.        , ...,  0.        ,
           0.        ,  0.        ],
         ...,
         [ 0.        ,  0.        ,  0.        , ...,  0.        ,
           0.        ,  0.        ],
         [ 0.        ,  0.        ,  0.        , ...,  0.        ,
           0.        ,  0.        ],
         [ 0.        ,  0.        ,  0.        , ...,  0.        ,
           0.        ,  0.        ]],

        [[ 0.        ,  0.        ,  0.        , ...,  0.        ,
           0.        ,  0.        ],
         [ 0.        ,  0.        ,  0.        , ...,  0.        ,
           0.        ,  0.        ],
         [ 0.        ,  0.        ,  0.        , ...,  0.        ,
           0.        ,  0.        ],
...
         [ 0.        ,  0.        ,  0.        , ...,  0.        ,
           0.        ,  0.        ],
         [ 0.        ,  0.        ,  0.        , ...,  0.        ,
           0.        ,  0.        ],
         [ 0.        ,  0.        ,  0.        , ...,  0.        ,
           0.        ,  0.        ]],

        [[ 0.        ,  0.        ,  0.        , ..., 15.656249  ,
          12.9453125 , 10.980468  ],
         [ 0.        ,  0.        ,  0.        , ..., 16.00781   ,
          11.4765625 ,  9.335937  ],
         [ 0.        ,  0.        ,  0.        , ..., 17.63281   ,
          13.449219  , 11.195312  ],
         ...,
         [ 0.        ,  0.        ,  0.        , ...,  0.        ,
           0.        ,  0.        ],
         [ 0.        ,  0.        ,  0.        , ...,  0.        ,
           0.        ,  0.        ],
         [ 0.        ,  0.        ,  0.        , ...,  0.        ,
           0.        ,  0.        ]]]], dtype=float32)
Coordinates:
    lon      (n_samples, lat_dim, lon_dim) float32 -84.93 -84.9 ... -82.26
    lat      (n_samples, lat_dim, lon_dim) float32 33.07 33.08 ... 31.99 31.99
Dimensions without coordinates: n_samples, ne, lat_dim, lon_dim
Attributes:
    long_name:      Composite Reflectivity
    units:          dBZ
    level:          Z0
    init_time:      20210505_023000
    valid_time:     20210506_030000
    init_time_ut:   1620199800
    valid_time_ut:  1620288000, <xarray.DataArray 'comp_dz' (n_samples: 68, ne: 18, lat_dim: 128, lon_dim: 128)>
array([[[[ 0.        ,  0.        ,  0.        , ...,  0.        ,
           0.        ,  0.        ],
         [ 0.        ,  0.        ,  0.        , ...,  0.        ,
           0.        ,  0.        ],
         [ 0.        ,  0.        ,  0.        , ...,  0.        ,
           0.        ,  0.        ],
         ...,
         [14.246094  , 14.074218  , 14.175781  , ...,  0.        ,
           0.        ,  0.        ],
         [18.695312  , 16.75781   , 14.628906  , ...,  0.        ,
           0.        ,  0.        ],
         [23.0625    , 21.937498  , 19.3125    , ...,  0.10537719,
           3.2773438 ,  2.9775388 ]],

        [[ 0.        ,  0.        ,  0.        , ...,  0.        ,
           0.        ,  0.        ],
         [ 0.        ,  0.        ,  0.        , ...,  0.        ,
           0.        ,  0.        ],
         [ 0.        ,  0.        ,  0.        , ...,  0.        ,
           0.        ,  0.        ],
...
         [ 0.        ,  0.        ,  0.        , ...,  0.        ,
           0.        ,  0.        ],
         [ 0.        ,  0.        ,  0.        , ...,  0.        ,
           0.        ,  0.        ],
         [ 0.        ,  0.        ,  0.        , ...,  0.        ,
           0.        ,  0.        ]],

        [[ 0.        ,  0.        ,  0.        , ..., 36.85937   ,
          38.0625    , 39.374996  ],
         [ 0.        ,  0.        ,  0.        , ..., 36.249996  ,
          37.015625  , 38.10937   ],
         [ 0.        ,  0.        ,  0.73828125, ..., 37.04687   ,
          36.96875   , 37.51562   ],
         ...,
         [ 0.        ,  0.        ,  0.        , ...,  0.        ,
           0.        ,  0.        ],
         [ 0.        ,  0.        ,  0.        , ...,  0.        ,
           0.        ,  0.        ],
         [ 0.        ,  0.        ,  0.        , ...,  0.        ,
           0.        ,  0.        ]]]], dtype=float32)
Coordinates:
    lon      (n_samples, lat_dim, lon_dim) float32 -82.16 -82.13 ... -78.15
    lat      (n_samples, lat_dim, lon_dim) float32 25.16 25.16 ... 31.94 31.93
Dimensions without coordinates: n_samples, ne, lat_dim, lon_dim
Attributes:
    long_name:      Composite Reflectivity
    units:          dBZ
    level:          Z0
    init_time:      20210506_010000
    valid_time:     20210507_013000
    init_time_ut:   1620280800
    valid_time_ut:  1620369000, <xarray.DataArray 'comp_dz' (n_samples: 68, ne: 18, lat_dim: 128, lon_dim: 128)>
array([[[[ 0.        ,  0.        ,  0.        , ...,  0.        ,
           0.        ,  0.        ],
         [ 0.        ,  0.        ,  0.        , ...,  0.        ,
           0.        ,  0.        ],
         [ 0.        ,  0.        ,  0.        , ...,  0.        ,
           0.        ,  0.        ],
         ...,
         [ 0.        ,  0.        ,  0.        , ...,  0.        ,
           0.        ,  0.        ],
         [ 0.        ,  0.        ,  0.        , ...,  0.        ,
           0.        ,  0.        ],
         [ 0.        ,  0.        ,  0.        , ...,  0.        ,
           0.        ,  0.        ]],

        [[ 0.        ,  0.        ,  0.        , ...,  0.        ,
           0.        ,  0.        ],
         [ 0.        ,  0.        ,  0.        , ...,  0.        ,
           0.        ,  0.        ],
         [ 0.        ,  0.        ,  0.        , ...,  0.        ,
           0.        ,  0.        ],
...
         [ 0.        ,  0.        ,  0.        , ...,  0.        ,
           0.        ,  0.        ],
         [ 0.        ,  0.        ,  0.        , ...,  0.        ,
           0.        ,  0.        ],
         [ 0.        ,  0.        ,  0.        , ...,  0.        ,
           0.        ,  0.        ]],

        [[ 0.        ,  0.        ,  0.        , ...,  0.        ,
           0.        ,  0.        ],
         [ 0.        ,  0.        ,  0.        , ...,  0.        ,
           0.        ,  0.        ],
         [ 0.        ,  0.        ,  0.        , ...,  0.        ,
           0.        ,  0.        ],
         ...,
         [ 0.        ,  0.        ,  0.        , ...,  0.        ,
           0.        ,  0.        ],
         [ 0.        ,  0.        ,  0.        , ...,  0.        ,
           0.        ,  0.        ],
         [ 0.        ,  0.        ,  0.        , ...,  0.        ,
           0.        ,  0.        ]]]], dtype=float32)
Coordinates:
    lon      (n_samples, lat_dim, lon_dim) float32 -85.88 -85.85 ... -102.5
    lat      (n_samples, lat_dim, lon_dim) float32 25.06 25.06 ... 34.73 34.73
Dimensions without coordinates: n_samples, ne, lat_dim, lon_dim
Attributes:
    long_name:      Composite Reflectivity
    units:          dBZ
    level:          Z0
    init_time:      20210506_230000
    valid_time:     20210506_233000
    init_time_ut:   1620360000
    valid_time_ut:  1620361800, <xarray.DataArray 'comp_dz' (n_samples: 68, ne: 18, lat_dim: 128, lon_dim: 128)>
array([[[[ 0.        ,  0.        ,  0.        , ...,  0.        ,
           0.        ,  0.        ],
         [ 0.        ,  0.        ,  0.        , ...,  0.        ,
           0.        ,  0.        ],
         [ 0.        ,  0.        ,  0.        , ...,  0.        ,
           0.        ,  0.        ],
         ...,
         [ 0.        ,  0.        ,  0.        , ...,  0.        ,
           0.        ,  0.        ],
         [ 0.        ,  0.        ,  0.        , ...,  0.        ,
           0.        ,  0.        ],
         [ 0.        ,  0.        ,  0.        , ...,  0.        ,
           0.        ,  0.        ]],

        [[ 0.        ,  0.        ,  0.        , ...,  0.        ,
           0.        ,  0.        ],
         [ 0.        ,  0.        ,  0.        , ...,  0.        ,
           0.        ,  0.        ],
         [ 0.        ,  0.        ,  0.        , ...,  0.        ,
           0.        ,  0.        ],
...
         [ 0.        ,  0.        ,  0.        , ...,  0.        ,
           0.        ,  0.        ],
         [ 0.        ,  0.        ,  0.        , ...,  0.        ,
           0.        ,  0.        ],
         [ 0.        ,  0.        ,  0.        , ...,  0.        ,
           0.        ,  0.        ]],

        [[ 0.        ,  0.        ,  0.        , ...,  0.        ,
           0.        ,  0.        ],
         [ 0.        ,  0.        ,  0.        , ...,  0.        ,
           0.        ,  0.        ],
         [ 0.        ,  0.        ,  0.        , ...,  0.        ,
           0.        ,  0.        ],
         ...,
         [ 0.        ,  0.        ,  0.        , ...,  0.        ,
           0.        ,  0.        ],
         [ 0.        ,  0.        ,  0.        , ...,  0.        ,
           0.        ,  0.        ],
         [ 0.        ,  0.        ,  0.        , ...,  0.        ,
           0.        ,  0.        ]]]], dtype=float32)
Coordinates:
    lon      (n_samples, lat_dim, lon_dim) float32 -106.5 -106.4 ... -99.73
    lat      (n_samples, lat_dim, lon_dim) float32 31.14 31.15 ... 33.38 33.38
Dimensions without coordinates: n_samples, ne, lat_dim, lon_dim
Attributes:
    long_name:      Composite Reflectivity
    units:          dBZ
    level:          Z0
    init_time:      20210507_213000
    valid_time:     20210507_220000
    init_time_ut:   1620441000
    valid_time_ut:  1620442800, <xarray.DataArray 'comp_dz' (n_samples: 68, ne: 18, lat_dim: 128, lon_dim: 128)>
array([[[[ 0.        ,  0.        ,  0.        , ...,  0.        ,
           0.        ,  0.        ],
         [ 0.        ,  0.        ,  0.        , ...,  0.        ,
           0.        ,  0.        ],
         [ 0.        ,  0.        ,  0.        , ...,  0.        ,
           0.        ,  0.        ],
         ...,
         [12.707031  , 14.601562  , 14.847656  , ...,  0.        ,
           0.        ,  0.        ],
         [20.515625  , 23.28906   , 19.289062  , ...,  0.        ,
           0.        ,  0.        ],
         [20.484375  , 21.710936  , 24.726562  , ...,  0.        ,
           0.        ,  0.        ]],

        [[ 0.        ,  0.        ,  0.        , ...,  0.        ,
           0.        ,  0.        ],
         [ 0.        ,  0.        ,  0.        , ...,  0.        ,
           0.        ,  0.        ],
         [ 0.        ,  0.        ,  0.        , ...,  0.        ,
           0.        ,  0.        ],
...
         [ 0.        ,  0.        ,  0.        , ..., 16.492186  ,
          17.351562  , 18.117186  ],
         [ 0.        ,  0.        ,  0.        , ..., 16.531248  ,
          16.828125  , 17.179686  ],
         [ 0.        ,  0.        ,  0.        , ..., 17.187498  ,
          17.015625  , 16.773436  ]],

        [[ 0.        ,  0.        ,  0.        , ...,  0.        ,
           0.        ,  0.        ],
         [ 0.        ,  0.        ,  0.        , ...,  0.        ,
           0.        ,  0.        ],
         [ 0.        ,  0.        ,  0.        , ...,  0.        ,
           0.        ,  0.        ],
         ...,
         [ 0.        ,  0.        ,  0.        , ..., 18.07031   ,
          20.171875  , 21.617186  ],
         [ 0.        ,  0.        ,  0.        , ..., 17.453123  ,
          19.25      , 20.679686  ],
         [ 0.        ,  0.        ,  0.        , ..., 16.85156   ,
          18.390625  , 19.679686  ]]]], dtype=float32)
Coordinates:
    lon      (n_samples, lat_dim, lon_dim) float32 -99.63 -99.6 ... -83.01
    lat      (n_samples, lat_dim, lon_dim) float32 26.51 26.51 ... 32.11 32.11
Dimensions without coordinates: n_samples, ne, lat_dim, lon_dim
Attributes:
    long_name:      Composite Reflectivity
    units:          dBZ
    level:          Z0
    init_time:      20210510_200000
    valid_time:     20210510_203000
    init_time_ut:   1620694800
    valid_time_ut:  1620696600, <xarray.DataArray 'comp_dz' (n_samples: 68, ne: 18, lat_dim: 128, lon_dim: 128)>
array([[[[ 0.       ,  0.       ,  0.       , ...,  0.       ,
           0.       ,  0.       ],
         [ 0.       ,  0.       ,  0.       , ...,  0.       ,
           0.       ,  0.       ],
         [ 0.       ,  0.       ,  0.       , ...,  0.       ,
           0.       ,  0.       ],
         ...,
         [19.21875  , 19.562498 , 19.53125  , ...,  0.       ,
           0.       ,  0.       ],
         [21.03125  , 20.484373 , 19.75     , ...,  0.       ,
           0.       ,  0.       ],
         [21.960938 , 21.273436 , 20.476562 , ...,  0.       ,
           0.       ,  0.       ]],

        [[ 0.       ,  0.       ,  0.       , ...,  0.       ,
           0.       ,  0.       ],
         [ 0.       ,  0.       ,  0.       , ...,  0.       ,
           0.       ,  0.       ],
         [ 0.       ,  0.       ,  0.       , ...,  0.       ,
           0.       ,  0.       ],
...
         [ 0.       ,  0.       ,  0.       , ...,  0.       ,
           0.       ,  0.       ],
         [ 0.       ,  0.       ,  0.       , ...,  0.       ,
           0.       ,  0.       ],
         [ 0.       ,  0.       ,  0.       , ...,  0.       ,
           0.       ,  0.       ]],

        [[ 0.       ,  0.       ,  0.       , ...,  0.       ,
           0.       ,  0.       ],
         [ 0.       ,  0.       ,  0.       , ...,  0.       ,
           0.       ,  0.       ],
         [ 0.       ,  0.       ,  0.       , ...,  0.       ,
           0.       ,  0.       ],
         ...,
         [ 0.       ,  0.       ,  0.       , ...,  0.       ,
           0.       ,  0.       ],
         [ 0.       ,  0.       ,  0.       , ...,  0.       ,
           0.       ,  0.       ],
         [ 0.       ,  0.       ,  0.       , ...,  0.       ,
           0.       ,  0.       ]]]], dtype=float32)
Coordinates:
    lon      (n_samples, lat_dim, lon_dim) float32 -82.94 -82.91 ... -102.5
    lat      (n_samples, lat_dim, lon_dim) float32 28.67 28.67 ... 38.74 38.74
Dimensions without coordinates: n_samples, ne, lat_dim, lon_dim
Attributes:
    long_name:      Composite Reflectivity
    units:          dBZ
    level:          Z0
    init_time:      20210512_183000
    valid_time:     20210512_190000
    init_time_ut:   1620862200
    valid_time_ut:  1620864000, <xarray.DataArray 'comp_dz' (n_samples: 68, ne: 18, lat_dim: 128, lon_dim: 128)>
array([[[[ 0.        ,  0.        ,  0.        , ...,  0.        ,
           0.        ,  0.        ],
         [ 0.        ,  0.        ,  0.        , ...,  0.        ,
           0.        ,  0.        ],
         [ 0.        ,  0.        ,  0.        , ...,  0.        ,
           0.        ,  0.        ],
         ...,
         [ 0.        ,  0.        ,  0.        , ...,  0.        ,
           0.        ,  0.        ],
         [ 0.        ,  0.        ,  0.        , ...,  0.        ,
           0.        ,  0.        ],
         [ 0.        ,  0.        ,  0.        , ...,  0.        ,
           0.        ,  0.        ]],

        [[ 0.        ,  0.        ,  0.        , ...,  0.        ,
           0.        ,  0.        ],
         [ 0.        ,  0.        ,  0.        , ...,  0.        ,
           0.        ,  0.        ],
         [ 0.        ,  0.        ,  0.        , ...,  0.        ,
           0.        ,  0.        ],
...
         [35.140625  , 34.17187   , 28.75      , ..., 14.132812  ,
          14.160156  , 14.58203   ],
         [34.484375  , 33.51562   , 27.648438  , ..., 12.76953   ,
          13.136719  , 13.58203   ],
         [33.0625    , 31.671873  , 27.375     , ..., 12.648437  ,
          13.605469  , 14.218749  ]],

        [[ 1.7792969 ,  1.7788085 ,  1.6660156 , ...,  0.        ,
           0.        ,  0.        ],
         [ 6.7265625 ,  6.2480464 ,  6.4140625 , ...,  0.        ,
           0.        ,  0.        ],
         [11.605469  , 10.597655  ,  9.902344  , ...,  0.        ,
           0.        ,  0.        ],
         ...,
         [ 0.        ,  0.        ,  0.        , ...,  4.5624995 ,
           5.8027344 ,  7.0292964 ],
         [ 0.        ,  0.        ,  0.        , ...,  5.599609  ,
           6.6035156 ,  8.031249  ],
         [ 0.        ,  0.        ,  0.        , ...,  5.925781  ,
           6.5058594 ,  8.253905  ]]]], dtype=float32)
Coordinates:
    lon      (n_samples, lat_dim, lon_dim) float32 -102.5 -102.4 ... -96.84
    lat      (n_samples, lat_dim, lon_dim) float32 38.77 38.77 ... 40.79 40.79
Dimensions without coordinates: n_samples, ne, lat_dim, lon_dim
Attributes:
    long_name:      Composite Reflectivity
    units:          dBZ
    level:          Z0
    init_time:      20210513_170000
    valid_time:     20210513_173000
    init_time_ut:   1620943200
    valid_time_ut:  1620945000, <xarray.DataArray 'comp_dz' (n_samples: 68, ne: 18, lat_dim: 128, lon_dim: 128)>
array([[[[0.00000000e+00, 0.00000000e+00, 0.00000000e+00, ...,
          0.00000000e+00, 0.00000000e+00, 0.00000000e+00],
         [0.00000000e+00, 0.00000000e+00, 0.00000000e+00, ...,
          4.89843702e+00, 6.03710938e+00, 5.51953077e+00],
         [0.00000000e+00, 0.00000000e+00, 0.00000000e+00, ...,
          8.70117128e-01, 1.67382812e+00, 7.93212831e-01],
         ...,
         [0.00000000e+00, 0.00000000e+00, 0.00000000e+00, ...,
          1.67187481e+01, 1.70312500e+01, 1.68593731e+01],
         [0.00000000e+00, 0.00000000e+00, 0.00000000e+00, ...,
          1.42617178e+01, 1.50234375e+01, 1.51367178e+01],
         [0.00000000e+00, 0.00000000e+00, 0.00000000e+00, ...,
          9.29687405e+00, 1.01523438e+01, 9.57031155e+00]],

        [[0.00000000e+00, 0.00000000e+00, 0.00000000e+00, ...,
          0.00000000e+00, 0.00000000e+00, 0.00000000e+00],
         [0.00000000e+00, 0.00000000e+00, 0.00000000e+00, ...,
          0.00000000e+00, 0.00000000e+00, 0.00000000e+00],
         [0.00000000e+00, 0.00000000e+00, 0.00000000e+00, ...,
          0.00000000e+00, 0.00000000e+00, 0.00000000e+00],
...
          0.00000000e+00, 0.00000000e+00, 0.00000000e+00],
         [3.83906250e+01, 3.39218712e+01, 2.80312500e+01, ...,
          0.00000000e+00, 0.00000000e+00, 0.00000000e+00],
         [3.62968750e+01, 3.12031231e+01, 2.59062500e+01, ...,
          0.00000000e+00, 0.00000000e+00, 0.00000000e+00]],

        [[0.00000000e+00, 0.00000000e+00, 0.00000000e+00, ...,
          0.00000000e+00, 0.00000000e+00, 0.00000000e+00],
         [0.00000000e+00, 0.00000000e+00, 0.00000000e+00, ...,
          0.00000000e+00, 0.00000000e+00, 0.00000000e+00],
         [0.00000000e+00, 0.00000000e+00, 0.00000000e+00, ...,
          0.00000000e+00, 0.00000000e+00, 0.00000000e+00],
         ...,
         [4.41015625e+00, 4.07421827e+00, 5.22265625e+00, ...,
          0.00000000e+00, 0.00000000e+00, 0.00000000e+00],
         [5.36328125e+00, 3.47167945e+00, 4.32226562e+00, ...,
          0.00000000e+00, 0.00000000e+00, 0.00000000e+00],
         [6.95703125e+00, 5.24023390e+00, 3.76757812e+00, ...,
          0.00000000e+00, 0.00000000e+00, 0.00000000e+00]]]],
      dtype=float32)
Coordinates:
    lon      (n_samples, lat_dim, lon_dim) float32 -105.6 -105.6 ... -97.57
    lat      (n_samples, lat_dim, lon_dim) float32 33.69 33.69 ... 33.67 33.67
Dimensions without coordinates: n_samples, ne, lat_dim, lon_dim
Attributes:
    long_name:      Composite Reflectivity
    units:          dBZ
    level:          Z0
    init_time:      20210514_020000
    valid_time:     20210515_023000
    init_time_ut:   1620975600
    valid_time_ut:  1621063800, <xarray.DataArray 'comp_dz' (n_samples: 68, ne: 18, lat_dim: 128, lon_dim: 128)>
array([[[[ 0.        ,  0.        ,  0.        , ...,  0.        ,
           0.        ,  0.        ],
         [ 0.        ,  0.        ,  0.        , ...,  0.        ,
           0.        ,  0.        ],
         [ 0.        ,  0.        ,  0.        , ...,  0.        ,
           0.        ,  0.        ],
         ...,
         [ 0.        ,  0.        ,  0.        , ..., 29.88281   ,
          26.59375   , 25.828123  ],
         [ 0.        ,  0.        ,  0.        , ..., 31.75781   ,
          29.859375  , 27.82031   ],
         [ 0.        ,  0.        ,  0.        , ..., 32.20312   ,
          31.109375  , 28.187498  ]],

        [[ 0.        ,  0.        ,  0.        , ...,  0.        ,
           0.        ,  0.        ],
         [ 0.        ,  0.        ,  0.        , ...,  0.        ,
           0.        ,  0.        ],
         [ 0.        ,  0.        ,  0.        , ...,  0.        ,
           0.        ,  0.        ],
...
         [ 0.        ,  2.9892576 , 17.726562  , ...,  0.        ,
           0.        ,  0.        ],
         [ 0.        ,  0.48974606, 17.578125  , ...,  0.        ,
           0.        ,  0.        ],
         [ 0.        ,  4.537109  , 17.9375    , ...,  0.        ,
           0.        ,  0.        ]],

        [[ 0.        ,  0.        ,  0.        , ...,  0.        ,
           0.        ,  0.        ],
         [ 0.        ,  0.        ,  0.        , ...,  0.        ,
           0.        ,  0.        ],
         [ 0.        ,  0.        ,  0.        , ...,  0.        ,
           0.        ,  0.        ],
         ...,
         [ 0.        ,  0.        ,  0.        , ...,  0.        ,
           0.        ,  0.        ],
         [ 0.        ,  0.        ,  0.        , ...,  0.        ,
           0.        ,  0.        ],
         [ 0.        ,  0.        ,  0.        , ...,  0.        ,
           0.        ,  0.        ]]]], dtype=float32)
Coordinates:
    lon      (n_samples, lat_dim, lon_dim) float32 -105.7 -105.7 ... -101.8
    lat      (n_samples, lat_dim, lon_dim) float32 30.16 30.16 ... 37.25 37.25
Dimensions without coordinates: n_samples, ne, lat_dim, lon_dim
Attributes:
    long_name:      Composite Reflectivity
    units:          dBZ
    level:          Z0
    init_time:      20210517_003000
    valid_time:     20210518_010000
    init_time_ut:   1621229400
    valid_time_ut:  1621317600, <xarray.DataArray 'comp_dz' (n_samples: 68, ne: 18, lat_dim: 128, lon_dim: 128)>
array([[[[ 0.        ,  0.        ,  0.        , ...,  0.        ,
           0.        ,  0.        ],
         [ 0.        ,  0.        ,  0.        , ...,  0.        ,
           0.        ,  0.        ],
         [ 0.        ,  0.        ,  0.        , ...,  0.        ,
           0.        ,  0.        ],
         ...,
         [ 0.        ,  0.        ,  0.        , ...,  0.        ,
           0.        ,  0.        ],
         [ 0.        ,  0.        ,  0.        , ...,  0.        ,
           0.        ,  0.        ],
         [ 0.        ,  0.        ,  0.        , ...,  0.        ,
           0.        ,  0.        ]],

        [[ 0.        ,  0.        ,  0.        , ...,  0.        ,
           0.        ,  0.        ],
         [ 0.        ,  0.        ,  0.        , ...,  0.        ,
           0.        ,  0.        ],
         [ 0.        ,  0.        ,  0.        , ...,  0.        ,
           0.        ,  0.        ],
...
         [ 0.        ,  0.        ,  0.        , ..., 21.656248  ,
          20.265625  , 20.429686  ],
         [ 0.        ,  0.        ,  0.        , ..., 24.187498  ,
          24.320312  , 25.265623  ],
         [ 0.        ,  0.        ,  0.        , ..., 24.343748  ,
          26.507812  , 28.07031   ]],

        [[ 0.        ,  0.        ,  0.        , ...,  8.20703   ,
           8.785156  ,  5.33789   ],
         [ 0.        ,  0.        ,  0.        , ..., 16.531248  ,
          16.570312  , 10.624999  ],
         [ 0.        ,  0.        ,  0.        , ..., 21.72656   ,
          19.25      , 11.105468  ],
         ...,
         [ 0.        ,  0.        ,  0.        , ...,  5.1894526 ,
           8.5078125 , 12.667968  ],
         [ 0.        ,  0.        ,  0.        , ...,  4.132812  ,
           7.8242188 , 12.804687  ],
         [ 0.        ,  0.        ,  0.        , ...,  4.7968745 ,
           7.435547  , 12.789062  ]]]], dtype=float32)
Coordinates:
    lon      (n_samples, lat_dim, lon_dim) float32 -101.7 -101.7 ... -96.95
    lat      (n_samples, lat_dim, lon_dim) float32 30.28 30.28 ... 35.25 35.25
Dimensions without coordinates: n_samples, ne, lat_dim, lon_dim
Attributes:
    long_name:      Composite Reflectivity
    units:          dBZ
    level:          Z0
    init_time:      20210517_223000
    valid_time:     20210517_230000
    init_time_ut:   1621308600
    valid_time_ut:  1621310400, <xarray.DataArray 'comp_dz' (n_samples: 68, ne: 18, lat_dim: 128, lon_dim: 128)>
array([[[[0.00000000e+00, 0.00000000e+00, 0.00000000e+00, ...,
          0.00000000e+00, 0.00000000e+00, 0.00000000e+00],
         [0.00000000e+00, 0.00000000e+00, 0.00000000e+00, ...,
          0.00000000e+00, 0.00000000e+00, 0.00000000e+00],
         [0.00000000e+00, 0.00000000e+00, 0.00000000e+00, ...,
          0.00000000e+00, 2.28320312e+00, 6.66015577e+00],
         ...,
         [0.00000000e+00, 0.00000000e+00, 0.00000000e+00, ...,
          1.85703106e+01, 1.50976562e+01, 9.71874905e+00],
         [0.00000000e+00, 0.00000000e+00, 0.00000000e+00, ...,
          1.98437481e+01, 1.66562500e+01, 1.14843740e+01],
         [0.00000000e+00, 0.00000000e+00, 0.00000000e+00, ...,
          2.05859356e+01, 1.77031250e+01, 1.30898428e+01]],

        [[0.00000000e+00, 0.00000000e+00, 0.00000000e+00, ...,
          0.00000000e+00, 0.00000000e+00, 0.00000000e+00],
         [0.00000000e+00, 0.00000000e+00, 0.00000000e+00, ...,
          0.00000000e+00, 0.00000000e+00, 0.00000000e+00],
         [0.00000000e+00, 0.00000000e+00, 0.00000000e+00, ...,
          0.00000000e+00, 0.00000000e+00, 3.48535132e+00],
...
          0.00000000e+00, 0.00000000e+00, 0.00000000e+00],
         [0.00000000e+00, 0.00000000e+00, 0.00000000e+00, ...,
          0.00000000e+00, 0.00000000e+00, 0.00000000e+00],
         [0.00000000e+00, 0.00000000e+00, 0.00000000e+00, ...,
          0.00000000e+00, 0.00000000e+00, 0.00000000e+00]],

        [[0.00000000e+00, 0.00000000e+00, 0.00000000e+00, ...,
          0.00000000e+00, 0.00000000e+00, 0.00000000e+00],
         [0.00000000e+00, 0.00000000e+00, 0.00000000e+00, ...,
          0.00000000e+00, 0.00000000e+00, 0.00000000e+00],
         [0.00000000e+00, 0.00000000e+00, 0.00000000e+00, ...,
          0.00000000e+00, 0.00000000e+00, 0.00000000e+00],
         ...,
         [0.00000000e+00, 0.00000000e+00, 0.00000000e+00, ...,
          0.00000000e+00, 0.00000000e+00, 0.00000000e+00],
         [0.00000000e+00, 0.00000000e+00, 0.00000000e+00, ...,
          0.00000000e+00, 0.00000000e+00, 0.00000000e+00],
         [0.00000000e+00, 0.00000000e+00, 0.00000000e+00, ...,
          0.00000000e+00, 0.00000000e+00, 0.00000000e+00]]]],
      dtype=float32)
Coordinates:
    lon      (n_samples, lat_dim, lon_dim) float32 -101.0 -100.9 ... -99.39
    lat      (n_samples, lat_dim, lon_dim) float32 31.66 31.66 ... 37.53 37.53
Dimensions without coordinates: n_samples, ne, lat_dim, lon_dim
Attributes:
    long_name:      Composite Reflectivity
    units:          dBZ
    level:          Z0
    init_time:      20210518_210000
    valid_time:     20210518_213000
    init_time_ut:   1621389600
    valid_time_ut:  1621391400, <xarray.DataArray 'comp_dz' (n_samples: 64, ne: 18, lat_dim: 128, lon_dim: 128)>
array([[[[ 0.       ,  0.       ,  0.       , ...,  0.       ,
           0.       ,  0.       ],
         [ 0.       ,  0.       ,  0.       , ...,  0.       ,
           0.       ,  0.       ],
         [ 0.       ,  0.       ,  0.       , ...,  0.       ,
           0.       ,  0.       ],
         ...,
         [ 0.       ,  0.       ,  0.       , ...,  7.6874995,
          13.3984375, 14.164062 ],
         [ 0.       ,  0.       ,  0.       , ..., 10.941405 ,
          16.4375   , 18.843748 ],
         [ 0.       ,  0.       ,  0.       , ..., 11.734374 ,
          20.4375   , 23.765623 ]],

        [[ 0.       ,  0.       ,  0.       , ...,  0.       ,
           0.       ,  0.       ],
         [ 0.       ,  0.       ,  0.       , ...,  0.       ,
           0.       ,  0.       ],
         [ 0.       ,  0.       ,  0.       , ...,  0.       ,
           0.       ,  0.       ],
...
         [ 0.       ,  0.       ,  0.       , ..., 13.76953  ,
          16.851562 , 16.57031  ],
         [ 0.       ,  0.       ,  0.       , ..., 15.671874 ,
          17.585938 , 15.066405 ],
         [ 0.       ,  0.       ,  0.       , ..., 18.210936 ,
          18.21875  , 13.714843 ]],

        [[ 0.       ,  0.       ,  0.       , ...,  0.       ,
           0.       ,  0.       ],
         [ 0.       ,  0.       ,  0.       , ...,  0.       ,
           0.       ,  0.       ],
         [ 0.       ,  0.       ,  0.       , ...,  0.       ,
           0.       ,  0.       ],
         ...,
         [ 0.       ,  0.       ,  0.       , ...,  0.       ,
           0.       ,  0.       ],
         [ 0.       ,  0.       ,  0.       , ...,  0.       ,
           0.       ,  0.       ],
         [ 0.       ,  0.       ,  0.       , ...,  0.       ,
           0.       ,  0.       ]]]], dtype=float32)
Coordinates:
    lon      (n_samples, lat_dim, lon_dim) float32 -99.31 -99.28 ... -99.02
    lat      (n_samples, lat_dim, lon_dim) float32 34.03 34.03 ... 43.35 43.35
Dimensions without coordinates: n_samples, ne, lat_dim, lon_dim
Attributes:
    long_name:      Composite Reflectivity
    units:          dBZ
    level:          Z0
    init_time:      20210519_193000
    valid_time:     20210519_200000
    init_time_ut:   1621470600
    valid_time_ut:  1621472400, <xarray.DataArray 'comp_dz' (n_samples: 64, ne: 18, lat_dim: 128, lon_dim: 128)>
array([[[[ 0.        ,  0.        ,  0.        , ...,  0.        ,
           0.        ,  0.        ],
         [ 0.        ,  0.        ,  0.        , ...,  0.        ,
           0.        ,  0.        ],
         [ 0.        ,  0.        ,  0.        , ...,  0.        ,
           0.        ,  0.        ],
         ...,
         [ 0.        ,  0.        ,  0.        , ...,  0.        ,
           0.        ,  0.        ],
         [ 0.        ,  0.        ,  0.        , ...,  0.        ,
           0.        ,  0.        ],
         [ 0.        ,  0.        ,  0.        , ...,  0.        ,
           0.        ,  0.        ]],

        [[ 0.        ,  0.        ,  0.        , ...,  0.        ,
           0.        ,  0.        ],
         [ 0.        ,  0.        ,  0.        , ...,  0.        ,
           0.        ,  0.        ],
         [ 0.        ,  0.        ,  0.        , ...,  0.        ,
           0.        ,  0.        ],
...
         [ 0.        ,  0.        ,  0.        , ...,  0.        ,
           0.        ,  0.        ],
         [ 0.        ,  0.        ,  0.        , ...,  0.        ,
           0.        ,  0.        ],
         [ 0.        ,  0.        ,  0.        , ...,  0.        ,
           0.        ,  0.        ]],

        [[ 0.        ,  0.        ,  0.        , ...,  0.        ,
           0.        ,  0.        ],
         [ 0.        ,  0.        ,  0.        , ...,  0.        ,
           0.        ,  0.        ],
         [ 0.        ,  0.        ,  0.        , ...,  0.        ,
           0.        ,  0.        ],
         ...,
         [ 0.        ,  0.        ,  0.        , ...,  0.        ,
           0.        ,  0.        ],
         [ 0.        ,  0.        ,  0.        , ...,  0.        ,
           0.        ,  0.        ],
         [ 0.        ,  0.        ,  0.        , ...,  0.        ,
           0.        ,  0.        ]]]], dtype=float32)
Coordinates:
    lon      (n_samples, lat_dim, lon_dim) float32 -103.8 -103.8 ... -96.75
    lat      (n_samples, lat_dim, lon_dim) float32 39.88 39.88 ... 40.85 40.85
Dimensions without coordinates: n_samples, ne, lat_dim, lon_dim
Attributes:
    long_name:      Composite Reflectivity
    units:          dBZ
    level:          Z0
    init_time:      20210520_173000
    valid_time:     20210520_180000
    init_time_ut:   1621549800
    valid_time_ut:  1621551600, <xarray.DataArray 'comp_dz' (n_samples: 64, ne: 18, lat_dim: 128, lon_dim: 128)>
array([[[[ 0.        ,  0.        ,  0.        , ...,  0.        ,
           0.        ,  0.        ],
         [ 0.        ,  0.        ,  0.        , ...,  0.        ,
           0.        ,  0.        ],
         [ 0.        ,  0.        ,  0.        , ...,  0.        ,
           0.        ,  0.        ],
         ...,
         [ 0.        ,  0.        ,  0.        , ...,  0.        ,
           0.        ,  0.        ],
         [ 0.        ,  0.        ,  0.        , ...,  0.        ,
           0.        ,  0.        ],
         [ 0.        ,  0.        ,  0.        , ...,  0.        ,
           0.        ,  0.        ]],

        [[ 0.        ,  0.        ,  0.        , ...,  0.        ,
           0.        ,  0.        ],
         [ 0.        ,  0.        ,  0.        , ...,  0.        ,
           0.        ,  0.        ],
         [ 0.        ,  0.        ,  0.        , ...,  0.        ,
           0.        ,  0.        ],
...
         [ 0.        ,  0.        ,  0.        , ...,  0.        ,
           0.        ,  0.        ],
         [ 0.        ,  0.        ,  0.        , ...,  0.        ,
           0.        ,  0.        ],
         [ 0.        ,  0.        ,  0.        , ...,  0.        ,
           0.        ,  0.        ]],

        [[ 0.        ,  0.        ,  0.        , ...,  0.        ,
           0.        ,  0.        ],
         [ 0.        ,  0.        ,  0.        , ...,  0.        ,
           0.        ,  0.        ],
         [ 0.        ,  0.        ,  0.        , ...,  0.        ,
           0.        ,  0.        ],
         ...,
         [ 0.        ,  0.        ,  0.        , ...,  0.        ,
           0.        ,  0.        ],
         [ 0.        ,  0.        ,  0.        , ...,  0.        ,
           0.        ,  0.        ],
         [ 0.        ,  0.        ,  0.        , ...,  0.        ,
           0.        ,  0.        ]]]], dtype=float32)
Coordinates:
    lon      (n_samples, lat_dim, lon_dim) float32 -101.4 -101.4 ... -96.75
    lat      (n_samples, lat_dim, lon_dim) float32 37.39 37.39 ... 40.85 40.85
Dimensions without coordinates: n_samples, ne, lat_dim, lon_dim
Attributes:
    long_name:      Composite Reflectivity
    units:          dBZ
    level:          Z0
    init_time:      20210521_020000
    valid_time:     20210522_023000
    init_time_ut:   1621580400
    valid_time_ut:  1621668600, <xarray.DataArray 'comp_dz' (n_samples: 64, ne: 18, lat_dim: 128, lon_dim: 128)>
array([[[[ 0.        ,  0.        ,  0.        , ...,  0.        ,
           0.        ,  0.        ],
         [ 0.        ,  0.        ,  0.        , ...,  0.        ,
           0.        ,  0.        ],
         [ 0.        ,  0.        ,  0.        , ...,  0.        ,
           0.        ,  0.        ],
         ...,
         [36.015625  , 36.76562   , 37.046875  , ...,  0.        ,
           0.        ,  0.        ],
         [36.890625  , 37.14062   , 37.25      , ...,  0.        ,
           0.        ,  0.        ],
         [36.90625   , 37.04687   , 37.171875  , ...,  0.        ,
           0.        ,  0.        ]],

        [[ 0.        ,  0.        ,  0.        , ...,  0.        ,
           0.        ,  0.        ],
         [ 0.        ,  0.        ,  0.        , ...,  0.        ,
           0.        ,  0.        ],
         [ 0.        ,  0.        ,  0.        , ...,  0.        ,
           0.        ,  0.        ],
...
         [ 0.        ,  1.9912108 ,  0.4633789 , ..., 39.781246  ,
          42.5625    , 45.95312   ],
         [ 0.        ,  1.1660155 ,  0.        , ..., 41.76562   ,
          41.375     , 42.343746  ],
         [ 0.        ,  0.4505615 ,  0.        , ..., 45.406246  ,
          40.921875  , 37.656246  ]],

        [[ 0.        ,  0.        ,  0.        , ..., 49.906246  ,
          55.21875   , 57.718746  ],
         [ 0.        ,  0.        ,  0.        , ..., 49.656246  ,
          54.8125    , 57.843746  ],
         [ 0.        ,  0.        ,  0.        , ..., 48.48437   ,
          53.890625  , 57.624996  ],
         ...,
         [ 0.        ,  3.470703  ,  4.455078  , ..., 35.95312   ,
          46.625     , 55.812496  ],
         [ 0.        ,  3.0009763 ,  3.9833984 , ..., 39.01562   ,
          48.265625  , 56.92187   ],
         [ 0.        ,  2.3837888 ,  3.5078125 , ..., 42.374996  ,
          50.75      , 56.42187   ]]]], dtype=float32)
Coordinates:
    lon      (n_samples, lat_dim, lon_dim) float32 -102.6 -102.6 ... -102.8
    lat      (n_samples, lat_dim, lon_dim) float32 38.33 38.33 ... 45.44 45.44
Dimensions without coordinates: n_samples, ne, lat_dim, lon_dim
Attributes:
    long_name:      Composite Reflectivity
    units:          dBZ
    level:          Z0
    init_time:      20210523_000000
    valid_time:     20210524_003000
    init_time_ut:   1621746000
    valid_time_ut:  1621834200]) to Variable.
slurmstepd: error: acct_gather_profile/influxdb _send_data: curl_easy_perform failed to send data (discarded). Reason: Couldn't resolve host name
