/home/chadwiley/miniconda3/envs/tf/lib/python3.10/site-packages/xarray/core/variable.py:293: VisibleDeprecationWarning: Creating an ndarray from ragged nested sequences (which is a list-or-tuple of lists-or-tuples-or ndarrays with different lengths or shapes) is deprecated. If you meant to do this, you must specify 'dtype=object' when creating the ndarray.
  data = np.asarray(data)
Traceback (most recent call last):
  File "/home/chadwiley/miniconda3/envs/tf/lib/python3.10/site-packages/xarray/core/variable.py", line 131, in as_variable
    obj = Variable(*obj)
  File "/home/chadwiley/miniconda3/envs/tf/lib/python3.10/site-packages/xarray/core/variable.py", line 367, in __init__
    self._dims = self._parse_dimensions(dims)
  File "/home/chadwiley/miniconda3/envs/tf/lib/python3.10/site-packages/xarray/core/variable.py", line 664, in _parse_dimensions
    raise ValueError(
ValueError: dimensions ('n_samples', 'ne', 'lat', 'lon') must have the same length as the number of data dimensions, ndim=1

During handling of the above exception, another exception occurred:

Traceback (most recent call last):
  File "/home/chadwiley/research/wofs_40dbz/wofs_ml/data_creator/data_2d_creator.py", line 24, in <module>
    extract_ex_data(examples_path_2017,'2017-2018')
  File "/home/chadwiley/research/wofs_40dbz/wofs_ml/data_creator/data_2d_helper.py", line 151, in extract_ex_data
    save_comp_prob(comp_dz,year)
  File "/home/chadwiley/research/wofs_40dbz/wofs_ml/data_creator/data_2d_helper.py", line 259, in save_comp_prob
    out_ds = xr.Dataset(data_vars)
  File "/home/chadwiley/miniconda3/envs/tf/lib/python3.10/site-packages/xarray/core/dataset.py", line 604, in __init__
    variables, coord_names, dims, indexes, _ = merge_data_and_coords(
  File "/home/chadwiley/miniconda3/envs/tf/lib/python3.10/site-packages/xarray/core/merge.py", line 575, in merge_data_and_coords
    return merge_core(
  File "/home/chadwiley/miniconda3/envs/tf/lib/python3.10/site-packages/xarray/core/merge.py", line 755, in merge_core
    collected = collect_variables_and_indexes(aligned, indexes=indexes)
  File "/home/chadwiley/miniconda3/envs/tf/lib/python3.10/site-packages/xarray/core/merge.py", line 365, in collect_variables_and_indexes
    variable = as_variable(variable, name=name)
  File "/home/chadwiley/miniconda3/envs/tf/lib/python3.10/site-packages/xarray/core/variable.py", line 134, in as_variable
    raise error.__class__(
ValueError: Could not convert tuple of form (dims, data[, attrs, encoding]): (['n_samples', 'ne', 'lat', 'lon'], [<xarray.DataArray 'comp_dz' (n_samples: 1000, ne: 18, lat_dim: 128, lon_dim: 128)>
array([[[[ 0.        ,  0.        ,  0.        , ..., 24.843748  ,
          27.25      , 29.304686  ],
         [ 0.        ,  0.        ,  0.        , ..., 26.367186  ,
          27.007812  , 28.22656   ],
         [ 0.        ,  0.        ,  0.        , ..., 28.124998  ,
          27.695312  , 27.523436  ],
         ...,
         [ 0.        ,  0.        ,  0.        , ..., 39.20312   ,
          38.0625    , 37.656246  ],
         [ 0.        ,  0.        ,  0.        , ..., 34.374996  ,
          34.640625  , 34.39062   ],
         [ 0.        ,  0.        ,  0.        , ..., 30.859373  ,
          31.601562  , 31.156248  ]],

        [[ 0.        ,  0.        ,  0.        , ..., 32.42187   ,
          33.140625  , 32.749996  ],
         [ 0.        ,  0.        ,  0.        , ..., 31.460936  ,
          32.140625  , 31.843748  ],
         [ 0.        ,  0.        ,  0.        , ..., 30.249998  ,
          30.9375    , 30.97656   ],
...
         [ 0.        ,  0.        ,  0.        , ...,  0.        ,
           0.        ,  0.        ],
         [ 0.        ,  0.        ,  0.        , ...,  0.        ,
           0.        ,  0.        ],
         [ 0.        ,  0.        ,  0.        , ...,  0.        ,
           0.        ,  0.        ]],

        [[ 0.        ,  0.        ,  0.        , ...,  0.        ,
           0.        ,  0.        ],
         [ 0.        ,  0.        ,  0.        , ...,  0.        ,
           0.        ,  0.        ],
         [ 0.        ,  0.        ,  0.        , ...,  0.        ,
           0.        ,  0.        ],
         ...,
         [ 0.        ,  0.        ,  0.        , ...,  3.571289  ,
           5.2031245 ,  6.6640625 ],
         [ 0.        ,  0.        ,  0.        , ...,  3.9404297 ,
           6.052734  ,  7.046875  ],
         [ 0.        ,  0.        ,  0.        , ...,  3.4697266 ,
           5.8574214 ,  6.642578  ]]]], dtype=float32)
Coordinates:
    lon      (n_samples, lat_dim, lon_dim) float32 -81.24 -81.21 ... -75.49
    lat      (n_samples, lat_dim, lon_dim) float32 39.22 39.22 ... 41.2 41.2
Dimensions without coordinates: n_samples, ne, lat_dim, lon_dim
Attributes:
    long_name:      Composite Reflectivity
    units:          dBZ
    level:          Z0
    init_time:      20170501_000000
    valid_time:     20170502_003000
    init_time_ut:   1493614800
    valid_time_ut:  1493703000, <xarray.DataArray 'comp_dz' (n_samples: 1000, ne: 18, lat_dim: 128, lon_dim: 128)>
array([[[[19.992186  , 12.566406  ,  2.5166013 , ..., 38.53125   ,
          39.374996  , 40.3125    ],
         [19.828123  , 12.183594  ,  1.8623046 , ..., 39.53125   ,
          39.60937   , 39.90625   ],
         [15.031249  ,  4.5722656 ,  0.        , ..., 39.09375   ,
          38.031246  , 36.28125   ],
         ...,
         [ 0.        ,  0.        ,  0.        , ..., 24.375     ,
          23.867186  , 22.84375   ],
         [ 0.        ,  0.        ,  0.        , ..., 24.929688  ,
          24.335936  , 23.664062  ],
         [ 0.        ,  0.        ,  0.        , ..., 25.148438  ,
          24.242186  , 23.648438  ]],

        [[ 0.        ,  0.        ,  0.        , ..., 37.9375    ,
          38.45312   , 38.671875  ],
         [ 0.        ,  0.        ,  0.        , ..., 39.0625    ,
          39.343746  , 39.328125  ],
         [ 0.        ,  0.        ,  0.        , ..., 38.6875    ,
          38.749996  , 38.71875   ],
...
         [18.648438  , 17.78906   , 17.578125  , ...,  0.        ,
           0.        ,  0.        ],
         [23.109375  , 20.218748  , 18.34375   , ...,  0.        ,
           0.        ,  0.        ],
         [24.484375  , 22.124998  , 19.515625  , ...,  0.        ,
           0.        ,  0.        ]],

        [[ 0.        ,  0.        ,  0.        , ...,  0.        ,
           0.        ,  0.        ],
         [ 0.        ,  0.        ,  0.        , ...,  0.        ,
           0.        ,  0.        ],
         [ 0.        ,  0.        ,  0.        , ...,  0.        ,
           0.        ,  0.        ],
         ...,
         [19.429688  , 19.460936  , 19.859375  , ...,  0.        ,
           0.        ,  0.        ],
         [20.164062  , 19.968748  , 20.5625    , ...,  4.521484  ,
           1.15625   ,  0.        ],
         [19.4375    , 19.578123  , 20.359375  , ..., 11.042968  ,
           7.576172  ,  2.9580076 ]]]], dtype=float32)
Coordinates:
    lon      (n_samples, lat_dim, lon_dim) float32 -95.32 -95.29 ... -82.21
    lat      (n_samples, lat_dim, lon_dim) float32 31.35 31.35 ... 33.19 33.19
Dimensions without coordinates: n_samples, ne, lat_dim, lon_dim
Attributes:
    long_name:      Composite Reflectivity
    units:          dBZ
    level:          Z0
    init_time:      20170503_203000
    valid_time:     20170503_210000
    init_time_ut:   1493861400
    valid_time_ut:  1493863200, <xarray.DataArray 'comp_dz' (n_samples: 1000, ne: 18, lat_dim: 128, lon_dim: 128)>
array([[[[ 0.        ,  0.        ,  0.        , ...,  0.        ,
           0.        ,  0.        ],
         [ 0.        ,  0.        ,  0.        , ...,  0.        ,
           0.        ,  0.        ],
         [ 0.        ,  0.        ,  0.        , ...,  0.        ,
           0.        ,  0.        ],
         ...,
         [17.036854  , 19.573719  , 22.6105    , ...,  0.        ,
           0.        ,  0.        ],
         [18.072178  , 19.175316  , 20.908354  , ...,  0.22370932,
           0.        ,  0.        ],
         [21.722328  , 21.734013  , 20.77      , ...,  2.9396474 ,
           1.6345406 ,  0.        ]],

        [[ 0.        ,  0.        ,  0.        , ...,  0.        ,
           0.        ,  0.        ],
         [ 0.        ,  0.        ,  0.        , ...,  0.        ,
           0.        ,  0.        ],
         [ 0.        ,  0.        ,  0.        , ...,  0.        ,
           0.        ,  0.        ],
...
         [ 0.        ,  0.        ,  0.        , ...,  0.        ,
           0.        ,  0.        ],
         [ 0.        ,  0.        ,  0.        , ...,  0.        ,
           0.        ,  0.        ],
         [ 0.        ,  0.        ,  0.        , ...,  0.        ,
           0.        ,  0.        ]],

        [[ 0.        ,  0.        ,  0.        , ...,  0.        ,
           2.3665032 ,  0.        ],
         [ 0.        ,  0.        ,  0.        , ...,  0.        ,
           0.        ,  0.        ],
         [ 0.        ,  0.        ,  0.        , ...,  0.        ,
           0.        ,  0.        ],
         ...,
         [ 0.        ,  0.        ,  0.        , ...,  0.        ,
           0.        ,  0.        ],
         [ 0.        ,  0.        ,  0.        , ...,  0.        ,
           0.        ,  0.        ],
         [ 0.        ,  0.        ,  0.        , ...,  0.        ,
           0.        ,  0.        ]]]], dtype=float32)
Coordinates:
    lon      (n_samples, lat_dim, lon_dim) float32 -105.2 -105.2 ... -100.1
    lat      (n_samples, lat_dim, lon_dim) float32 31.43 31.43 ... 34.69 34.69
Dimensions without coordinates: n_samples, ne, lat_dim, lon_dim
Attributes:
    long_name:      Composite Reflectivity
    units:          dBZ
    level:          Z0
    init_time:      20170509_013000
    valid_time:     20170510_020000
    init_time_ut:   1494311400
    valid_time_ut:  1494399600, <xarray.DataArray 'comp_dz' (n_samples: 1000, ne: 18, lat_dim: 128, lon_dim: 128)>
array([[[[0.00000000e+00, 0.00000000e+00, 0.00000000e+00, ...,
          0.00000000e+00, 0.00000000e+00, 0.00000000e+00],
         [0.00000000e+00, 0.00000000e+00, 0.00000000e+00, ...,
          0.00000000e+00, 0.00000000e+00, 0.00000000e+00],
         [0.00000000e+00, 0.00000000e+00, 0.00000000e+00, ...,
          0.00000000e+00, 0.00000000e+00, 0.00000000e+00],
         ...,
         [1.07773438e+01, 8.48437405e+00, 3.92578125e+00, ...,
          0.00000000e+00, 0.00000000e+00, 0.00000000e+00],
         [1.18515625e+01, 9.83593655e+00, 5.12695312e+00, ...,
          0.00000000e+00, 0.00000000e+00, 0.00000000e+00],
         [8.81640625e+00, 8.59374905e+00, 5.59570312e+00, ...,
          0.00000000e+00, 0.00000000e+00, 0.00000000e+00]],

        [[0.00000000e+00, 0.00000000e+00, 0.00000000e+00, ...,
          2.86406231e+01, 2.49062500e+01, 2.22343731e+01],
         [0.00000000e+00, 0.00000000e+00, 0.00000000e+00, ...,
          2.80390606e+01, 2.48906250e+01, 2.21953106e+01],
         [0.00000000e+00, 0.00000000e+00, 0.00000000e+00, ...,
          2.83671856e+01, 2.54687500e+01, 2.30546856e+01],
...
          0.00000000e+00, 0.00000000e+00, 0.00000000e+00],
         [0.00000000e+00, 0.00000000e+00, 0.00000000e+00, ...,
          0.00000000e+00, 0.00000000e+00, 0.00000000e+00],
         [0.00000000e+00, 0.00000000e+00, 0.00000000e+00, ...,
          0.00000000e+00, 0.00000000e+00, 0.00000000e+00]],

        [[0.00000000e+00, 0.00000000e+00, 0.00000000e+00, ...,
          0.00000000e+00, 0.00000000e+00, 0.00000000e+00],
         [0.00000000e+00, 0.00000000e+00, 0.00000000e+00, ...,
          0.00000000e+00, 0.00000000e+00, 0.00000000e+00],
         [0.00000000e+00, 0.00000000e+00, 0.00000000e+00, ...,
          0.00000000e+00, 0.00000000e+00, 0.00000000e+00],
         ...,
         [0.00000000e+00, 0.00000000e+00, 0.00000000e+00, ...,
          0.00000000e+00, 0.00000000e+00, 0.00000000e+00],
         [0.00000000e+00, 0.00000000e+00, 0.00000000e+00, ...,
          0.00000000e+00, 0.00000000e+00, 0.00000000e+00],
         [0.00000000e+00, 0.00000000e+00, 0.00000000e+00, ...,
          0.00000000e+00, 0.00000000e+00, 0.00000000e+00]]]],
      dtype=float32)
Coordinates:
    lon      (n_samples, lat_dim, lon_dim) float32 -104.6 -104.6 ... -95.75
    lat      (n_samples, lat_dim, lon_dim) float32 39.13 39.13 ... 36.11 36.1
Dimensions without coordinates: n_samples, ne, lat_dim, lon_dim
Attributes:
    long_name:      Composite Reflectivity
    units:          dBZ
    level:          Z0
    init_time:      20170515_220000
    valid_time:     20170515_223000
    init_time_ut:   1494903600
    valid_time_ut:  1494905400, <xarray.DataArray 'comp_dz' (n_samples: 1000, ne: 18, lat_dim: 128, lon_dim: 128)>
array([[[[ 0.        ,  0.        ,  0.        , ..., 41.5197    ,
          42.796787  , 46.255535  ],
         [ 0.        ,  0.        ,  0.        , ..., 41.51409   ,
          40.91595   , 47.33066   ],
         [ 0.        ,  0.        ,  0.        , ..., 40.071774  ,
          38.978985  , 46.275505  ],
         ...,
         [ 3.600886  ,  2.0260718 ,  0.        , ..., 31.85871   ,
          31.273853  , 29.504583  ],
         [ 3.0269063 ,  1.1326092 ,  0.        , ..., 31.870564  ,
          30.393122  , 28.15179   ],
         [ 3.2965693 ,  1.7556739 ,  0.5166915 , ..., 32.237404  ,
          30.54537   , 28.856148  ]],

        [[ 0.        ,  0.        ,  0.        , ..., 38.71014   ,
          41.277233  , 43.933083  ],
         [ 0.        ,  0.        ,  0.        , ..., 39.494236  ,
          41.700287  , 43.23889   ],
         [ 0.        ,  0.        ,  0.        , ..., 38.91864   ,
          40.35132   , 41.185513  ],
...
         [ 9.123171  , 11.84451   , 13.435244  , ...,  0.        ,
           0.        ,  0.        ],
         [10.385366  , 12.100753  , 13.107492  , ...,  0.        ,
           0.        ,  0.        ],
         [12.720804  , 14.07288   , 15.814749  , ...,  0.        ,
           0.        ,  0.        ]],

        [[ 4.182544  ,  5.657032  ,  6.9106574 , ...,  0.        ,
           0.        ,  0.        ],
         [ 2.498576  ,  4.701112  ,  6.2739563 , ...,  0.        ,
           0.        ,  0.        ],
         [ 1.1942859 ,  3.2324197 ,  5.3128347 , ...,  0.        ,
           0.        ,  0.        ],
         ...,
         [22.126068  , 19.894535  , 18.005136  , ...,  0.        ,
           0.        ,  0.        ],
         [28.611927  , 25.316078  , 22.488955  , ...,  0.        ,
           0.        ,  0.        ],
         [31.494179  , 28.683432  , 25.38583   , ...,  0.        ,
           0.        ,  0.        ]]]], dtype=float32)
Coordinates:
    lon      (n_samples, lat_dim, lon_dim) float32 -101.0 -101.0 ... -94.97
    lat      (n_samples, lat_dim, lon_dim) float32 34.69 34.69 ... 37.82 37.82
Dimensions without coordinates: n_samples, ne, lat_dim, lon_dim
Attributes:
    long_name:      Composite Reflectivity
    units:          dBZ
    level:          Z0
    init_time:      20170518_030000
    valid_time:     20170519_033000
    init_time_ut:   1495094400
    valid_time_ut:  1495182600, <xarray.DataArray 'comp_dz' (n_samples: 1000, ne: 18, lat_dim: 128, lon_dim: 128)>
array([[[[34.56357   , 34.404114  , 34.701324  , ...,  0.        ,
           0.        ,  0.        ],
         [39.326115  , 39.98893   , 40.301968  , ...,  0.        ,
           0.        ,  0.        ],
         [40.68752   , 40.5163    , 38.695038  , ...,  0.        ,
           0.        ,  0.        ],
         ...,
         [ 0.        ,  0.        ,  0.        , ..., 35.730797  ,
          39.909615  , 39.528133  ],
         [ 0.        ,  0.        ,  0.        , ..., 32.696808  ,
          37.21287   , 38.789192  ],
         [ 0.        ,  0.        ,  0.        , ..., 30.341457  ,
          30.531633  , 32.827858  ]],

        [[28.371956  , 22.821548  , 20.478825  , ...,  0.        ,
           0.        ,  0.        ],
         [26.888445  , 24.150242  , 24.189901  , ...,  0.        ,
           0.        ,  0.        ],
         [26.19838   , 26.02003   , 26.407011  , ...,  0.        ,
           0.        ,  0.        ],
...
         [ 0.        ,  0.        ,  0.        , ...,  2.646378  ,
           3.964882  ,  3.471172  ],
         [ 0.        ,  0.        ,  0.        , ...,  4.156614  ,
           4.6518645 ,  3.0326648 ],
         [ 0.        ,  0.        ,  0.        , ...,  1.1995412 ,
           1.3621552 ,  0.        ]],

        [[ 0.        ,  0.        ,  0.        , ...,  0.        ,
           0.        ,  0.        ],
         [ 0.        ,  0.        ,  0.        , ...,  0.        ,
           0.        ,  0.        ],
         [ 0.        ,  0.        ,  0.        , ...,  0.        ,
           0.        ,  0.        ],
         ...,
         [ 0.        ,  0.        ,  0.        , ...,  0.        ,
           0.        ,  0.        ],
         [ 0.        ,  0.        ,  0.        , ...,  0.        ,
           0.        ,  0.        ],
         [ 0.        ,  0.        ,  0.        , ...,  0.        ,
           0.        ,  0.        ]]]], dtype=float32)
Coordinates:
    lon      (n_samples, lat_dim, lon_dim) float32 -100.0 -99.98 ... -97.07
    lat      (n_samples, lat_dim, lon_dim) float32 27.31 27.31 ... 29.42 29.41
Dimensions without coordinates: n_samples, ne, lat_dim, lon_dim
Attributes:
    long_name:      Composite Reflectivity
    units:          dBZ
    level:          Z0
    init_time:      20170523_000000
    valid_time:     20170524_003000
    init_time_ut:   1495515600
    valid_time_ut:  1495603800, <xarray.DataArray 'comp_dz' (n_samples: 1000, ne: 18, lat_dim: 128, lon_dim: 128)>
array([[[[ 0.        ,  0.        ,  0.        , ..., 33.34375   ,
          27.22656   , 24.585938  ],
         [ 0.        ,  0.        ,  0.        , ..., 35.59375   ,
          29.812498  , 27.054688  ],
         [ 0.        ,  0.        ,  0.        , ..., 33.28125   ,
          29.91406   , 27.867188  ],
         ...,
         [27.468748  , 28.117188  , 24.203123  , ...,  0.        ,
           0.        ,  0.        ],
         [35.031246  , 35.75      , 33.937496  , ...,  0.        ,
           0.        ,  0.        ],
         [41.79687   , 40.28125   , 39.14062   , ...,  0.        ,
           0.        ,  0.        ]],

        [[ 0.        ,  0.        ,  0.        , ...,  0.        ,
           0.        ,  0.        ],
         [ 0.        ,  0.        ,  0.        , ...,  0.        ,
           0.        ,  0.        ],
         [ 0.        ,  0.        ,  0.        , ...,  0.        ,
           0.        ,  0.        ],
...
         [40.578125  , 39.82812   , 39.21875   , ...,  0.        ,
           0.        ,  0.        ],
         [43.421875  , 42.406246  , 42.609375  , ...,  0.        ,
           0.        ,  0.        ],
         [42.640625  , 42.70312   , 43.890625  , ...,  0.        ,
           0.        ,  0.        ]],

        [[31.96875   , 29.273436  , 26.210938  , ...,  0.        ,
           0.        ,  0.        ],
         [39.78125   , 37.29687   , 33.75      , ...,  0.        ,
           0.        ,  0.        ],
         [43.65625   , 41.437496  , 37.234375  , ...,  0.        ,
           0.        ,  0.        ],
         ...,
         [40.265625  , 40.812496  , 41.765625  , ...,  0.        ,
           0.        ,  0.        ],
         [41.9375    , 41.343746  , 42.421875  , ...,  0.        ,
           0.        ,  0.        ],
         [40.8125    , 41.14062   , 42.84375   , ...,  0.        ,
           0.        ,  0.        ]]]], dtype=float32)
Coordinates:
    lon      (n_samples, lat_dim, lon_dim) float32 -104.4 -104.3 ... -97.97
    lat      (n_samples, lat_dim, lon_dim) float32 36.41 36.41 ... 41.63 41.62
Dimensions without coordinates: n_samples, ne, lat_dim, lon_dim
Attributes:
    long_name:      Composite Reflectivity
    units:          dBZ
    level:          Z0
    init_time:      20170525_203000
    valid_time:     20170525_210000
    init_time_ut:   1495762200
    valid_time_ut:  1495764000, <xarray.DataArray 'comp_dz' (n_samples: 1000, ne: 18, lat_dim: 128, lon_dim: 128)>
array([[[[0.00000000e+00, 0.00000000e+00, 0.00000000e+00, ...,
          0.00000000e+00, 0.00000000e+00, 0.00000000e+00],
         [0.00000000e+00, 0.00000000e+00, 0.00000000e+00, ...,
          0.00000000e+00, 0.00000000e+00, 0.00000000e+00],
         [0.00000000e+00, 0.00000000e+00, 0.00000000e+00, ...,
          0.00000000e+00, 0.00000000e+00, 0.00000000e+00],
         ...,
         [0.00000000e+00, 0.00000000e+00, 0.00000000e+00, ...,
          0.00000000e+00, 5.21240175e-01, 6.70703125e+00],
         [0.00000000e+00, 0.00000000e+00, 0.00000000e+00, ...,
          0.00000000e+00, 2.69433570e+00, 8.33593750e+00],
         [0.00000000e+00, 0.00000000e+00, 0.00000000e+00, ...,
          0.00000000e+00, 5.03320265e+00, 9.07031250e+00]],

        [[0.00000000e+00, 0.00000000e+00, 0.00000000e+00, ...,
          0.00000000e+00, 0.00000000e+00, 0.00000000e+00],
         [0.00000000e+00, 0.00000000e+00, 0.00000000e+00, ...,
          0.00000000e+00, 0.00000000e+00, 0.00000000e+00],
         [0.00000000e+00, 0.00000000e+00, 0.00000000e+00, ...,
          0.00000000e+00, 0.00000000e+00, 0.00000000e+00],
...
          1.99062481e+01, 1.95468750e+01, 1.90234356e+01],
         [0.00000000e+00, 0.00000000e+00, 0.00000000e+00, ...,
          2.03671856e+01, 2.05546875e+01, 2.04374981e+01],
         [0.00000000e+00, 0.00000000e+00, 0.00000000e+00, ...,
          2.11015606e+01, 2.17265625e+01, 2.18515606e+01]],

        [[0.00000000e+00, 0.00000000e+00, 0.00000000e+00, ...,
          0.00000000e+00, 0.00000000e+00, 0.00000000e+00],
         [0.00000000e+00, 0.00000000e+00, 0.00000000e+00, ...,
          0.00000000e+00, 0.00000000e+00, 0.00000000e+00],
         [0.00000000e+00, 0.00000000e+00, 0.00000000e+00, ...,
          0.00000000e+00, 0.00000000e+00, 0.00000000e+00],
         ...,
         [0.00000000e+00, 0.00000000e+00, 0.00000000e+00, ...,
          1.86328106e+01, 1.75703125e+01, 1.65312481e+01],
         [0.00000000e+00, 0.00000000e+00, 0.00000000e+00, ...,
          1.82578106e+01, 1.75156250e+01, 1.68671856e+01],
         [0.00000000e+00, 0.00000000e+00, 0.00000000e+00, ...,
          1.79687481e+01, 1.75859375e+01, 1.63671856e+01]]]],
      dtype=float32)
Coordinates:
    lon      (n_samples, lat_dim, lon_dim) float32 -79.78 -79.74 ... -75.78
    lat      (n_samples, lat_dim, lon_dim) float32 39.6 39.6 ... 42.69 42.69
Dimensions without coordinates: n_samples, ne, lat_dim, lon_dim
Attributes:
    long_name:      Composite Reflectivity
    units:          dBZ
    level:          Z0
    init_time:      20170530_013000
    valid_time:     20170531_020000
    init_time_ut:   1496125800
    valid_time_ut:  1496214000, <xarray.DataArray 'comp_dz' (n_samples: 450, ne: 18, lat_dim: 128, lon_dim: 128)>
array([[[[ 0.        ,  0.        ,  0.        , ...,  0.        ,
           0.        ,  0.        ],
         [ 0.        ,  0.        ,  0.        , ...,  0.        ,
           0.        ,  0.        ],
         [ 0.        ,  0.        ,  0.        , ...,  0.        ,
           0.        ,  0.        ],
         ...,
         [ 0.        ,  0.        ,  9.277344  , ..., 19.804686  ,
          10.792969  ,  7.572265  ],
         [ 0.        ,  0.        ,  6.1777344 , ..., 13.968749  ,
          10.6171875 ,  9.628905  ],
         [ 0.        ,  0.        ,  3.5195312 , ..., 13.816405  ,
          12.925781  , 11.792968  ]],

        [[15.6171875 ,  7.679687  ,  9.871094  , ...,  0.        ,
           0.        ,  0.        ],
         [14.683594  ,  6.61914   , 14.535156  , ...,  0.        ,
           0.        ,  0.        ],
         [14.761719  ,  6.353515  , 16.742188  , ...,  0.        ,
           0.        ,  0.        ],
...
         [26.898436  , 26.476562  , 26.265623  , ...,  0.        ,
           0.        ,  0.        ],
         [22.22656   , 20.375     , 21.046873  , ...,  0.        ,
           0.        ,  0.        ],
         [17.062498  , 16.8125    , 18.031248  , ...,  0.        ,
           0.        ,  0.        ]],

        [[32.85937   , 27.554688  , 20.249998  , ...,  0.        ,
           0.        ,  0.        ],
         [33.57812   , 28.585938  , 22.50781   , ...,  0.        ,
           0.        ,  0.        ],
         [31.960936  , 28.015625  , 26.679686  , ...,  0.        ,
           0.        ,  0.        ],
         ...,
         [45.42187   , 53.078125  , 55.156246  , ...,  0.        ,
           0.        ,  0.        ],
         [44.29687   , 50.28125   , 52.093746  , ...,  0.        ,
           0.        ,  0.        ],
         [41.20312   , 46.515625  , 48.64062   , ...,  0.        ,
           0.        ,  0.        ]]]], dtype=float32)
Coordinates:
    lon      (n_samples, lat_dim, lon_dim) float32 -104.2 -104.1 ... -96.57
    lat      (n_samples, lat_dim, lon_dim) float32 42.8 42.8 ... 45.98 45.98
Dimensions without coordinates: n_samples, ne, lat_dim, lon_dim
Attributes:
    long_name:      Composite Reflectivity
    units:          dBZ
    level:          Z0
    init_time:      20170602_220000
    valid_time:     20170602_223000
    init_time_ut:   1496458800
    valid_time_ut:  1496460600, <xarray.DataArray 'comp_dz' (n_samples: 1000, ne: 18, lat_dim: 128, lon_dim: 128)>
array([[[[ 0.        ,  0.        ,  0.        , ...,  0.        ,
           0.        ,  0.        ],
         [ 0.        ,  0.        ,  0.        , ...,  0.        ,
           0.        ,  0.        ],
         [ 0.        ,  0.        ,  0.        , ...,  0.        ,
           0.        ,  0.        ],
         ...,
         [10.675781  , 12.949218  , 15.324219  , ...,  0.        ,
           0.        ,  0.        ],
         [ 9.8515625 , 11.941405  , 14.1640625 , ...,  0.        ,
           0.        ,  0.        ],
         [ 9.1875    , 10.218749  , 11.699219  , ...,  0.        ,
           0.        ,  0.        ]],

        [[ 0.        ,  0.        ,  0.        , ...,  0.        ,
           0.        ,  0.        ],
         [ 0.        ,  0.        ,  0.        , ...,  0.        ,
           0.        ,  0.        ],
         [ 0.        ,  0.        ,  0.        , ...,  0.        ,
           0.        ,  0.        ],
...
         [ 0.        ,  0.        ,  0.        , ...,  0.        ,
           0.        ,  0.        ],
         [ 0.        ,  0.        ,  0.        , ...,  0.        ,
           0.        ,  0.        ],
         [ 0.        ,  0.        ,  0.        , ...,  0.        ,
           0.        ,  0.        ]],

        [[ 0.        ,  0.        ,  0.        , ...,  0.        ,
           0.        ,  0.        ],
         [ 0.        ,  0.        ,  0.        , ...,  0.        ,
           0.        ,  0.        ],
         [ 0.        ,  0.        ,  0.        , ...,  0.        ,
           0.        ,  0.        ],
         ...,
         [ 0.        ,  0.        ,  0.        , ...,  0.        ,
           0.        ,  0.        ],
         [ 0.        ,  0.        ,  0.        , ...,  0.        ,
           0.        ,  0.        ],
         [ 0.        ,  0.        ,  0.        , ...,  0.        ,
           0.        ,  0.        ]]]], dtype=float32)
Coordinates:
    lon      (n_samples, lat_dim, lon_dim) float32 -103.6 -103.6 ... -100.1
    lat      (n_samples, lat_dim, lon_dim) float32 33.74 33.74 ... 35.48 35.48
Dimensions without coordinates: n_samples, ne, lat_dim, lon_dim
Attributes:
    long_name:      Composite Reflectivity
    units:          dBZ
    level:          Z0
    init_time:      20180429_000000
    valid_time:     20180430_003000
    init_time_ut:   1524978000
    valid_time_ut:  1525066200, <xarray.DataArray 'comp_dz' (n_samples: 1000, ne: 18, lat_dim: 128, lon_dim: 128)>
array([[[[2.19296875e+01, 2.00390606e+01, 2.04843750e+01, ...,
          4.42656212e+01, 4.14375000e+01, 3.63593712e+01],
         [2.07656250e+01, 1.83437481e+01, 1.70703125e+01, ...,
          4.05156212e+01, 3.95937500e+01, 3.57812462e+01],
         [1.99687500e+01, 1.83671856e+01, 1.42460938e+01, ...,
          3.37499962e+01, 3.36875000e+01, 3.14921856e+01],
         ...,
         [0.00000000e+00, 0.00000000e+00, 0.00000000e+00, ...,
          4.72851515e+00, 4.36718750e+00, 3.29199195e+00],
         [0.00000000e+00, 0.00000000e+00, 0.00000000e+00, ...,
          5.43164015e+00, 5.19726562e+00, 4.42382765e+00],
         [0.00000000e+00, 0.00000000e+00, 0.00000000e+00, ...,
          5.41601515e+00, 5.28710938e+00, 4.90429640e+00]],

        [[2.34375000e+01, 2.39999981e+01, 2.10234375e+01, ...,
          1.45976553e+01, 1.12148438e+01, 5.73828077e+00],
         [2.09921875e+01, 2.12109356e+01, 1.96796875e+01, ...,
          1.49960928e+01, 1.16914062e+01, 9.88671780e+00],
         [1.82343750e+01, 1.83984356e+01, 1.79843750e+01, ...,
          1.71249981e+01, 1.37890625e+01, 1.34687490e+01],
...
          2.66015606e+01, 2.79453125e+01, 2.99609356e+01],
         [0.00000000e+00, 0.00000000e+00, 0.00000000e+00, ...,
          2.57656231e+01, 2.72187500e+01, 2.96796856e+01],
         [0.00000000e+00, 0.00000000e+00, 0.00000000e+00, ...,
          2.47421856e+01, 2.61718750e+01, 2.86328106e+01]],

        [[0.00000000e+00, 0.00000000e+00, 0.00000000e+00, ...,
          0.00000000e+00, 0.00000000e+00, 0.00000000e+00],
         [0.00000000e+00, 0.00000000e+00, 0.00000000e+00, ...,
          0.00000000e+00, 0.00000000e+00, 0.00000000e+00],
         [0.00000000e+00, 0.00000000e+00, 0.00000000e+00, ...,
          0.00000000e+00, 0.00000000e+00, 0.00000000e+00],
         ...,
         [0.00000000e+00, 0.00000000e+00, 0.00000000e+00, ...,
          2.73281231e+01, 2.79296875e+01, 2.84531231e+01],
         [0.00000000e+00, 0.00000000e+00, 0.00000000e+00, ...,
          2.70781231e+01, 2.76875000e+01, 2.86249981e+01],
         [0.00000000e+00, 0.00000000e+00, 0.00000000e+00, ...,
          2.66484356e+01, 2.72500000e+01, 2.86249981e+01]]]],
      dtype=float32)
Coordinates:
    lon      (n_samples, lat_dim, lon_dim) float32 -104.3 -104.2 ... -97.64
    lat      (n_samples, lat_dim, lon_dim) float32 41.04 41.04 ... 44.34 44.34
Dimensions without coordinates: n_samples, ne, lat_dim, lon_dim
Attributes:
    long_name:      Composite Reflectivity
    units:          dBZ
    level:          Z0
    init_time:      20180430_000000
    valid_time:     20180501_003000
    init_time_ut:   1525064400
    valid_time_ut:  1525152600, <xarray.DataArray 'comp_dz' (n_samples: 1000, ne: 18, lat_dim: 128, lon_dim: 128)>
array([[[[0.00000000e+00, 0.00000000e+00, 0.00000000e+00, ...,
          0.00000000e+00, 0.00000000e+00, 0.00000000e+00],
         [0.00000000e+00, 0.00000000e+00, 0.00000000e+00, ...,
          0.00000000e+00, 0.00000000e+00, 0.00000000e+00],
         [0.00000000e+00, 0.00000000e+00, 0.00000000e+00, ...,
          0.00000000e+00, 0.00000000e+00, 0.00000000e+00],
         ...,
         [1.66015625e+01, 1.81718731e+01, 2.02109375e+01, ...,
          0.00000000e+00, 0.00000000e+00, 0.00000000e+00],
         [1.83046875e+01, 2.03046856e+01, 2.21875000e+01, ...,
          0.00000000e+00, 0.00000000e+00, 0.00000000e+00],
         [2.10156250e+01, 2.27421856e+01, 2.36406250e+01, ...,
          0.00000000e+00, 0.00000000e+00, 0.00000000e+00]],

        [[0.00000000e+00, 0.00000000e+00, 0.00000000e+00, ...,
          0.00000000e+00, 0.00000000e+00, 0.00000000e+00],
         [0.00000000e+00, 0.00000000e+00, 0.00000000e+00, ...,
          0.00000000e+00, 0.00000000e+00, 0.00000000e+00],
         [0.00000000e+00, 0.00000000e+00, 0.00000000e+00, ...,
          0.00000000e+00, 0.00000000e+00, 0.00000000e+00],
...
          3.42500000e+01, 3.74687462e+01, 3.69687500e+01],
         [2.92109356e+01, 2.87265625e+01, 2.85234356e+01, ...,
          3.14375000e+01, 3.37187462e+01, 3.35156250e+01],
         [2.90390606e+01, 2.83281250e+01, 2.87187481e+01, ...,
          3.06250000e+01, 3.09218731e+01, 3.05625000e+01]],

        [[2.79687481e+01, 2.08281250e+01, 1.39218740e+01, ...,
          0.00000000e+00, 0.00000000e+00, 0.00000000e+00],
         [3.16640606e+01, 2.45781250e+01, 1.79374981e+01, ...,
          0.00000000e+00, 0.00000000e+00, 0.00000000e+00],
         [3.21874962e+01, 2.53593750e+01, 1.95156231e+01, ...,
          0.00000000e+00, 0.00000000e+00, 0.00000000e+00],
         ...,
         [3.09218731e+01, 3.14375000e+01, 3.24374962e+01, ...,
          4.53906250e+01, 4.19062462e+01, 3.89062500e+01],
         [3.16328106e+01, 3.18046875e+01, 3.14999981e+01, ...,
          4.79843750e+01, 4.61093712e+01, 4.18125000e+01],
         [3.20781212e+01, 3.21406250e+01, 3.14609356e+01, ...,
          4.52812500e+01, 4.45312462e+01, 3.99531250e+01]]]],
      dtype=float32)
Coordinates:
    lon      (n_samples, lat_dim, lon_dim) float32 -99.02 -98.98 ... -89.86
    lat      (n_samples, lat_dim, lon_dim) float32 34.56 34.56 ... 43.14 43.13
Dimensions without coordinates: n_samples, ne, lat_dim, lon_dim
Attributes:
    long_name:      Composite Reflectivity
    units:          dBZ
    level:          Z0
    init_time:      20180502_203000
    valid_time:     20180502_210000
    init_time_ut:   1525311000
    valid_time_ut:  1525312800, <xarray.DataArray 'comp_dz' (n_samples: 1000, ne: 18, lat_dim: 128, lon_dim: 128)>
array([[[[0.00000000e+00, 0.00000000e+00, 0.00000000e+00, ...,
          0.00000000e+00, 0.00000000e+00, 0.00000000e+00],
         [0.00000000e+00, 0.00000000e+00, 0.00000000e+00, ...,
          0.00000000e+00, 0.00000000e+00, 1.84374988e+00],
         [0.00000000e+00, 0.00000000e+00, 0.00000000e+00, ...,
          0.00000000e+00, 2.43847656e+00, 4.30273390e+00],
         ...,
         [2.99687500e+01, 3.06328106e+01, 2.74687500e+01, ...,
          2.64374981e+01, 2.42968750e+01, 2.32578106e+01],
         [2.19609375e+01, 2.03593731e+01, 1.62812500e+01, ...,
          2.36718731e+01, 2.54843750e+01, 2.65703106e+01],
         [1.34609375e+01, 9.89062405e+00, 8.35156250e+00, ...,
          2.07109356e+01, 2.47656250e+01, 2.73437481e+01]],

        [[0.00000000e+00, 0.00000000e+00, 0.00000000e+00, ...,
          0.00000000e+00, 0.00000000e+00, 0.00000000e+00],
         [0.00000000e+00, 0.00000000e+00, 0.00000000e+00, ...,
          0.00000000e+00, 0.00000000e+00, 0.00000000e+00],
         [0.00000000e+00, 0.00000000e+00, 0.00000000e+00, ...,
          0.00000000e+00, 0.00000000e+00, 0.00000000e+00],
...
          1.77656231e+01, 1.66015625e+01, 1.51015615e+01],
         [0.00000000e+00, 3.45947236e-01, 1.43554688e+00, ...,
          1.25507803e+01, 1.40742188e+01, 1.54414053e+01],
         [0.00000000e+00, 0.00000000e+00, 0.00000000e+00, ...,
          9.28906155e+00, 1.33437500e+01, 1.76953106e+01]],

        [[0.00000000e+00, 0.00000000e+00, 0.00000000e+00, ...,
          0.00000000e+00, 0.00000000e+00, 0.00000000e+00],
         [0.00000000e+00, 0.00000000e+00, 0.00000000e+00, ...,
          0.00000000e+00, 0.00000000e+00, 0.00000000e+00],
         [0.00000000e+00, 0.00000000e+00, 0.00000000e+00, ...,
          0.00000000e+00, 0.00000000e+00, 0.00000000e+00],
         ...,
         [1.73984375e+01, 1.37343740e+01, 1.12109375e+01, ...,
          1.56484365e+01, 1.74218750e+01, 1.76328106e+01],
         [1.79843750e+01, 1.47968740e+01, 1.21953125e+01, ...,
          1.60156231e+01, 1.96796875e+01, 2.12734356e+01],
         [1.55312500e+01, 1.38789053e+01, 1.21210938e+01, ...,
          1.61562481e+01, 2.10703125e+01, 2.36015606e+01]]]],
      dtype=float32)
Coordinates:
    lon      (n_samples, lat_dim, lon_dim) float32 -104.3 -104.2 ... -100.0
    lat      (n_samples, lat_dim, lon_dim) float32 43.15 43.15 ... 45.35 45.35
Dimensions without coordinates: n_samples, ne, lat_dim, lon_dim
Attributes:
    long_name:      Composite Reflectivity
    units:          dBZ
    level:          Z0
    init_time:      20180507_013000
    valid_time:     20180508_020000
    init_time_ut:   1525674600
    valid_time_ut:  1525762800, <xarray.DataArray 'comp_dz' (n_samples: 1000, ne: 18, lat_dim: 128, lon_dim: 128)>
array([[[[2.70898414e+00, 7.87658691e-02, 0.00000000e+00, ...,
          0.00000000e+00, 0.00000000e+00, 0.00000000e+00],
         [2.47753882e+00, 0.00000000e+00, 0.00000000e+00, ...,
          0.00000000e+00, 0.00000000e+00, 0.00000000e+00],
         [7.81005800e-01, 0.00000000e+00, 0.00000000e+00, ...,
          0.00000000e+00, 0.00000000e+00, 0.00000000e+00],
         ...,
         [0.00000000e+00, 0.00000000e+00, 0.00000000e+00, ...,
          1.16914062e+01, 1.12226553e+01, 1.15742188e+01],
         [0.00000000e+00, 0.00000000e+00, 0.00000000e+00, ...,
          1.20937500e+01, 1.18437490e+01, 1.17656250e+01],
         [0.00000000e+00, 0.00000000e+00, 0.00000000e+00, ...,
          1.31210938e+01, 1.23203115e+01, 1.13320312e+01]],

        [[0.00000000e+00, 0.00000000e+00, 0.00000000e+00, ...,
          0.00000000e+00, 0.00000000e+00, 0.00000000e+00],
         [0.00000000e+00, 0.00000000e+00, 0.00000000e+00, ...,
          0.00000000e+00, 0.00000000e+00, 0.00000000e+00],
         [8.07800218e-02, 0.00000000e+00, 0.00000000e+00, ...,
          0.00000000e+00, 0.00000000e+00, 0.00000000e+00],
...
          0.00000000e+00, 0.00000000e+00, 0.00000000e+00],
         [2.91171875e+01, 2.56015606e+01, 2.04843750e+01, ...,
          0.00000000e+00, 0.00000000e+00, 0.00000000e+00],
         [2.84218750e+01, 2.45234356e+01, 1.89375000e+01, ...,
          0.00000000e+00, 0.00000000e+00, 0.00000000e+00]],

        [[0.00000000e+00, 0.00000000e+00, 0.00000000e+00, ...,
          0.00000000e+00, 0.00000000e+00, 0.00000000e+00],
         [0.00000000e+00, 0.00000000e+00, 0.00000000e+00, ...,
          0.00000000e+00, 0.00000000e+00, 0.00000000e+00],
         [0.00000000e+00, 0.00000000e+00, 0.00000000e+00, ...,
          0.00000000e+00, 0.00000000e+00, 0.00000000e+00],
         ...,
         [0.00000000e+00, 0.00000000e+00, 0.00000000e+00, ...,
          0.00000000e+00, 0.00000000e+00, 0.00000000e+00],
         [0.00000000e+00, 0.00000000e+00, 0.00000000e+00, ...,
          0.00000000e+00, 0.00000000e+00, 0.00000000e+00],
         [7.50781250e+00, 4.15624952e+00, 8.28613281e-01, ...,
          0.00000000e+00, 0.00000000e+00, 0.00000000e+00]]]],
      dtype=float32)
Coordinates:
    lon      (n_samples, lat_dim, lon_dim) float32 -77.71 -77.68 ... -100.9
    lat      (n_samples, lat_dim, lon_dim) float32 39.62 39.62 ... 41.74 41.74
Dimensions without coordinates: n_samples, ne, lat_dim, lon_dim
Attributes:
    long_name:      Composite Reflectivity
    units:          dBZ
    level:          Z0
    init_time:      20180510_220000
    valid_time:     20180510_223000
    init_time_ut:   1526007600
    valid_time_ut:  1526009400, <xarray.DataArray 'comp_dz' (n_samples: 1000, ne: 18, lat_dim: 128, lon_dim: 128)>
array([[[[34.09375   , 32.937496  , 31.875     , ...,  0.        ,
           0.        ,  0.        ],
         [33.453125  , 33.01562   , 32.421875  , ...,  0.        ,
           0.        ,  0.        ],
         [32.84375   , 32.781246  , 32.671875  , ...,  0.        ,
           0.        ,  0.        ],
         ...,
         [ 0.        ,  0.        ,  0.        , ..., 34.187496  ,
          34.59375   , 33.48437   ],
         [ 0.        ,  0.        ,  0.        , ..., 33.26562   ,
          34.1875    , 33.73437   ],
         [ 0.        ,  0.        ,  0.        , ..., 32.624996  ,
          33.53125   , 33.79687   ]],

        [[36.96875   , 36.60937   , 36.296875  , ...,  0.        ,
           0.        ,  0.        ],
         [35.78125   , 35.60937   , 35.515625  , ...,  0.        ,
           0.        ,  0.        ],
         [36.59375   , 35.968746  , 34.890625  , ...,  0.        ,
           0.        ,  0.        ],
...
         [ 0.        ,  0.        ,  0.        , ...,  0.        ,
           0.        ,  0.        ],
         [ 0.        ,  0.        ,  0.        , ...,  0.        ,
           0.        ,  0.        ],
         [ 0.        ,  0.        ,  0.        , ...,  0.        ,
           0.        ,  0.        ]],

        [[ 0.        ,  0.        ,  0.        , ...,  0.        ,
           0.        ,  0.        ],
         [ 0.        ,  0.        ,  0.        , ...,  0.        ,
           0.        ,  0.        ],
         [ 0.        ,  0.        ,  0.        , ...,  0.        ,
           0.        ,  0.        ],
         ...,
         [ 0.        ,  0.        ,  0.        , ...,  0.        ,
           0.        ,  0.        ],
         [ 0.        ,  0.        ,  0.        , ...,  0.        ,
           0.        ,  0.        ],
         [ 0.        ,  0.        ,  0.        , ...,  0.        ,
           0.        ,  0.        ]]]], dtype=float32)
Coordinates:
    lon      (n_samples, lat_dim, lon_dim) float32 -98.5 -98.46 ... -93.29
    lat      (n_samples, lat_dim, lon_dim) float32 35.21 35.21 ... 37.5 37.5
Dimensions without coordinates: n_samples, ne, lat_dim, lon_dim
Attributes:
    long_name:      Composite Reflectivity
    units:          dBZ
    level:          Z0
    init_time:      20180514_030000
    valid_time:     20180515_033000
    init_time_ut:   1526284800
    valid_time_ut:  1526373000, <xarray.DataArray 'comp_dz' (n_samples: 1000, ne: 18, lat_dim: 128, lon_dim: 128)>
array([[[[0.00000000e+00, 0.00000000e+00, 0.00000000e+00, ...,
          0.00000000e+00, 0.00000000e+00, 0.00000000e+00],
         [0.00000000e+00, 0.00000000e+00, 0.00000000e+00, ...,
          0.00000000e+00, 0.00000000e+00, 0.00000000e+00],
         [0.00000000e+00, 0.00000000e+00, 0.00000000e+00, ...,
          0.00000000e+00, 0.00000000e+00, 0.00000000e+00],
         ...,
         [0.00000000e+00, 0.00000000e+00, 0.00000000e+00, ...,
          0.00000000e+00, 0.00000000e+00, 0.00000000e+00],
         [0.00000000e+00, 0.00000000e+00, 0.00000000e+00, ...,
          0.00000000e+00, 0.00000000e+00, 0.00000000e+00],
         [0.00000000e+00, 0.00000000e+00, 0.00000000e+00, ...,
          0.00000000e+00, 0.00000000e+00, 0.00000000e+00]],

        [[0.00000000e+00, 0.00000000e+00, 2.02734351e+00, ...,
          0.00000000e+00, 0.00000000e+00, 0.00000000e+00],
         [0.00000000e+00, 0.00000000e+00, 1.78564441e+00, ...,
          0.00000000e+00, 0.00000000e+00, 0.00000000e+00],
         [0.00000000e+00, 0.00000000e+00, 1.39697254e+00, ...,
          0.00000000e+00, 0.00000000e+00, 0.00000000e+00],
...
          0.00000000e+00, 0.00000000e+00, 0.00000000e+00],
         [1.73515625e+01, 1.24257803e+01, 9.62109375e+00, ...,
          2.03186020e-01, 4.75390625e+00, 4.67382765e+00],
         [2.77421875e+01, 2.15859356e+01, 1.59335938e+01, ...,
          0.00000000e+00, 7.14257812e+00, 1.10156240e+01]],

        [[1.28476562e+01, 1.63593731e+01, 1.95078125e+01, ...,
          9.69531155e+00, 8.91015625e+00, 7.03320265e+00],
         [1.06523438e+01, 1.48124990e+01, 1.82734375e+01, ...,
          6.54687452e+00, 5.07617188e+00, 2.85351539e+00],
         [9.48046875e+00, 1.31054678e+01, 1.65781250e+01, ...,
          3.53222632e+00, 2.88183594e+00, 2.19726539e+00],
         ...,
         [0.00000000e+00, 0.00000000e+00, 0.00000000e+00, ...,
          0.00000000e+00, 0.00000000e+00, 0.00000000e+00],
         [0.00000000e+00, 0.00000000e+00, 0.00000000e+00, ...,
          0.00000000e+00, 0.00000000e+00, 0.00000000e+00],
         [0.00000000e+00, 0.00000000e+00, 0.00000000e+00, ...,
          0.00000000e+00, 0.00000000e+00, 0.00000000e+00]]]],
      dtype=float32)
Coordinates:
    lon      (n_samples, lat_dim, lon_dim) float32 -100.6 -100.5 ... -93.61
    lat      (n_samples, lat_dim, lon_dim) float32 34.77 34.77 ... 40.52 40.51
Dimensions without coordinates: n_samples, ne, lat_dim, lon_dim
Attributes:
    long_name:      Composite Reflectivity
    units:          dBZ
    level:          Z0
    init_time:      20180519_000000
    valid_time:     20180520_003000
    init_time_ut:   1526706000
    valid_time_ut:  1526794200, <xarray.DataArray 'comp_dz' (n_samples: 1000, ne: 18, lat_dim: 128, lon_dim: 128)>
array([[[[ 0.        ,  0.        ,  0.        , ...,  0.        ,
           0.        ,  0.        ],
         [ 0.        ,  0.        ,  0.        , ...,  0.        ,
           0.        ,  0.        ],
         [ 0.        ,  0.        ,  0.        , ...,  0.        ,
           0.        ,  0.        ],
         ...,
         [ 0.        ,  0.        ,  0.        , ...,  1.5361328 ,
           0.        ,  0.        ],
         [ 0.        ,  0.        ,  0.        , ...,  4.0273438 ,
           0.24560545,  0.        ],
         [ 0.        ,  0.        ,  0.        , ...,  6.796875  ,
           6.7499995 ,  5.9921875 ]],

        [[ 0.        ,  0.        ,  0.        , ...,  0.        ,
           0.        ,  0.        ],
         [ 0.        ,  0.        ,  0.        , ...,  0.        ,
           0.        ,  0.        ],
         [ 0.        ,  0.        ,  0.        , ...,  0.        ,
           0.        ,  0.        ],
...
         [ 0.        ,  0.        ,  0.        , ...,  0.        ,
           0.        ,  0.        ],
         [ 0.        ,  0.        ,  0.        , ...,  0.        ,
           0.        ,  0.        ],
         [ 0.        ,  0.        ,  0.        , ...,  0.        ,
           0.        ,  0.        ]],

        [[ 0.        ,  0.        ,  0.        , ...,  0.0953064 ,
           2.660156  ,  4.501953  ],
         [ 0.        ,  0.        ,  0.        , ...,  0.        ,
           0.        ,  0.        ],
         [ 0.        ,  0.        ,  0.        , ...,  0.        ,
           0.        ,  0.        ],
         ...,
         [ 0.        ,  0.        ,  0.        , ...,  0.        ,
           0.        ,  0.        ],
         [ 0.        ,  0.        ,  0.        , ...,  0.        ,
           0.        ,  0.        ],
         [ 0.        ,  0.        ,  0.        , ...,  0.        ,
           0.        ,  0.        ]]]], dtype=float32)
Coordinates:
    lon      (n_samples, lat_dim, lon_dim) float32 -102.8 -102.8 ... -95.77
    lat      (n_samples, lat_dim, lon_dim) float32 40.14 40.14 ... 47.75 47.75
Dimensions without coordinates: n_samples, ne, lat_dim, lon_dim
Attributes:
    long_name:      Composite Reflectivity
    units:          dBZ
    level:          Z0
    init_time:      20180523_203000
    valid_time:     20180523_210000
    init_time_ut:   1527125400
    valid_time_ut:  1527127200, <xarray.DataArray 'comp_dz' (n_samples: 1000, ne: 18, lat_dim: 128, lon_dim: 128)>
array([[[[ 0.        ,  0.        ,  0.        , ...,  0.        ,
           0.        ,  0.        ],
         [ 0.        ,  0.        ,  0.        , ...,  0.        ,
           0.        ,  0.        ],
         [ 0.        ,  0.        ,  0.        , ...,  0.        ,
           0.        ,  0.        ],
         ...,
         [12.980468  , 10.527344  ,  8.558593  , ..., 11.6796875 ,
           7.867187  ,  8.082031  ],
         [11.367187  ,  9.40625   ,  7.679687  , ..., 11.15625   ,
           6.49414   ,  5.5859375 ],
         [ 9.554687  ,  7.7910156 ,  6.5800776 , ...,  9.855469  ,
           4.65039   ,  2.9511719 ]],

        [[ 0.        ,  0.        ,  0.        , ...,  0.        ,
           0.        ,  0.        ],
         [ 0.        ,  0.        ,  0.        , ...,  0.        ,
           0.        ,  0.        ],
         [ 0.        ,  0.        ,  0.        , ...,  0.        ,
           0.        ,  0.        ],
...
         [13.36328   , 11.628906  , 10.777343  , ..., 43.71875   ,
          45.062496  , 45.015625  ],
         [11.609374  , 10.5390625 , 10.808593  , ..., 43.953125  ,
          44.968746  , 45.203125  ],
         [10.359374  ,  9.5       ,  8.558593  , ..., 44.34375   ,
          44.98437   , 45.        ]],

        [[ 0.        ,  0.        ,  0.        , ...,  9.53125   ,
          12.89453   , 17.4375    ],
         [ 0.        ,  0.        ,  0.        , ..., 11.140625  ,
          13.777343  , 15.5546875 ],
         [ 0.        ,  0.        ,  0.        , ..., 11.96875   ,
          14.164062  , 15.6953125 ],
         ...,
         [ 0.        ,  0.        ,  0.        , ..., 43.828125  ,
          42.48437   , 40.8125    ],
         [ 0.        ,  0.        ,  0.        , ..., 44.640625  ,
          40.624996  , 38.5625    ],
         [ 0.        ,  0.        ,  0.        , ..., 45.09375   ,
          43.39062   , 39.5       ]]]], dtype=float32)
Coordinates:
    lon      (n_samples, lat_dim, lon_dim) float32 -103.7 -103.7 ... -101.3
    lat      (n_samples, lat_dim, lon_dim) float32 37.94 37.95 ... 40.3 40.3
Dimensions without coordinates: n_samples, ne, lat_dim, lon_dim
Attributes:
    long_name:      Composite Reflectivity
    units:          dBZ
    level:          Z0
    init_time:      20180528_000000
    valid_time:     20180529_003000
    init_time_ut:   1527483600
    valid_time_ut:  1527571800, <xarray.DataArray 'comp_dz' (n_samples: 1000, ne: 18, lat_dim: 128, lon_dim: 128)>
array([[[[ 0.        ,  0.        ,  0.        , ...,  0.        ,
           0.        ,  0.        ],
         [ 0.        ,  0.        ,  0.        , ...,  0.        ,
           0.        ,  0.        ],
         [ 0.        ,  0.        ,  0.        , ...,  0.        ,
           0.        ,  0.        ],
         ...,
         [19.617186  , 22.546875  , 35.92187   , ...,  0.        ,
           0.        ,  0.        ],
         [16.429686  , 19.890625  , 33.999996  , ...,  0.        ,
           0.        ,  0.        ],
         [13.390624  , 12.9765625 , 27.50781   , ...,  0.        ,
           0.        ,  0.        ]],

        [[ 0.        ,  0.        ,  0.        , ...,  0.        ,
           0.        ,  0.        ],
         [ 0.        ,  0.        ,  0.        , ...,  0.        ,
           0.        ,  0.        ],
         [ 0.        ,  0.        ,  0.        , ...,  0.        ,
           0.        ,  0.        ],
...
         [11.046875  , 11.148437  , 10.8828125 , ...,  0.        ,
           0.        ,  0.        ],
         [11.574219  , 11.980468  , 13.035156  , ...,  0.        ,
           0.        ,  0.        ],
         [14.832031  , 17.249998  , 19.96875   , ...,  0.        ,
           0.        ,  0.        ]],

        [[ 0.        ,  0.        ,  0.        , ...,  0.        ,
           0.        ,  0.        ],
         [ 0.        ,  0.        ,  0.        , ...,  0.        ,
           0.        ,  0.        ],
         [ 0.        ,  0.        ,  0.        , ...,  0.        ,
           0.        ,  0.        ],
         ...,
         [17.351562  , 17.390623  , 16.78125   , ...,  0.        ,
           0.        ,  0.        ],
         [19.03125   , 18.60156   , 17.429688  , ...,  0.        ,
           0.        ,  0.        ],
         [20.867188  , 20.078123  , 18.5625    , ...,  0.        ,
           0.        ,  0.        ]]]], dtype=float32)
Coordinates:
    lon      (n_samples, lat_dim, lon_dim) float32 -101.8 -101.7 ... -99.94
    lat      (n_samples, lat_dim, lon_dim) float32 34.35 34.35 ... 39.0 39.0
Dimensions without coordinates: n_samples, ne, lat_dim, lon_dim
Attributes:
    long_name:      Composite Reflectivity
    units:          dBZ
    level:          Z0
    init_time:      20180530_000000
    valid_time:     20180531_003000
    init_time_ut:   1527656400
    valid_time_ut:  1527744600, <xarray.DataArray 'comp_dz' (n_samples: 1000, ne: 18, lat_dim: 128, lon_dim: 128)>
array([[[[0.        , 0.        , 0.        , ..., 0.        ,
          0.        , 0.        ],
         [0.        , 0.        , 0.        , ..., 0.        ,
          0.        , 0.        ],
         [0.        , 0.        , 0.        , ..., 0.        ,
          0.        , 0.        ],
         ...,
         [0.        , 0.        , 0.        , ..., 0.        ,
          0.        , 0.        ],
         [0.        , 0.        , 0.        , ..., 0.        ,
          0.        , 0.        ],
         [0.        , 0.        , 0.        , ..., 0.        ,
          0.        , 0.        ]],

        [[0.        , 0.        , 0.        , ..., 0.        ,
          0.        , 0.        ],
         [0.        , 0.        , 0.        , ..., 0.        ,
          0.        , 0.        ],
         [0.        , 0.        , 0.        , ..., 0.        ,
          0.        , 0.        ],
...
         [0.        , 0.        , 0.        , ..., 0.        ,
          0.        , 0.        ],
         [0.        , 0.        , 0.        , ..., 0.        ,
          0.        , 0.        ],
         [0.        , 0.        , 0.        , ..., 0.        ,
          0.        , 0.        ]],

        [[0.        , 0.        , 0.        , ..., 0.        ,
          0.        , 0.        ],
         [0.        , 0.        , 0.        , ..., 0.        ,
          0.        , 0.        ],
         [0.        , 0.        , 0.        , ..., 0.        ,
          0.        , 0.        ],
         ...,
         [0.        , 0.        , 0.        , ..., 0.        ,
          0.        , 0.        ],
         [0.        , 0.        , 0.        , ..., 0.        ,
          0.        , 0.        ],
         [0.        , 0.        , 0.        , ..., 0.        ,
          0.        , 0.        ]]]], dtype=float32)
Coordinates:
    lon      (n_samples, lat_dim, lon_dim) float32 -102.8 -102.7 ... -96.11
    lat      (n_samples, lat_dim, lon_dim) float32 41.05 41.05 ... 42.85 42.85
Dimensions without coordinates: n_samples, ne, lat_dim, lon_dim
Attributes:
    long_name:      Composite Reflectivity
    units:          dBZ
    level:          Z0
    init_time:      20180601_200000
    valid_time:     20180601_203000
    init_time_ut:   1527901200
    valid_time_ut:  1527903000]) to Variable.
slurmstepd: error: acct_gather_profile/influxdb _send_data: curl_easy_perform failed to send data (discarded). Reason: Couldn't resolve host name
