Traceback (most recent call last):
  File "/home/chadwiley/miniconda3/envs/tf/lib/python3.10/site-packages/xarray/core/variable.py", line 131, in as_variable
    obj = Variable(*obj)
  File "/home/chadwiley/miniconda3/envs/tf/lib/python3.10/site-packages/xarray/core/variable.py", line 367, in __init__
    self._dims = self._parse_dimensions(dims)
  File "/home/chadwiley/miniconda3/envs/tf/lib/python3.10/site-packages/xarray/core/variable.py", line 664, in _parse_dimensions
    raise ValueError(
ValueError: dimensions ('n_samples', 'ne', 'lat', 'lon') must have the same length as the number of data dimensions, ndim=5

During handling of the above exception, another exception occurred:

Traceback (most recent call last):
  File "/home/chadwiley/research/wofs_40dbz/wofs_ml/data_creator/data_2d_creator.py", line 35, in <module>
    extract_ex_data(examples_path_2019,'2019')
  File "/home/chadwiley/research/wofs_40dbz/wofs_ml/data_creator/data_2d_helper.py", line 151, in extract_ex_data
    save_comp_prob(comp_dz,year)
  File "/home/chadwiley/research/wofs_40dbz/wofs_ml/data_creator/data_2d_helper.py", line 259, in save_comp_prob
    out_ds = xr.Dataset(data_vars)
  File "/home/chadwiley/miniconda3/envs/tf/lib/python3.10/site-packages/xarray/core/dataset.py", line 604, in __init__
    variables, coord_names, dims, indexes, _ = merge_data_and_coords(
  File "/home/chadwiley/miniconda3/envs/tf/lib/python3.10/site-packages/xarray/core/merge.py", line 575, in merge_data_and_coords
    return merge_core(
  File "/home/chadwiley/miniconda3/envs/tf/lib/python3.10/site-packages/xarray/core/merge.py", line 755, in merge_core
    collected = collect_variables_and_indexes(aligned, indexes=indexes)
  File "/home/chadwiley/miniconda3/envs/tf/lib/python3.10/site-packages/xarray/core/merge.py", line 365, in collect_variables_and_indexes
    variable = as_variable(variable, name=name)
  File "/home/chadwiley/miniconda3/envs/tf/lib/python3.10/site-packages/xarray/core/variable.py", line 134, in as_variable
    raise error.__class__(
ValueError: Could not convert tuple of form (dims, data[, attrs, encoding]): (['n_samples', 'ne', 'lat', 'lon'], [<xarray.DataArray 'comp_dz' (n_samples: 1000, ne: 18, lat_dim: 128, lon_dim: 128)>
array([[[[ 0.        ,  0.        ,  0.        , ...,  0.        ,
           0.        ,  0.        ],
         [ 0.        ,  0.        ,  0.        , ...,  0.        ,
           0.        ,  0.        ],
         [ 0.        ,  0.        ,  0.        , ...,  0.        ,
           0.        ,  0.        ],
         ...,
         [ 0.        ,  0.        ,  0.        , ..., 49.85937   ,
          36.        , 27.171873  ],
         [ 0.        ,  0.        ,  0.        , ..., 44.89062   ,
          33.359375  , 26.484373  ],
         [ 0.        ,  0.        ,  0.        , ..., 39.156246  ,
          29.40625   , 26.124998  ]],

        [[ 0.        ,  0.        ,  0.        , ...,  0.        ,
           0.        ,  0.        ],
         [ 0.        ,  0.        ,  0.        , ...,  0.        ,
           0.        ,  0.        ],
         [ 0.        ,  0.        ,  0.        , ...,  0.        ,
           0.        ,  0.        ],
...
         [ 3.9013672 ,  5.103515  ,  5.826172  , ...,  7.789062  ,
           8.300781  ,  8.628905  ],
         [ 6.4101562 ,  8.265624  ,  8.4765625 , ...,  7.7656245 ,
           7.9296875 ,  7.910156  ],
         [ 8.3359375 , 10.578124  , 10.855469  , ...,  6.9960933 ,
           6.9101562 ,  6.835937  ]],

        [[ 0.        ,  0.        ,  2.7197266 , ..., 32.54687   ,
          34.71875   , 37.67187   ],
         [ 0.        ,  0.        ,  3.8388672 , ..., 32.156246  ,
          34.75      , 37.218746  ],
         [ 0.        ,  0.        ,  1.7734375 , ..., 32.656246  ,
          35.078125  , 36.968746  ],
         ...,
         [ 5.3554688 ,  7.3105464 ,  7.876953  , ...,  6.0019526 ,
           6.5996094 ,  6.8144526 ],
         [ 6.7695312 ,  8.249999  ,  9.246094  , ...,  6.0332026 ,
           6.7148438 ,  7.2148433 ],
         [ 7.330078  ,  8.83203   , 10.324219  , ...,  5.738281  ,
           6.5058594 ,  7.023437  ]]]], dtype=float32)
Coordinates:
    lon      (n_samples, lat_dim, lon_dim) float32 -100.5 -100.5 ... -94.35
    lat      (n_samples, lat_dim, lon_dim) float32 32.12 32.12 ... 39.79 39.79
Dimensions without coordinates: n_samples, ne, lat_dim, lon_dim
Attributes:
    long_name:      Composite Reflectivity
    units:          dBZ
    level:          Z0
    init_time:      20190430_000000
    valid_time:     20190501_003000
    init_time_ut:   1556600400
    valid_time_ut:  1556688600, <xarray.DataArray 'comp_dz' (n_samples: 1000, ne: 18, lat_dim: 128, lon_dim: 128)>
array([[[[0.00000000e+00, 0.00000000e+00, 0.00000000e+00, ...,
          0.00000000e+00, 0.00000000e+00, 0.00000000e+00],
         [0.00000000e+00, 0.00000000e+00, 0.00000000e+00, ...,
          0.00000000e+00, 0.00000000e+00, 0.00000000e+00],
         [0.00000000e+00, 0.00000000e+00, 0.00000000e+00, ...,
          0.00000000e+00, 0.00000000e+00, 0.00000000e+00],
         ...,
         [0.00000000e+00, 0.00000000e+00, 0.00000000e+00, ...,
          2.97343750e+01, 2.93281231e+01, 2.89375000e+01],
         [0.00000000e+00, 0.00000000e+00, 0.00000000e+00, ...,
          3.20937500e+01, 3.19843731e+01, 3.19921875e+01],
         [0.00000000e+00, 0.00000000e+00, 0.00000000e+00, ...,
          3.37968750e+01, 3.40937462e+01, 3.45781250e+01]],

        [[0.00000000e+00, 0.00000000e+00, 0.00000000e+00, ...,
          0.00000000e+00, 0.00000000e+00, 0.00000000e+00],
         [0.00000000e+00, 0.00000000e+00, 0.00000000e+00, ...,
          0.00000000e+00, 0.00000000e+00, 0.00000000e+00],
         [0.00000000e+00, 0.00000000e+00, 0.00000000e+00, ...,
          0.00000000e+00, 0.00000000e+00, 0.00000000e+00],
...
          0.00000000e+00, 0.00000000e+00, 0.00000000e+00],
         [2.61250000e+01, 2.61249981e+01, 2.73750000e+01, ...,
          0.00000000e+00, 0.00000000e+00, 0.00000000e+00],
         [2.47812500e+01, 2.50312481e+01, 2.73125000e+01, ...,
          0.00000000e+00, 0.00000000e+00, 0.00000000e+00]],

        [[0.00000000e+00, 0.00000000e+00, 0.00000000e+00, ...,
          0.00000000e+00, 0.00000000e+00, 0.00000000e+00],
         [0.00000000e+00, 0.00000000e+00, 0.00000000e+00, ...,
          0.00000000e+00, 0.00000000e+00, 0.00000000e+00],
         [0.00000000e+00, 0.00000000e+00, 0.00000000e+00, ...,
          0.00000000e+00, 0.00000000e+00, 0.00000000e+00],
         ...,
         [3.04687500e+01, 3.06171856e+01, 3.04062500e+01, ...,
          0.00000000e+00, 0.00000000e+00, 0.00000000e+00],
         [2.59218750e+01, 2.75546856e+01, 2.87343750e+01, ...,
          0.00000000e+00, 0.00000000e+00, 0.00000000e+00],
         [2.39062500e+01, 2.43359356e+01, 2.54453125e+01, ...,
          0.00000000e+00, 0.00000000e+00, 0.00000000e+00]]]],
      dtype=float32)
Coordinates:
    lon      (n_samples, lat_dim, lon_dim) float32 -101.2 -101.2 ... -94.23
    lat      (n_samples, lat_dim, lon_dim) float32 30.01 30.01 ... 33.74 33.74
Dimensions without coordinates: n_samples, ne, lat_dim, lon_dim
Attributes:
    long_name:      Composite Reflectivity
    units:          dBZ
    level:          Z0
    init_time:      20190501_030000
    valid_time:     20190502_033000
    init_time_ut:   1556697600
    valid_time_ut:  1556785800, <xarray.DataArray 'comp_dz' (n_samples: 1000, ne: 18, lat_dim: 128, lon_dim: 128)>
array([[[[0.00000000e+00, 0.00000000e+00, 0.00000000e+00, ...,
          0.00000000e+00, 0.00000000e+00, 0.00000000e+00],
         [0.00000000e+00, 0.00000000e+00, 0.00000000e+00, ...,
          0.00000000e+00, 0.00000000e+00, 0.00000000e+00],
         [0.00000000e+00, 0.00000000e+00, 0.00000000e+00, ...,
          0.00000000e+00, 0.00000000e+00, 0.00000000e+00],
         ...,
         [0.00000000e+00, 0.00000000e+00, 0.00000000e+00, ...,
          6.69335938e+00, 4.97070265e+00, 3.00292969e+00],
         [0.00000000e+00, 0.00000000e+00, 0.00000000e+00, ...,
          6.18750000e+00, 4.41015577e+00, 2.32519531e+00],
         [0.00000000e+00, 0.00000000e+00, 0.00000000e+00, ...,
          5.59960938e+00, 3.70019507e+00, 1.69921875e+00]],

        [[0.00000000e+00, 0.00000000e+00, 0.00000000e+00, ...,
          0.00000000e+00, 0.00000000e+00, 0.00000000e+00],
         [0.00000000e+00, 0.00000000e+00, 0.00000000e+00, ...,
          0.00000000e+00, 0.00000000e+00, 0.00000000e+00],
         [0.00000000e+00, 0.00000000e+00, 0.00000000e+00, ...,
          0.00000000e+00, 0.00000000e+00, 0.00000000e+00],
...
          2.17500000e+01, 1.99765606e+01, 1.88671875e+01],
         [0.00000000e+00, 0.00000000e+00, 0.00000000e+00, ...,
          2.27421875e+01, 2.08906231e+01, 1.96796875e+01],
         [0.00000000e+00, 0.00000000e+00, 0.00000000e+00, ...,
          2.40000000e+01, 2.13749981e+01, 1.96328125e+01]],

        [[0.00000000e+00, 0.00000000e+00, 0.00000000e+00, ...,
          0.00000000e+00, 0.00000000e+00, 0.00000000e+00],
         [0.00000000e+00, 0.00000000e+00, 0.00000000e+00, ...,
          0.00000000e+00, 0.00000000e+00, 0.00000000e+00],
         [0.00000000e+00, 0.00000000e+00, 0.00000000e+00, ...,
          0.00000000e+00, 0.00000000e+00, 0.00000000e+00],
         ...,
         [0.00000000e+00, 0.00000000e+00, 0.00000000e+00, ...,
          2.90000000e+01, 2.60859356e+01, 2.27734375e+01],
         [0.00000000e+00, 0.00000000e+00, 0.00000000e+00, ...,
          3.01406250e+01, 2.79999981e+01, 2.44609375e+01],
         [0.00000000e+00, 0.00000000e+00, 0.00000000e+00, ...,
          2.83671875e+01, 2.67109356e+01, 2.43281250e+01]]]],
      dtype=float32)
Coordinates:
    lon      (n_samples, lat_dim, lon_dim) float32 -100.6 -100.6 ... -96.26
    lat      (n_samples, lat_dim, lon_dim) float32 29.66 29.66 ... 30.95 30.95
Dimensions without coordinates: n_samples, ne, lat_dim, lon_dim
Attributes:
    long_name:      Composite Reflectivity
    units:          dBZ
    level:          Z0
    init_time:      20190502_213000
    valid_time:     20190502_220000
    init_time_ut:   1556850600
    valid_time_ut:  1556852400, <xarray.DataArray 'comp_dz' (n_samples: 1000, ne: 18, lat_dim: 128, lon_dim: 128)>
array([[[[ 0.        ,  0.        ,  0.        , ...,  0.        ,
           0.        ,  0.        ],
         [ 0.        ,  0.        ,  0.        , ...,  0.        ,
           0.        ,  0.        ],
         [ 0.        ,  0.        ,  0.        , ...,  0.        ,
           0.        ,  0.        ],
         ...,
         [ 0.        ,  0.        ,  0.        , ...,  0.        ,
           0.        ,  0.        ],
         [ 0.        ,  0.        ,  0.        , ...,  0.        ,
           0.        ,  0.        ],
         [ 0.        ,  0.        ,  0.        , ...,  0.        ,
           0.        ,  0.        ]],

        [[ 0.        ,  0.        ,  0.        , ...,  0.        ,
           0.        ,  0.        ],
         [ 0.        ,  0.        ,  0.        , ...,  0.        ,
           0.        ,  0.        ],
         [ 0.        ,  0.        ,  0.        , ...,  0.        ,
           0.        ,  0.        ],
...
         [ 0.        ,  0.        ,  0.        , ...,  0.        ,
           0.        ,  0.        ],
         [ 0.        ,  0.        ,  0.        , ...,  0.        ,
           0.        ,  0.        ],
         [ 0.        ,  0.        ,  0.        , ...,  0.        ,
           0.        ,  0.        ]],

        [[ 0.        ,  0.        ,  0.        , ...,  0.        ,
           0.        ,  0.        ],
         [ 0.        ,  0.        ,  0.        , ...,  0.        ,
           0.        ,  0.        ],
         [ 0.        ,  0.        ,  0.        , ...,  0.        ,
           0.        ,  0.        ],
         ...,
         [ 0.        ,  0.        ,  0.        , ...,  0.        ,
           0.        ,  0.        ],
         [ 0.        ,  0.        ,  0.        , ...,  0.        ,
           0.        ,  0.        ],
         [ 0.        ,  0.        ,  0.        , ...,  0.        ,
           0.        ,  0.        ]]]], dtype=float32)
Coordinates:
    lon      (n_samples, lat_dim, lon_dim) float32 -102.6 -102.6 ... -99.99
    lat      (n_samples, lat_dim, lon_dim) float32 33.3 33.3 ... 39.85 39.85
Dimensions without coordinates: n_samples, ne, lat_dim, lon_dim
Attributes:
    long_name:      Composite Reflectivity
    units:          dBZ
    level:          Z0
    init_time:      20190506_003000
    valid_time:     20190507_010000
    init_time_ut:   1557120600
    valid_time_ut:  1557208800, <xarray.DataArray 'comp_dz' (n_samples: 1000, ne: 18, lat_dim: 128, lon_dim: 128)>
array([[[[ 0.        ,  0.        ,  0.        , ...,  0.        ,
           0.        ,  0.        ],
         [ 0.        ,  0.        ,  0.        , ...,  0.        ,
           0.        ,  0.        ],
         [ 0.        ,  0.        ,  0.        , ...,  0.        ,
           0.        ,  0.        ],
         ...,
         [ 0.        ,  0.        ,  0.        , ...,  0.        ,
           0.        ,  0.        ],
         [ 0.        ,  0.        ,  0.        , ...,  0.        ,
           0.        ,  0.        ],
         [ 0.        ,  0.        ,  0.        , ...,  0.        ,
           0.        ,  0.        ]],

        [[ 0.        ,  0.        ,  0.        , ...,  0.        ,
           0.        ,  0.        ],
         [ 0.        ,  0.        ,  0.        , ...,  0.        ,
           0.        ,  0.        ],
         [ 0.        ,  0.        ,  0.        , ...,  0.        ,
           0.        ,  0.        ],
...
         [19.039062  ,  6.7812495 ,  0.        , ...,  0.        ,
           0.        ,  0.        ],
         [25.71875   , 14.710937  ,  7.453125  , ...,  0.        ,
           0.        ,  0.        ],
         [27.835938  , 17.921873  , 10.6640625 , ...,  0.        ,
           0.        ,  0.        ]],

        [[ 0.        ,  0.        ,  0.        , ...,  0.        ,
           0.        ,  0.        ],
         [ 0.        ,  0.        ,  0.        , ...,  0.        ,
           0.        ,  0.        ],
         [ 0.        ,  0.        ,  0.        , ...,  0.        ,
           0.        ,  0.        ],
         ...,
         [24.148438  , 16.898436  , 13.9296875 , ...,  0.        ,
           0.        ,  0.        ],
         [32.484375  , 23.328123  , 16.179688  , ...,  0.        ,
           0.        ,  0.        ],
         [37.28125   , 28.124998  , 19.710938  , ...,  0.        ,
           0.        ,  0.        ]]]], dtype=float32)
Coordinates:
    lon      (n_samples, lat_dim, lon_dim) float32 -100.3 -100.3 ... -99.26
    lat      (n_samples, lat_dim, lon_dim) float32 32.71 32.71 ... 34.1 34.1
Dimensions without coordinates: n_samples, ne, lat_dim, lon_dim
Attributes:
    long_name:      Composite Reflectivity
    units:          dBZ
    level:          Z0
    init_time:      20190507_190000
    valid_time:     20190507_193000
    init_time_ut:   1557273600
    valid_time_ut:  1557275400, <xarray.DataArray 'comp_dz' (n_samples: 1000, ne: 18, lat_dim: 128, lon_dim: 128)>
array([[[[0.00000000e+00, 0.00000000e+00, 0.00000000e+00, ...,
          3.17773414e+00, 0.00000000e+00, 0.00000000e+00],
         [0.00000000e+00, 0.00000000e+00, 0.00000000e+00, ...,
          4.24609327e+00, 0.00000000e+00, 0.00000000e+00],
         [0.00000000e+00, 0.00000000e+00, 0.00000000e+00, ...,
          3.68066382e+00, 0.00000000e+00, 0.00000000e+00],
         ...,
         [0.00000000e+00, 0.00000000e+00, 0.00000000e+00, ...,
          3.84218712e+01, 3.80156250e+01, 3.74843712e+01],
         [0.00000000e+00, 0.00000000e+00, 0.00000000e+00, ...,
          3.79218712e+01, 3.75781250e+01, 3.70781212e+01],
         [0.00000000e+00, 0.00000000e+00, 0.00000000e+00, ...,
          3.72968712e+01, 3.69687500e+01, 3.65156212e+01]],

        [[0.00000000e+00, 0.00000000e+00, 0.00000000e+00, ...,
          0.00000000e+00, 0.00000000e+00, 0.00000000e+00],
         [0.00000000e+00, 0.00000000e+00, 0.00000000e+00, ...,
          0.00000000e+00, 0.00000000e+00, 0.00000000e+00],
         [0.00000000e+00, 0.00000000e+00, 0.00000000e+00, ...,
          0.00000000e+00, 0.00000000e+00, 0.00000000e+00],
...
          1.18906250e+01, 1.13671865e+01, 1.15703125e+01],
         [0.00000000e+00, 0.00000000e+00, 0.00000000e+00, ...,
          8.96484375e+00, 9.00781155e+00, 8.76171875e+00],
         [0.00000000e+00, 0.00000000e+00, 0.00000000e+00, ...,
          4.91992188e+00, 5.64062452e+00, 5.90429688e+00]],

        [[1.87187481e+01, 1.69062500e+01, 1.59882803e+01, ...,
          0.00000000e+00, 0.00000000e+00, 0.00000000e+00],
         [2.03359356e+01, 1.62890625e+01, 1.65312481e+01, ...,
          0.00000000e+00, 0.00000000e+00, 0.00000000e+00],
         [2.04140606e+01, 1.78046875e+01, 1.45820303e+01, ...,
          0.00000000e+00, 0.00000000e+00, 0.00000000e+00],
         ...,
         [2.22656226e+00, 1.35351562e+00, 0.00000000e+00, ...,
          1.31718750e+01, 1.66328106e+01, 1.81718750e+01],
         [3.13232392e-01, 2.81372070e-01, 0.00000000e+00, ...,
          1.31054688e+01, 1.47734365e+01, 1.59375000e+01],
         [0.00000000e+00, 0.00000000e+00, 0.00000000e+00, ...,
          1.18671875e+01, 1.34999990e+01, 1.38242188e+01]]]],
      dtype=float32)
Coordinates:
    lon      (n_samples, lat_dim, lon_dim) float32 -96.27 -96.24 ... -96.42
    lat      (n_samples, lat_dim, lon_dim) float32 31.97 31.97 ... 30.76 30.76
Dimensions without coordinates: n_samples, ne, lat_dim, lon_dim
Attributes:
    long_name:      Composite Reflectivity
    units:          dBZ
    level:          Z0
    init_time:      20190508_220000
    valid_time:     20190508_223000
    init_time_ut:   1557370800
    valid_time_ut:  1557372600, <xarray.DataArray 'comp_dz' (n_samples: 1000, ne: 18, lat_dim: 128, lon_dim: 128)>
array([[[[ 0.        ,  0.        ,  0.        , ...,  0.        ,
           0.        ,  0.        ],
         [ 0.        ,  0.        ,  0.        , ...,  0.        ,
           0.        ,  0.        ],
         [ 0.        ,  0.        ,  0.        , ...,  0.        ,
           0.        ,  0.        ],
         ...,
         [ 0.        ,  0.        ,  0.        , ..., 32.10937   ,
          30.65625   , 23.63281   ],
         [ 0.        ,  0.        ,  0.        , ..., 34.968746  ,
          35.09375   , 29.734373  ],
         [ 0.        ,  0.        ,  0.        , ..., 32.468746  ,
          33.109375  , 28.218748  ]],

        [[ 0.        ,  0.        ,  0.        , ...,  0.        ,
           0.        ,  0.        ],
         [ 0.        ,  0.        ,  0.        , ...,  0.        ,
           0.        ,  0.        ],
         [ 0.        ,  0.        ,  0.        , ...,  0.        ,
           0.        ,  0.        ],
...
         [ 0.        ,  0.        ,  0.        , ...,  0.        ,
           0.        ,  0.        ],
         [ 0.        ,  0.        ,  0.        , ...,  0.        ,
           0.        ,  0.        ],
         [ 0.        ,  0.        ,  0.        , ...,  0.        ,
           0.        ,  0.        ]],

        [[ 0.        ,  0.        ,  0.        , ..., 28.171873  ,
          37.59375   , 38.07812   ],
         [ 0.        ,  0.        ,  0.        , ..., 27.429686  ,
          42.796875  , 44.749996  ],
         [ 0.        ,  0.        ,  0.        , ..., 26.296873  ,
          36.71875   , 38.67187   ],
         ...,
         [ 0.        ,  0.        ,  0.        , ...,  0.        ,
           0.        ,  0.        ],
         [ 0.        ,  0.        ,  0.        , ...,  0.        ,
           0.        ,  0.        ],
         [ 0.        ,  0.        ,  0.        , ...,  0.        ,
           0.        ,  0.        ]]]], dtype=float32)
Coordinates:
    lon      (n_samples, lat_dim, lon_dim) float32 -80.52 -80.49 ... -75.2
    lat      (n_samples, lat_dim, lon_dim) float32 37.38 37.39 ... 43.18 43.18
Dimensions without coordinates: n_samples, ne, lat_dim, lon_dim
Attributes:
    long_name:      Composite Reflectivity
    units:          dBZ
    level:          Z0
    init_time:      20190510_013000
    valid_time:     20190511_020000
    init_time_ut:   1557469800
    valid_time_ut:  1557558000, <xarray.DataArray 'comp_dz' (n_samples: 1000, ne: 18, lat_dim: 128, lon_dim: 128)>
array([[[[ 0.        ,  0.        ,  0.        , ...,  0.        ,
           0.        ,  0.        ],
         [ 0.        ,  0.        ,  0.        , ...,  0.        ,
           0.        ,  0.        ],
         [ 0.        ,  1.7929686 ,  0.6032715 , ...,  0.        ,
           0.        ,  0.        ],
         ...,
         [ 0.        ,  0.        ,  0.        , ...,  0.        ,
           0.        ,  0.        ],
         [ 0.        ,  0.        ,  0.        , ...,  0.        ,
           0.        ,  0.        ],
         [ 0.        ,  0.        ,  0.        , ...,  0.        ,
           0.        ,  0.        ]],

        [[ 0.        ,  0.        ,  0.        , ...,  0.        ,
           0.        ,  0.        ],
         [ 0.        ,  0.        ,  0.        , ...,  0.        ,
           0.        ,  0.        ],
         [ 0.        ,  0.        ,  0.        , ...,  0.        ,
           0.        ,  0.        ],
...
         [ 0.        ,  0.        ,  0.        , ...,  0.        ,
           0.        ,  0.        ],
         [ 0.        ,  0.        ,  0.        , ...,  0.        ,
           0.        ,  0.        ],
         [ 0.        ,  0.        ,  0.        , ...,  0.        ,
           0.        ,  0.        ]],

        [[ 0.        ,  0.        ,  0.        , ..., 14.355468  ,
          14.167969  , 11.89453   ],
         [ 0.        ,  0.        ,  0.        , ..., 11.570312  ,
          13.191406  , 13.558593  ],
         [ 0.        ,  0.        ,  0.        , ..., 11.023437  ,
          10.4921875 , 10.546874  ],
         ...,
         [ 0.        ,  0.        ,  0.        , ...,  0.        ,
           0.        ,  0.        ],
         [ 0.        ,  0.        ,  0.        , ...,  0.        ,
           0.        ,  0.        ],
         [ 0.        ,  0.        ,  0.        , ...,  0.        ,
           0.        ,  0.        ]]]], dtype=float32)
Coordinates:
    lon      (n_samples, lat_dim, lon_dim) float32 -104.0 -104.0 ... -101.2
    lat      (n_samples, lat_dim, lon_dim) float32 29.76 29.76 ... 33.92 33.92
Dimensions without coordinates: n_samples, ne, lat_dim, lon_dim
Attributes:
    long_name:      Composite Reflectivity
    units:          dBZ
    level:          Z0
    init_time:      20190513_193000
    valid_time:     20190513_200000
    init_time_ut:   1557793800
    valid_time_ut:  1557795600, <xarray.DataArray 'comp_dz' (n_samples: 1000, ne: 18, lat_dim: 128, lon_dim: 128)>
array([[[[ 0.        ,  0.        ,  0.        , ...,  0.        ,
           0.        ,  0.        ],
         [ 0.        ,  0.        ,  0.        , ...,  0.        ,
           0.        ,  0.        ],
         [ 0.        ,  0.        ,  0.        , ...,  0.        ,
           0.        ,  0.        ],
         ...,
         [ 0.        ,  0.        ,  0.        , ...,  0.        ,
           0.        ,  0.        ],
         [ 0.        ,  0.        ,  0.        , ...,  0.        ,
           0.        ,  0.        ],
         [ 0.        ,  0.        ,  0.        , ...,  0.        ,
           0.        ,  0.        ]],

        [[ 0.        ,  0.        ,  0.        , ...,  0.        ,
           0.        ,  0.        ],
         [ 0.        ,  0.        ,  0.        , ...,  0.        ,
           0.        ,  0.        ],
         [ 0.        ,  0.        ,  0.        , ...,  0.        ,
           0.        ,  0.        ],
...
         [ 0.        ,  0.        ,  0.        , ..., 26.171873  ,
          27.632812  , 26.328123  ],
         [ 0.        ,  0.        ,  0.        , ..., 26.062498  ,
          25.046875  , 22.031248  ],
         [ 0.        ,  0.        ,  0.        , ..., 22.835936  ,
          20.421875  , 15.45703   ]],

        [[ 0.        ,  0.        ,  0.        , ...,  4.035156  ,
           2.6259766 ,  1.4374999 ],
         [ 0.        ,  0.        ,  0.        , ...,  2.5429685 ,
           1.7143555 ,  1.6674803 ],
         [ 0.        ,  0.        ,  0.        , ...,  2.1660154 ,
           1.9155273 ,  2.4755857 ],
         ...,
         [ 0.        ,  0.        ,  0.        , ..., 38.906246  ,
          39.03125   , 38.42187   ],
         [ 0.        ,  0.        ,  0.        , ..., 36.781246  ,
          37.90625   , 37.531246  ],
         [ 0.        ,  0.        ,  0.        , ..., 34.187496  ,
          35.734375  , 35.32812   ]]]], dtype=float32)
Coordinates:
    lon      (n_samples, lat_dim, lon_dim) float32 -97.34 -97.3 ... -95.23
    lat      (n_samples, lat_dim, lon_dim) float32 40.93 40.93 ... 49.61 49.61
Dimensions without coordinates: n_samples, ne, lat_dim, lon_dim
Attributes:
    long_name:      Composite Reflectivity
    units:          dBZ
    level:          Z0
    init_time:      20190514_223000
    valid_time:     20190514_230000
    init_time_ut:   1557891000
    valid_time_ut:  1557892800, <xarray.DataArray 'comp_dz' (n_samples: 1000, ne: 18, lat_dim: 128, lon_dim: 128)>
array([[[[4.58124962e+01, 4.69687500e+01, 4.57812462e+01, ...,
          1.50742188e+01, 2.45234356e+01, 3.12343750e+01],
         [3.94062462e+01, 3.96093750e+01, 3.86406212e+01, ...,
          2.09453125e+01, 3.22187462e+01, 4.05312500e+01],
         [3.84687462e+01, 3.37812500e+01, 3.12031231e+01, ...,
          2.45546875e+01, 3.61562462e+01, 4.66250000e+01],
         ...,
         [0.00000000e+00, 0.00000000e+00, 0.00000000e+00, ...,
          0.00000000e+00, 0.00000000e+00, 0.00000000e+00],
         [0.00000000e+00, 0.00000000e+00, 0.00000000e+00, ...,
          0.00000000e+00, 0.00000000e+00, 0.00000000e+00],
         [0.00000000e+00, 0.00000000e+00, 0.00000000e+00, ...,
          0.00000000e+00, 0.00000000e+00, 0.00000000e+00]],

        [[4.63906212e+01, 4.25937500e+01, 3.78593712e+01, ...,
          2.12109375e+01, 2.90624981e+01, 3.29843750e+01],
         [4.71562462e+01, 4.28125000e+01, 3.93281212e+01, ...,
          2.75156250e+01, 3.67656212e+01, 4.27031250e+01],
         [4.36874962e+01, 4.18593750e+01, 3.86093712e+01, ...,
          3.13750000e+01, 4.12968712e+01, 4.86718750e+01],
...
          0.00000000e+00, 0.00000000e+00, 0.00000000e+00],
         [0.00000000e+00, 0.00000000e+00, 0.00000000e+00, ...,
          0.00000000e+00, 0.00000000e+00, 0.00000000e+00],
         [0.00000000e+00, 0.00000000e+00, 0.00000000e+00, ...,
          0.00000000e+00, 0.00000000e+00, 0.00000000e+00]],

        [[0.00000000e+00, 0.00000000e+00, 0.00000000e+00, ...,
          0.00000000e+00, 0.00000000e+00, 0.00000000e+00],
         [0.00000000e+00, 0.00000000e+00, 0.00000000e+00, ...,
          0.00000000e+00, 0.00000000e+00, 2.25292969e+00],
         [0.00000000e+00, 0.00000000e+00, 0.00000000e+00, ...,
          0.00000000e+00, 4.56445265e+00, 9.81640625e+00],
         ...,
         [0.00000000e+00, 0.00000000e+00, 0.00000000e+00, ...,
          0.00000000e+00, 0.00000000e+00, 0.00000000e+00],
         [0.00000000e+00, 0.00000000e+00, 0.00000000e+00, ...,
          0.00000000e+00, 0.00000000e+00, 0.00000000e+00],
         [0.00000000e+00, 0.00000000e+00, 0.00000000e+00, ...,
          0.00000000e+00, 0.00000000e+00, 0.00000000e+00]]]],
      dtype=float32)
Coordinates:
    lon      (n_samples, lat_dim, lon_dim) float32 -93.93 -93.89 ... -87.57
    lat      (n_samples, lat_dim, lon_dim) float32 41.68 41.68 ... 45.14 45.14
Dimensions without coordinates: n_samples, ne, lat_dim, lon_dim
Attributes:
    long_name:      Composite Reflectivity
    units:          dBZ
    level:          Z0
    init_time:      20190516_020000
    valid_time:     20190517_023000
    init_time_ut:   1557990000
    valid_time_ut:  1558078200, <xarray.DataArray 'comp_dz' (n_samples: 1000, ne: 18, lat_dim: 128, lon_dim: 128)>
array([[[[ 0.        ,  0.        ,  0.        , ...,  0.        ,
           0.        ,  0.        ],
         [ 0.        ,  0.        ,  0.        , ...,  0.        ,
           0.        ,  0.        ],
         [ 0.        ,  0.        ,  0.        , ...,  0.        ,
           0.        ,  0.        ],
         ...,
         [ 0.        ,  0.        ,  0.        , ...,  0.        ,
           0.        ,  0.        ],
         [ 0.        ,  0.        ,  0.        , ...,  0.        ,
           0.        ,  0.        ],
         [ 0.        ,  0.        ,  0.        , ...,  0.        ,
           0.        ,  0.        ]],

        [[ 0.        ,  0.        ,  0.        , ...,  0.        ,
           0.        ,  0.        ],
         [ 0.        ,  0.        ,  0.        , ...,  0.        ,
           0.        ,  0.        ],
         [ 0.        ,  0.        ,  0.        , ...,  0.        ,
           0.        ,  0.        ],
...
         [ 0.        ,  0.        ,  0.        , ..., 39.203125  ,
          40.07812   , 40.671875  ],
         [ 0.        ,  0.        ,  0.        , ..., 39.4375    ,
          40.42187   , 41.359375  ],
         [ 0.        ,  0.        ,  0.        , ..., 39.578125  ,
          40.531246  , 40.8125    ]],

        [[ 0.        ,  0.        ,  0.        , ...,  0.        ,
           0.        ,  0.        ],
         [ 0.        ,  0.        ,  0.        , ...,  0.        ,
           0.        ,  0.        ],
         [ 0.        ,  0.        ,  0.        , ...,  0.        ,
           0.        ,  0.        ],
         ...,
         [ 0.        ,  0.        ,  0.        , ..., 39.34375   ,
          39.124996  , 38.734375  ],
         [ 0.        ,  0.        ,  0.        , ..., 39.015625  ,
          38.968746  , 39.578125  ],
         [ 0.        ,  0.        ,  0.        , ..., 38.578125  ,
          39.281246  , 39.734375  ]]]], dtype=float32)
Coordinates:
    lon      (n_samples, lat_dim, lon_dim) float32 -100.9 -100.9 ... -94.29
    lat      (n_samples, lat_dim, lon_dim) float32 39.37 39.37 ... 33.68 33.68
Dimensions without coordinates: n_samples, ne, lat_dim, lon_dim
Attributes:
    long_name:      Composite Reflectivity
    units:          dBZ
    level:          Z0
    init_time:      20190517_203000
    valid_time:     20190517_210000
    init_time_ut:   1558143000
    valid_time_ut:  1558144800, <xarray.DataArray 'comp_dz' (n_samples: 1000, ne: 18, lat_dim: 128, lon_dim: 128)>
array([[[[ 0.        ,  0.        ,  0.        , ...,  0.        ,
           0.        ,  0.        ],
         [ 0.        ,  0.        ,  0.        , ...,  0.        ,
           0.        ,  0.        ],
         [ 0.        ,  0.        ,  0.        , ...,  0.        ,
           0.        ,  0.        ],
         ...,
         [ 0.        ,  0.        ,  0.        , ..., 54.328125  ,
          47.64062   , 35.96875   ],
         [ 0.        ,  0.        ,  0.        , ..., 57.796875  ,
          53.187496  , 45.515625  ],
         [ 0.        ,  0.        ,  0.        , ..., 60.09375   ,
          57.29687   , 52.40625   ]],

        [[ 0.        ,  0.        ,  0.        , ...,  0.        ,
           0.        ,  0.        ],
         [ 0.        ,  0.        ,  0.        , ...,  0.        ,
           0.        ,  0.        ],
         [ 0.        ,  0.        ,  0.        , ...,  0.        ,
           0.        ,  0.        ],
...
         [ 0.        ,  0.        ,  0.        , ...,  0.        ,
           0.        ,  0.        ],
         [ 0.        ,  0.        ,  0.        , ...,  0.        ,
           0.        ,  0.        ],
         [ 0.        ,  0.        ,  0.        , ...,  0.        ,
           0.        ,  0.        ]],

        [[ 0.        ,  0.        ,  0.        , ...,  0.        ,
           0.        ,  0.        ],
         [ 0.        ,  0.        ,  0.        , ...,  0.        ,
           0.        ,  0.        ],
         [ 0.        ,  0.        ,  0.        , ...,  0.        ,
           0.        ,  0.        ],
         ...,
         [ 0.        ,  0.        ,  0.        , ...,  0.        ,
           0.        ,  0.        ],
         [ 0.        ,  0.        ,  0.        , ...,  0.        ,
           0.        ,  0.        ],
         [ 0.        ,  0.        ,  0.        , ...,  0.        ,
           0.        ,  0.        ]]]], dtype=float32)
Coordinates:
    lon      (n_samples, lat_dim, lon_dim) float32 -102.6 -102.6 ... -96.09
    lat      (n_samples, lat_dim, lon_dim) float32 31.41 31.41 ... 34.95 34.95
Dimensions without coordinates: n_samples, ne, lat_dim, lon_dim
Attributes:
    long_name:      Composite Reflectivity
    units:          dBZ
    level:          Z0
    init_time:      20190520_000000
    valid_time:     20190521_003000
    init_time_ut:   1558328400
    valid_time_ut:  1558416600, <xarray.DataArray 'comp_dz' (n_samples: 1000, ne: 18, lat_dim: 128, lon_dim: 128)>
array([[[[ 0.        ,  0.        ,  0.        , ...,  0.        ,
           0.        ,  0.        ],
         [ 0.        ,  0.        ,  0.        , ...,  0.        ,
           0.        ,  0.        ],
         [ 0.        ,  0.        ,  0.        , ...,  0.        ,
           0.        ,  0.        ],
         ...,
         [ 0.        ,  0.        ,  0.        , ...,  0.        ,
           0.        ,  0.        ],
         [ 0.        ,  0.        ,  0.        , ...,  0.        ,
           0.        ,  0.        ],
         [ 0.        ,  0.        ,  0.        , ...,  0.        ,
           0.        ,  0.        ]],

        [[ 0.        ,  0.        ,  0.        , ...,  0.        ,
           0.        ,  0.        ],
         [ 0.        ,  0.        ,  0.        , ...,  0.        ,
           0.        ,  0.        ],
         [ 0.        ,  0.        ,  0.        , ...,  0.        ,
           0.        ,  0.        ],
...
         [36.04687   , 39.84375   , 41.624996  , ...,  0.        ,
           0.        ,  0.        ],
         [38.062496  , 41.46875   , 42.656246  , ...,  0.        ,
           0.        ,  0.        ],
         [39.79687   , 42.171875  , 42.60937   , ...,  0.        ,
           0.        ,  0.        ]],

        [[ 0.        ,  0.        ,  0.        , ...,  0.        ,
           0.        ,  0.        ],
         [ 0.        ,  0.        ,  0.        , ...,  0.        ,
           0.        ,  0.        ],
         [ 0.        ,  0.        ,  0.        , ...,  0.        ,
           0.        ,  0.        ],
         ...,
         [35.85937   , 34.796875  , 33.79687   , ...,  0.        ,
           0.        ,  0.        ],
         [34.499996  , 34.109375  , 33.32812   , ...,  0.        ,
           0.        ,  0.        ],
         [33.82812   , 33.546875  , 33.062496  , ...,  0.        ,
           0.        ,  0.        ]]]], dtype=float32)
Coordinates:
    lon      (n_samples, lat_dim, lon_dim) float32 -97.5 -97.46 ... -88.22
    lat      (n_samples, lat_dim, lon_dim) float32 36.39 36.4 ... 37.17 37.17
Dimensions without coordinates: n_samples, ne, lat_dim, lon_dim
Attributes:
    long_name:      Composite Reflectivity
    units:          dBZ
    level:          Z0
    init_time:      20190521_030000
    valid_time:     20190522_033000
    init_time_ut:   1558425600
    valid_time_ut:  1558513800, <xarray.DataArray 'comp_dz' (n_samples: 1000, ne: 18, lat_dim: 128, lon_dim: 128)>
array([[[[ 0.       ,  0.       ,  0.       , ...,  0.       ,
           0.       ,  0.       ],
         [ 0.       ,  0.       ,  0.       , ...,  0.       ,
           0.       ,  0.       ],
         [ 0.       ,  0.       ,  0.       , ...,  0.       ,
           0.       ,  0.       ],
         ...,
         [ 0.       ,  0.       ,  0.       , ..., 14.648437 ,
          11.078125 ,  7.1367183],
         [ 0.       ,  0.       ,  0.       , ..., 10.054687 ,
           6.4179688,  2.106445 ],
         [ 0.       ,  0.       ,  0.       , ...,  5.1113276,
           0.       ,  0.       ]],

        [[ 0.       ,  0.       ,  0.       , ...,  0.       ,
           0.       ,  0.       ],
         [ 0.       ,  0.       ,  0.       , ...,  0.       ,
           0.       ,  0.       ],
         [ 0.       ,  0.       ,  0.       , ...,  0.       ,
           0.       ,  0.       ],
...
         [ 0.       ,  0.       ,  0.       , ..., 17.234375 ,
          14.51953  ,  9.609375 ],
         [ 0.       ,  0.       ,  0.       , ..., 23.367188 ,
          22.562498 , 18.273438 ],
         [ 0.       ,  0.       ,  0.       , ..., 26.625    ,
          26.85156  , 24.171875 ]],

        [[ 0.       ,  0.       ,  0.       , ..., 13.277344 ,
          10.83203  ,  9.136719 ],
         [ 0.       ,  0.       ,  0.       , ..., 13.734375 ,
          11.58203  , 10.9140625],
         [ 0.       ,  0.       ,  0.       , ..., 15.0390625,
          13.910155 , 12.6796875],
         ...,
         [ 0.       ,  0.       ,  0.       , ..., 27.3125   ,
          22.273436 , 16.890625 ],
         [ 0.       ,  0.       ,  0.       , ..., 33.921875 ,
          27.07031  , 24.1875   ],
         [ 0.       ,  0.       ,  0.       , ..., 37.734375 ,
          29.82031  , 28.664062 ]]]], dtype=float32)
Coordinates:
    lon      (n_samples, lat_dim, lon_dim) float32 -100.1 -100.1 ... -100.6
    lat      (n_samples, lat_dim, lon_dim) float32 33.32 33.32 ... 38.91 38.91
Dimensions without coordinates: n_samples, ne, lat_dim, lon_dim
Attributes:
    long_name:      Composite Reflectivity
    units:          dBZ
    level:          Z0
    init_time:      20190522_213000
    valid_time:     20190522_220000
    init_time_ut:   1558578600
    valid_time_ut:  1558580400, <xarray.DataArray 'comp_dz' (n_samples: 1000, ne: 18, lat_dim: 128, lon_dim: 128)>
array([[[[15.246094  , 17.679686  , 19.25      , ...,  0.        ,
           0.        ,  0.        ],
         [14.375     , 16.648436  , 17.851562  , ...,  0.        ,
           0.        ,  0.        ],
         [13.300781  , 15.624999  , 16.84375   , ...,  0.        ,
           0.        ,  0.        ],
         ...,
         [ 0.        ,  0.        ,  0.        , ..., 32.593746  ,
          32.421875  , 32.468746  ],
         [ 0.        ,  0.        ,  0.        , ..., 31.054686  ,
          30.609375  , 30.812498  ],
         [ 0.        ,  0.        ,  0.        , ..., 28.796873  ,
          28.585938  , 28.94531   ]],

        [[27.476562  , 26.749998  , 25.867188  , ...,  0.        ,
           0.        ,  0.        ],
         [26.335938  , 26.296873  , 25.789062  , ...,  0.        ,
           0.        ,  0.        ],
         [25.132812  , 25.562498  , 25.375     , ...,  0.        ,
           0.        ,  0.        ],
...
         [ 0.        ,  0.        ,  0.        , ...,  0.        ,
           0.        ,  0.        ],
         [ 0.        ,  0.        ,  0.        , ...,  0.        ,
           0.        ,  0.        ],
         [ 0.        ,  0.        ,  0.        , ...,  0.        ,
           0.        ,  0.        ]],

        [[ 0.        ,  0.        ,  0.        , ...,  0.        ,
           0.        ,  0.        ],
         [ 0.        ,  0.        ,  0.        , ...,  0.        ,
           0.        ,  0.        ],
         [ 0.        ,  0.        ,  0.        , ...,  0.        ,
           0.        ,  0.        ],
         ...,
         [ 0.        ,  0.        ,  0.        , ...,  0.        ,
           0.        ,  0.        ],
         [ 0.        ,  0.        ,  0.        , ...,  0.        ,
           0.        ,  0.        ],
         [ 0.        ,  0.        ,  0.        , ...,  0.        ,
           0.        ,  0.        ]]]], dtype=float32)
Coordinates:
    lon      (n_samples, lat_dim, lon_dim) float32 -101.6 -101.5 ... -99.6
    lat      (n_samples, lat_dim, lon_dim) float32 34.18 34.18 ... 36.75 36.75
Dimensions without coordinates: n_samples, ne, lat_dim, lon_dim
Attributes:
    long_name:      Composite Reflectivity
    units:          dBZ
    level:          Z0
    init_time:      20190524_010000
    valid_time:     20190525_013000
    init_time_ut:   1558677600
    valid_time_ut:  1558765800, <xarray.DataArray 'comp_dz' (n_samples: 1000, ne: 18, lat_dim: 128, lon_dim: 128)>
array([[[[3.10312481e+01, 3.07109375e+01, 3.01406231e+01, ...,
          0.00000000e+00, 0.00000000e+00, 0.00000000e+00],
         [3.26718712e+01, 3.27968750e+01, 3.14999981e+01, ...,
          0.00000000e+00, 0.00000000e+00, 0.00000000e+00],
         [3.40312462e+01, 3.39531250e+01, 3.31249962e+01, ...,
          0.00000000e+00, 0.00000000e+00, 0.00000000e+00],
         ...,
         [0.00000000e+00, 0.00000000e+00, 0.00000000e+00, ...,
          0.00000000e+00, 0.00000000e+00, 0.00000000e+00],
         [0.00000000e+00, 0.00000000e+00, 0.00000000e+00, ...,
          0.00000000e+00, 0.00000000e+00, 0.00000000e+00],
         [0.00000000e+00, 0.00000000e+00, 0.00000000e+00, ...,
          0.00000000e+00, 0.00000000e+00, 0.00000000e+00]],

        [[2.76249981e+01, 2.78125000e+01, 2.71406231e+01, ...,
          0.00000000e+00, 0.00000000e+00, 0.00000000e+00],
         [3.07187481e+01, 3.10390625e+01, 3.03281231e+01, ...,
          0.00000000e+00, 0.00000000e+00, 0.00000000e+00],
         [3.25468712e+01, 3.28593750e+01, 3.24374962e+01, ...,
          0.00000000e+00, 0.00000000e+00, 0.00000000e+00],
...
          0.00000000e+00, 0.00000000e+00, 0.00000000e+00],
         [1.86171875e+01, 1.39843740e+01, 1.11679688e+01, ...,
          0.00000000e+00, 0.00000000e+00, 0.00000000e+00],
         [2.21562500e+01, 1.81796856e+01, 1.52890625e+01, ...,
          0.00000000e+00, 0.00000000e+00, 0.00000000e+00]],

        [[0.00000000e+00, 0.00000000e+00, 0.00000000e+00, ...,
          0.00000000e+00, 0.00000000e+00, 0.00000000e+00],
         [0.00000000e+00, 0.00000000e+00, 0.00000000e+00, ...,
          0.00000000e+00, 0.00000000e+00, 0.00000000e+00],
         [0.00000000e+00, 0.00000000e+00, 0.00000000e+00, ...,
          0.00000000e+00, 0.00000000e+00, 0.00000000e+00],
         ...,
         [2.60312500e+01, 3.11640606e+01, 2.99843750e+01, ...,
          0.00000000e+00, 0.00000000e+00, 0.00000000e+00],
         [2.53515625e+01, 2.83906231e+01, 2.34843750e+01, ...,
          0.00000000e+00, 0.00000000e+00, 0.00000000e+00],
         [2.48828125e+01, 2.64999981e+01, 2.56953125e+01, ...,
          0.00000000e+00, 0.00000000e+00, 0.00000000e+00]]]],
      dtype=float32)
Coordinates:
    lon      (n_samples, lat_dim, lon_dim) float32 -101.9 -101.9 ... -96.22
    lat      (n_samples, lat_dim, lon_dim) float32 35.08 35.09 ... 35.47 35.47
Dimensions without coordinates: n_samples, ne, lat_dim, lon_dim
Attributes:
    long_name:      Composite Reflectivity
    units:          dBZ
    level:          Z0
    init_time:      20190525_193000
    valid_time:     20190525_200000
    init_time_ut:   1558830600
    valid_time_ut:  1558832400, <xarray.DataArray 'comp_dz' (n_samples: 1000, ne: 18, lat_dim: 128, lon_dim: 128)>
array([[[[0.00000000e+00, 0.00000000e+00, 0.00000000e+00, ...,
          1.90859375e+01, 2.14453106e+01, 2.24921875e+01],
         [0.00000000e+00, 0.00000000e+00, 0.00000000e+00, ...,
          1.79296875e+01, 2.05546856e+01, 2.23281250e+01],
         [0.00000000e+00, 0.00000000e+00, 0.00000000e+00, ...,
          1.65156250e+01, 1.89140606e+01, 2.13515625e+01],
         ...,
         [6.94726515e+00, 1.93408203e+00, 0.00000000e+00, ...,
          4.26250000e+01, 4.46406212e+01, 4.37656250e+01],
         [1.31210928e+01, 8.37109375e+00, 2.33691382e+00, ...,
          3.81562500e+01, 3.93593712e+01, 4.03437500e+01],
         [1.94453106e+01, 1.57578125e+01, 9.19531155e+00, ...,
          3.48593750e+01, 3.36718712e+01, 3.51406250e+01]],

        [[0.00000000e+00, 0.00000000e+00, 0.00000000e+00, ...,
          1.56054688e+01, 1.50703115e+01, 1.40585938e+01],
         [0.00000000e+00, 0.00000000e+00, 0.00000000e+00, ...,
          1.37031250e+01, 1.31328115e+01, 1.21718750e+01],
         [0.00000000e+00, 0.00000000e+00, 0.00000000e+00, ...,
          1.14023438e+01, 1.09453115e+01, 1.00546875e+01],
...
          3.72656250e+01, 3.67968712e+01, 3.66562500e+01],
         [1.17499990e+01, 9.63671875e+00, 7.07226515e+00, ...,
          3.71406250e+01, 3.69062462e+01, 3.64218750e+01],
         [1.09453115e+01, 8.85546875e+00, 5.99609327e+00, ...,
          3.62500000e+01, 3.64687462e+01, 3.62343750e+01]],

        [[0.00000000e+00, 0.00000000e+00, 0.00000000e+00, ...,
          0.00000000e+00, 0.00000000e+00, 0.00000000e+00],
         [0.00000000e+00, 0.00000000e+00, 0.00000000e+00, ...,
          0.00000000e+00, 0.00000000e+00, 0.00000000e+00],
         [0.00000000e+00, 0.00000000e+00, 0.00000000e+00, ...,
          0.00000000e+00, 0.00000000e+00, 0.00000000e+00],
         ...,
         [0.00000000e+00, 0.00000000e+00, 0.00000000e+00, ...,
          3.64062500e+01, 3.65624962e+01, 3.66406250e+01],
         [6.54296815e-01, 0.00000000e+00, 0.00000000e+00, ...,
          3.62500000e+01, 3.66718712e+01, 3.70156250e+01],
         [1.31484365e+01, 1.17773438e+01, 5.83593702e+00, ...,
          3.65000000e+01, 3.69062462e+01, 3.71406250e+01]]]],
      dtype=float32)
Coordinates:
    lon      (n_samples, lat_dim, lon_dim) float32 -103.7 -103.7 ... -91.12
    lat      (n_samples, lat_dim, lon_dim) float32 33.33 33.33 ... 40.99 40.99
Dimensions without coordinates: n_samples, ne, lat_dim, lon_dim
Attributes:
    long_name:      Composite Reflectivity
    units:          dBZ
    level:          Z0
    init_time:      20190526_220000
    valid_time:     20190526_223000
    init_time_ut:   1558926000
    valid_time_ut:  1558927800, <xarray.DataArray 'comp_dz' (n_samples: 1000, ne: 18, lat_dim: 128, lon_dim: 128)>
array([[[[ 0.        ,  0.        ,  0.        , ...,  0.        ,
           0.        ,  1.0395508 ],
         [ 0.        ,  0.        ,  0.        , ...,  0.        ,
           0.        ,  1.0385742 ],
         [ 0.        ,  0.        ,  0.        , ...,  0.        ,
           0.        ,  0.        ],
         ...,
         [ 0.        ,  0.        ,  0.        , ...,  0.        ,
           0.        ,  0.        ],
         [ 0.        ,  0.        ,  0.        , ...,  0.        ,
           0.        ,  0.        ],
         [ 0.        ,  0.        ,  0.        , ...,  0.        ,
           0.        ,  0.        ]],

        [[ 0.        ,  0.        ,  0.        , ...,  0.        ,
           0.        ,  0.        ],
         [ 0.        ,  0.        ,  0.        , ...,  0.        ,
           0.        ,  0.        ],
         [ 0.        ,  0.        ,  0.        , ...,  0.        ,
           0.        ,  0.        ],
...
         [31.828125  , 32.92187   , 33.21875   , ...,  0.        ,
           0.        ,  0.        ],
         [28.484375  , 29.617186  , 30.539062  , ...,  0.        ,
           0.        ,  0.        ],
         [23.96875   , 25.499998  , 27.671875  , ...,  0.        ,
           0.        ,  0.        ]],

        [[ 0.        ,  0.        ,  0.        , ...,  0.        ,
           0.        ,  0.        ],
         [ 0.        ,  0.        ,  0.        , ...,  0.        ,
           0.        ,  0.        ],
         [ 0.        ,  0.        ,  0.        , ...,  0.        ,
           0.        ,  0.        ],
         ...,
         [32.765625  , 33.07812   , 33.671875  , ...,  0.        ,
           0.        ,  0.        ],
         [29.46875   , 29.984373  , 30.75      , ...,  0.        ,
           0.        ,  0.        ],
         [25.78125   , 26.812498  , 27.007812  , ...,  0.        ,
           0.        ,  0.        ]]]], dtype=float32)
Coordinates:
    lon      (n_samples, lat_dim, lon_dim) float32 -82.11 -82.08 ... -74.74
    lat      (n_samples, lat_dim, lon_dim) float32 39.15 39.15 ... 39.08 39.08
Dimensions without coordinates: n_samples, ne, lat_dim, lon_dim
Attributes:
    long_name:      Composite Reflectivity
    units:          dBZ
    level:          Z0
    init_time:      20190529_010000
    valid_time:     20190530_013000
    init_time_ut:   1559109600
    valid_time_ut:  1559197800]) to Variable.
slurmstepd: error: acct_gather_profile/influxdb _send_data: curl_easy_perform failed to send data (discarded). Reason: Couldn't resolve host name
