Loaded : /ourdisk/hpc/ai2es/chadwiley/patches/3d_patches/labels_2019/0000.nc
labels shape: (336, 12, 64, 64)
labels shape: (336, 12, 64, 64)
Loaded : /ourdisk/hpc/ai2es/chadwiley/patches/3d_patches/labels_2019/0001.nc
labels shape: (688, 12, 64, 64)
labels shape: (688, 12, 64, 64)
Loaded : /ourdisk/hpc/ai2es/chadwiley/patches/3d_patches/labels_2019/0002.nc
labels shape: (1024, 12, 64, 64)
labels shape: (1024, 12, 64, 64)
Loaded : /ourdisk/hpc/ai2es/chadwiley/patches/3d_patches/labels_2019/0003.nc
labels shape: (1360, 12, 64, 64)
labels shape: (1360, 12, 64, 64)
Loaded : /ourdisk/hpc/ai2es/chadwiley/patches/3d_patches/labels_2019/0004.nc
labels shape: (1712, 12, 64, 64)
labels shape: (1712, 12, 64, 64)
Loaded : /ourdisk/hpc/ai2es/chadwiley/patches/3d_patches/labels_2019/0005.nc
labels shape: (2064, 12, 64, 64)
labels shape: (2064, 12, 64, 64)
Loaded : /ourdisk/hpc/ai2es/chadwiley/patches/3d_patches/labels_2019/0006.nc
labels shape: (2384, 12, 64, 64)
labels shape: (2384, 12, 64, 64)
Loaded : /ourdisk/hpc/ai2es/chadwiley/patches/3d_patches/labels_2019/0007.nc
labels shape: (2736, 12, 64, 64)
labels shape: (2736, 12, 64, 64)
Loaded : /ourdisk/hpc/ai2es/chadwiley/patches/3d_patches/labels_2019/0008.nc
labels shape: (3072, 12, 64, 64)
labels shape: (3072, 12, 64, 64)
Loaded : /ourdisk/hpc/ai2es/chadwiley/patches/3d_patches/labels_2019/0009.nc
labels shape: (3424, 12, 64, 64)
labels shape: (3424, 12, 64, 64)
Loaded : /ourdisk/hpc/ai2es/chadwiley/patches/3d_patches/labels_2019/0010.nc
labels shape: (3776, 12, 64, 64)
labels shape: (3776, 12, 64, 64)
