Loaded : /ourdisk/hpc/ai2es/chadwiley/patches/3d_patches/labels_2020-2021/0000.nc
labels shape: (352, 12, 64, 64)
labels shape: (352, 12, 64, 64)
Loaded : /ourdisk/hpc/ai2es/chadwiley/patches/3d_patches/labels_2020-2021/0001.nc
labels shape: (912, 12, 64, 64)
labels shape: (912, 12, 64, 64)
Loaded : /ourdisk/hpc/ai2es/chadwiley/patches/3d_patches/labels_2020-2021/0002.nc
labels shape: (1056, 12, 64, 64)
labels shape: (1056, 12, 64, 64)
Loaded : /ourdisk/hpc/ai2es/chadwiley/patches/3d_patches/labels_2020-2021/0003.nc
labels shape: (1376, 12, 64, 64)
labels shape: (1376, 12, 64, 64)
Loaded : /ourdisk/hpc/ai2es/chadwiley/patches/3d_patches/labels_2020-2021/0004.nc
labels shape: (1872, 12, 64, 64)
labels shape: (1872, 12, 64, 64)
Loaded : /ourdisk/hpc/ai2es/chadwiley/patches/3d_patches/labels_2020-2021/0006.nc
labels shape: (2544, 12, 64, 64)
labels shape: (2544, 12, 64, 64)
Loaded : /ourdisk/hpc/ai2es/chadwiley/patches/3d_patches/labels_2020-2021/0008.nc
labels shape: (3232, 12, 64, 64)
labels shape: (3232, 12, 64, 64)
Loaded : /ourdisk/hpc/ai2es/chadwiley/patches/3d_patches/labels_2020-2021/0009.nc
labels shape: (3904, 12, 64, 64)
labels shape: (3904, 12, 64, 64)
Loaded : /ourdisk/hpc/ai2es/chadwiley/patches/3d_patches/labels_2020-2021/0010.nc
labels shape: (4592, 12, 64, 64)
labels shape: (4592, 12, 64, 64)
Loaded : /ourdisk/hpc/ai2es/chadwiley/patches/3d_patches/labels_2020-2021/0011.nc
labels shape: (5232, 12, 64, 64)
labels shape: (5232, 12, 64, 64)
Loaded : /ourdisk/hpc/ai2es/chadwiley/patches/3d_patches/labels_2020-2021/0012.nc
labels shape: (5264, 12, 64, 64)
labels shape: (5264, 12, 64, 64)
