Loaded : /ourdisk/hpc/ai2es/chadwiley/patches/3d_patches/examples/0000.nc
<xarray.Dataset>
Dimensions:       (n_samples: 351, time: 12, lat: 64, lon: 64)
Dimensions without coordinates: n_samples, time, lat, lon
Data variables: (12/14)
    comp_dz_max   (n_samples, time, lat, lon) float32 0.01482 0.01487 ... 0.0214
    comp_dz_90    (n_samples, time, lat, lon) float64 0.01602 ... 0.03027
    comp_dz_avg   (n_samples, time, lat, lon) float32 0.01356 ... 0.02522
    w_up_max      (n_samples, time, lat, lon) float32 0.01482 0.01487 ... 0.0214
    w_up_90       (n_samples, time, lat, lon) float64 0.01602 ... 0.03027
    w_up_avg      (n_samples, time, lat, lon) float32 0.01356 ... 0.02522
    ...            ...
    w_down_avg    (n_samples, time, lat, lon) float32 0.9868 0.9868 ... 0.972
    cape_sfc_avg  (n_samples, time, lat, lon) float32 0.004585 0.005071 ... 0.0
    cape_ml_avg   (n_samples, time, lat, lon) float32 0.0 0.0 0.0 ... 0.0 0.0
    cin_sfc_avg   (n_samples, time, lat, lon) float32 1.0 1.0 1.0 ... 1.0 1.0
    cin_ml_avg    (n_samples, time, lat, lon) float32 1.0 1.0 1.0 ... 1.0 1.0
    mrms          (n_samples, time, lat, lon) float32 0.1703 0.1703 ... 0.1834
(351, 12, 64, 64)
Loaded : /ourdisk/hpc/ai2es/chadwiley/patches/3d_patches/examples/0001.nc
<xarray.Dataset>
Dimensions:       (n_samples: 351, time: 12, lat: 64, lon: 64)
Dimensions without coordinates: n_samples, time, lat, lon
Data variables: (12/14)
    comp_dz_max   (n_samples, time, lat, lon) float32 0.02928 ... 0.06467
    comp_dz_90    (n_samples, time, lat, lon) float64 0.02755 ... 0.03491
    comp_dz_avg   (n_samples, time, lat, lon) float32 0.01888 ... 0.02805
    w_up_max      (n_samples, time, lat, lon) float32 0.02928 ... 0.06467
    w_up_90       (n_samples, time, lat, lon) float64 0.02755 ... 0.03491
    w_up_avg      (n_samples, time, lat, lon) float32 0.01888 ... 0.02805
    ...            ...
    w_down_avg    (n_samples, time, lat, lon) float32 0.9671 0.9629 ... 0.9558
    cape_sfc_avg  (n_samples, time, lat, lon) float32 0.5524 0.5682 ... 0.07505
    cape_ml_avg   (n_samples, time, lat, lon) float32 0.3697 0.3944 ... 0.004284
    cin_sfc_avg   (n_samples, time, lat, lon) float32 0.9921 0.9901 ... 0.9004
    cin_ml_avg    (n_samples, time, lat, lon) float32 0.8284 0.8443 ... 1.0 1.0
    mrms          (n_samples, time, lat, lon) float32 0.04564 0.04214 ... 0.0364
(702, 12, 64, 64)
Loaded : /ourdisk/hpc/ai2es/chadwiley/patches/3d_patches/examples/0002.nc
<xarray.Dataset>
Dimensions:       (n_samples: 351, time: 12, lat: 64, lon: 64)
Dimensions without coordinates: n_samples, time, lat, lon
Data variables: (12/14)
    comp_dz_max   (n_samples, time, lat, lon) float32 0.007699 ... 0.2798
    comp_dz_90    (n_samples, time, lat, lon) float64 0.008171 ... 0.1369
    comp_dz_avg   (n_samples, time, lat, lon) float32 0.005973 ... 0.08289
    w_up_max      (n_samples, time, lat, lon) float32 0.007699 ... 0.2798
    w_up_90       (n_samples, time, lat, lon) float64 0.008171 ... 0.1369
    w_up_avg      (n_samples, time, lat, lon) float32 0.005973 ... 0.08289
    ...            ...
    w_down_avg    (n_samples, time, lat, lon) float32 0.9802 0.984 ... 0.9067
    cape_sfc_avg  (n_samples, time, lat, lon) float32 0.2867 0.2851 ... 0.2773
    cape_ml_avg   (n_samples, time, lat, lon) float32 0.2131 0.2114 ... 0.1667
    cin_sfc_avg   (n_samples, time, lat, lon) float32 0.9184 0.9201 ... 0.6527
    cin_ml_avg    (n_samples, time, lat, lon) float32 0.7285 0.7271 ... 0.5092
    mrms          (n_samples, time, lat, lon) float32 0.2361 0.2361 ... 0.277
(1053, 12, 64, 64)
Loaded : /ourdisk/hpc/ai2es/chadwiley/patches/3d_patches/examples/0003.nc
<xarray.Dataset>
Dimensions:       (n_samples: 351, time: 12, lat: 64, lon: 64)
Dimensions without coordinates: n_samples, time, lat, lon
Data variables: (12/14)
    comp_dz_max   (n_samples, time, lat, lon) float32 0.04584 ... 0.07418
    comp_dz_90    (n_samples, time, lat, lon) float64 0.06075 ... 0.02424
    comp_dz_avg   (n_samples, time, lat, lon) float32 0.02881 ... 0.02222
    w_up_max      (n_samples, time, lat, lon) float32 0.04584 ... 0.07418
    w_up_90       (n_samples, time, lat, lon) float64 0.06075 ... 0.02424
    w_up_avg      (n_samples, time, lat, lon) float32 0.02881 ... 0.02222
    ...            ...
    w_down_avg    (n_samples, time, lat, lon) float32 0.979 0.9829 ... 0.9099
    cape_sfc_avg  (n_samples, time, lat, lon) float32 0.3163 0.3026 ... 0.04759
    cape_ml_avg   (n_samples, time, lat, lon) float32 0.1479 0.1454 ... 0.00019
    cin_sfc_avg   (n_samples, time, lat, lon) float32 0.8863 0.8796 ... 0.769
    cin_ml_avg    (n_samples, time, lat, lon) float32 0.6556 0.6567 ... 1.0 1.0
    mrms          (n_samples, time, lat, lon) float32 0.3803 0.3803 ... 0.5927
(1404, 12, 64, 64)
Loaded : /ourdisk/hpc/ai2es/chadwiley/patches/3d_patches/examples/0004.nc
<xarray.Dataset>
Dimensions:       (n_samples: 351, time: 12, lat: 64, lon: 64)
Dimensions without coordinates: n_samples, time, lat, lon
Data variables: (12/14)
    comp_dz_max   (n_samples, time, lat, lon) float32 0.03205 0.03014 ... 0.1239
    comp_dz_90    (n_samples, time, lat, lon) float64 0.02069 ... 0.08382
    comp_dz_avg   (n_samples, time, lat, lon) float32 0.01657 ... 0.05118
    w_up_max      (n_samples, time, lat, lon) float32 0.03205 0.03014 ... 0.1239
    w_up_90       (n_samples, time, lat, lon) float64 0.02069 ... 0.08382
    w_up_avg      (n_samples, time, lat, lon) float32 0.01657 ... 0.05118
    ...            ...
    w_down_avg    (n_samples, time, lat, lon) float32 0.9623 0.9595 ... 0.9608
    cape_sfc_avg  (n_samples, time, lat, lon) float32 0.3607 0.3593 ... 0.1725
    cape_ml_avg   (n_samples, time, lat, lon) float32 0.3281 0.3247 ... 0.07617
    cin_sfc_avg   (n_samples, time, lat, lon) float32 0.631 0.7207 ... 0.971
    cin_ml_avg    (n_samples, time, lat, lon) float32 0.6117 0.6051 ... 0.8157
    mrms          (n_samples, time, lat, lon) float32 0.2933 0.2933 ... 0.2933
(1755, 12, 64, 64)
Loaded : /ourdisk/hpc/ai2es/chadwiley/patches/3d_patches/examples/0005.nc
<xarray.Dataset>
Dimensions:       (n_samples: 351, time: 12, lat: 64, lon: 64)
Dimensions without coordinates: n_samples, time, lat, lon
Data variables: (12/14)
    comp_dz_max   (n_samples, time, lat, lon) float32 0.01476 ... 0.01466
    comp_dz_90    (n_samples, time, lat, lon) float64 0.01408 ... 0.00891
    comp_dz_avg   (n_samples, time, lat, lon) float32 0.01096 ... 0.005487
    w_up_max      (n_samples, time, lat, lon) float32 0.01476 ... 0.01466
    w_up_90       (n_samples, time, lat, lon) float64 0.01408 ... 0.00891
    w_up_avg      (n_samples, time, lat, lon) float32 0.01096 ... 0.005487
    ...            ...
    w_down_avg    (n_samples, time, lat, lon) float32 0.966 0.9665 ... 0.9453
    cape_sfc_avg  (n_samples, time, lat, lon) float32 0.06812 ... 0.001045
    cape_ml_avg   (n_samples, time, lat, lon) float32 0.01169 0.00972 ... 0.0
    cin_sfc_avg   (n_samples, time, lat, lon) float32 0.9255 0.9395 ... 1.0 1.0
    cin_ml_avg    (n_samples, time, lat, lon) float32 0.9787 0.9769 ... 1.0 1.0
    mrms          (n_samples, time, lat, lon) float32 0.3628 0.3628 ... 0.3628
(2106, 12, 64, 64)
Loaded : /ourdisk/hpc/ai2es/chadwiley/patches/3d_patches/examples/0006.nc
<xarray.Dataset>
Dimensions:       (n_samples: 351, time: 12, lat: 64, lon: 64)
Dimensions without coordinates: n_samples, time, lat, lon
Data variables: (12/14)
    comp_dz_max   (n_samples, time, lat, lon) float32 0.02322 ... 0.003322
    comp_dz_90    (n_samples, time, lat, lon) float64 0.01999 ... 0.003768
    comp_dz_avg   (n_samples, time, lat, lon) float32 0.008352 ... 0.002993
    w_up_max      (n_samples, time, lat, lon) float32 0.02322 ... 0.003322
    w_up_90       (n_samples, time, lat, lon) float64 0.01999 ... 0.003768
    w_up_avg      (n_samples, time, lat, lon) float32 0.008352 ... 0.002993
    ...            ...
    w_down_avg    (n_samples, time, lat, lon) float32 0.9175 0.9316 ... 0.978
    cape_sfc_avg  (n_samples, time, lat, lon) float32 0.175 0.1685 ... 0.05635
    cape_ml_avg   (n_samples, time, lat, lon) float32 0.09223 ... 0.002306
    cin_sfc_avg   (n_samples, time, lat, lon) float32 0.9885 0.9867 ... 0.8572
    cin_ml_avg    (n_samples, time, lat, lon) float32 0.5504 0.539 ... 1.0 1.0
    mrms          (n_samples, time, lat, lon) float32 0.8466 0.8466 ... 0.8466
(2457, 12, 64, 64)
Loaded : /ourdisk/hpc/ai2es/chadwiley/patches/3d_patches/examples/0007.nc
<xarray.Dataset>
Dimensions:       (n_samples: 351, time: 12, lat: 64, lon: 64)
Dimensions without coordinates: n_samples, time, lat, lon
Data variables: (12/14)
    comp_dz_max   (n_samples, time, lat, lon) float32 0.01422 ... 0.01366
    comp_dz_90    (n_samples, time, lat, lon) float64 0.01398 ... 0.01342
    comp_dz_avg   (n_samples, time, lat, lon) float32 0.01132 ... 0.009926
    w_up_max      (n_samples, time, lat, lon) float32 0.01422 ... 0.01366
    w_up_90       (n_samples, time, lat, lon) float64 0.01398 ... 0.01342
    w_up_avg      (n_samples, time, lat, lon) float32 0.01132 ... 0.009926
    ...            ...
    w_down_avg    (n_samples, time, lat, lon) float32 0.9846 0.9702 ... 0.9722
    cape_sfc_avg  (n_samples, time, lat, lon) float32 0.001075 ... 0.5117
    cape_ml_avg   (n_samples, time, lat, lon) float32 0.0 0.0 ... 0.4239 0.4281
    cin_sfc_avg   (n_samples, time, lat, lon) float32 1.0 1.0 ... 0.9995 0.9998
    cin_ml_avg    (n_samples, time, lat, lon) float32 1.0 1.0 ... 0.622 0.6255
    mrms          (n_samples, time, lat, lon) float32 0.8278 0.8278 ... 0.8278
(2808, 12, 64, 64)
Loaded : /ourdisk/hpc/ai2es/chadwiley/patches/3d_patches/examples/0008.nc
<xarray.Dataset>
Dimensions:       (n_samples: 27, time: 12, lat: 64, lon: 64)
Dimensions without coordinates: n_samples, time, lat, lon
Data variables: (12/14)
    comp_dz_max   (n_samples, time, lat, lon) float32 0.01824 ... 0.01279
    comp_dz_90    (n_samples, time, lat, lon) float64 0.02027 ... 0.01597
    comp_dz_avg   (n_samples, time, lat, lon) float32 0.009487 ... 0.01157
    w_up_max      (n_samples, time, lat, lon) float32 0.01824 ... 0.01279
    w_up_90       (n_samples, time, lat, lon) float64 0.02027 ... 0.01597
    w_up_avg      (n_samples, time, lat, lon) float32 0.009487 ... 0.01157
    ...            ...
    w_down_avg    (n_samples, time, lat, lon) float32 0.9629 0.9639 ... 0.9646
    cape_sfc_avg  (n_samples, time, lat, lon) float32 0.2308 0.2013 ... 0.1915
    cape_ml_avg   (n_samples, time, lat, lon) float32 0.04515 ... 0.0009784
    cin_sfc_avg   (n_samples, time, lat, lon) float32 0.9998 0.9989 ... 0.7557
    cin_ml_avg    (n_samples, time, lat, lon) float32 0.8499 0.8446 ... 1.0 1.0
    mrms          (n_samples, time, lat, lon) float32 0.09728 0.09728 ... 0.3578
(2835, 12, 64, 64)
Loaded : /ourdisk/hpc/ai2es/chadwiley/patches/3d_patches/examples/0009.nc
<xarray.Dataset>
Dimensions:       (n_samples: 126, time: 12, lat: 64, lon: 64)
Dimensions without coordinates: n_samples, time, lat, lon
Data variables: (12/14)
    comp_dz_max   (n_samples, time, lat, lon) float32 0.02721 ... 0.01055
    comp_dz_90    (n_samples, time, lat, lon) float64 0.01437 ... 0.007002
    comp_dz_avg   (n_samples, time, lat, lon) float32 0.005216 ... 0.005396
    w_up_max      (n_samples, time, lat, lon) float32 0.02721 ... 0.01055
    w_up_90       (n_samples, time, lat, lon) float64 0.01437 ... 0.007002
    w_up_avg      (n_samples, time, lat, lon) float32 0.005216 ... 0.005396
    ...            ...
    w_down_avg    (n_samples, time, lat, lon) float32 0.9203 0.9086 ... 0.9653
    cape_sfc_avg  (n_samples, time, lat, lon) float32 0.2267 0.1911 ... 0.04651
    cape_ml_avg   (n_samples, time, lat, lon) float32 0.001929 0.002123 ... 0.0
    cin_sfc_avg   (n_samples, time, lat, lon) float32 0.6254 0.6736 ... 0.8384
    cin_ml_avg    (n_samples, time, lat, lon) float32 1.0 1.0 1.0 ... 1.0 1.0
    mrms          (n_samples, time, lat, lon) float32 0.5592 0.5588 ... 0.4469
(2961, 12, 64, 64)
Loaded : /ourdisk/hpc/ai2es/chadwiley/patches/3d_patches/examples/0010.nc
<xarray.Dataset>
Dimensions:       (n_samples: 306, time: 12, lat: 64, lon: 64)
Dimensions without coordinates: n_samples, time, lat, lon
Data variables: (12/14)
    comp_dz_max   (n_samples, time, lat, lon) float32 0.01994 ... 0.006615
    comp_dz_90    (n_samples, time, lat, lon) float64 0.01858 ... 0.005652
    comp_dz_avg   (n_samples, time, lat, lon) float32 0.01466 ... 0.003338
    w_up_max      (n_samples, time, lat, lon) float32 0.01994 ... 0.006615
    w_up_90       (n_samples, time, lat, lon) float64 0.01858 ... 0.005652
    w_up_avg      (n_samples, time, lat, lon) float32 0.01466 ... 0.003338
    ...            ...
    w_down_avg    (n_samples, time, lat, lon) float32 0.9896 0.9899 ... 0.9872
    cape_sfc_avg  (n_samples, time, lat, lon) float32 0.002511 ... 0.3596
    cape_ml_avg   (n_samples, time, lat, lon) float32 0.0 0.0 ... 0.2131 0.2038
    cin_sfc_avg   (n_samples, time, lat, lon) float32 1.0 1.0 ... 0.9999 0.9999
    cin_ml_avg    (n_samples, time, lat, lon) float32 1.0 1.0 ... 0.7849 0.7652
    mrms          (n_samples, time, lat, lon) float32 0.158 0.158 ... 0.158
(3267, 12, 64, 64)
Loaded : /ourdisk/hpc/ai2es/chadwiley/patches/3d_patches/examples/0011.nc
<xarray.Dataset>
Dimensions:       (n_samples: 351, time: 12, lat: 64, lon: 64)
Dimensions without coordinates: n_samples, time, lat, lon
Data variables: (12/14)
    comp_dz_max   (n_samples, time, lat, lon) float32 0.0376 0.03033 ... 0.06034
    comp_dz_90    (n_samples, time, lat, lon) float64 0.03889 ... 0.03549
    comp_dz_avg   (n_samples, time, lat, lon) float32 0.01493 ... 0.02257
    w_up_max      (n_samples, time, lat, lon) float32 0.0376 0.03033 ... 0.06034
    w_up_90       (n_samples, time, lat, lon) float64 0.03889 ... 0.03549
    w_up_avg      (n_samples, time, lat, lon) float32 0.01493 ... 0.02257
    ...            ...
    w_down_avg    (n_samples, time, lat, lon) float32 0.9575 0.9586 ... 0.9497
    cape_sfc_avg  (n_samples, time, lat, lon) float32 0.3708 0.3354 ... 0.02113
    cape_ml_avg   (n_samples, time, lat, lon) float32 0.09509 0.08535 ... 0.0
    cin_sfc_avg   (n_samples, time, lat, lon) float32 0.8284 0.7935 ... 0.8993
    cin_ml_avg    (n_samples, time, lat, lon) float32 0.7115 0.6505 ... 1.0 1.0
    mrms          (n_samples, time, lat, lon) float32 0.4141 0.4141 ... 0.4141
(3618, 12, 64, 64)
Loaded : /ourdisk/hpc/ai2es/chadwiley/patches/3d_patches/examples/0012.nc
<xarray.Dataset>
Dimensions:       (n_samples: 351, time: 12, lat: 64, lon: 64)
Dimensions without coordinates: n_samples, time, lat, lon
Data variables: (12/14)
    comp_dz_max   (n_samples, time, lat, lon) float32 0.05364 ... 0.02604
    comp_dz_90    (n_samples, time, lat, lon) float64 0.06721 ... 0.01248
    comp_dz_avg   (n_samples, time, lat, lon) float32 0.05652 ... 0.01065
    w_up_max      (n_samples, time, lat, lon) float32 0.05364 ... 0.02604
    w_up_90       (n_samples, time, lat, lon) float64 0.06721 ... 0.01248
    w_up_avg      (n_samples, time, lat, lon) float32 0.05652 ... 0.01065
    ...            ...
    w_down_avg    (n_samples, time, lat, lon) float32 0.8377 0.8177 ... 0.9785
    cape_sfc_avg  (n_samples, time, lat, lon) float32 0.0887 0.08703 ... 0.03564
    cape_ml_avg   (n_samples, time, lat, lon) float32 0.0 0.0 ... 0.002873
    cin_sfc_avg   (n_samples, time, lat, lon) float32 0.7433 0.7453 ... 0.9999
    cin_ml_avg    (n_samples, time, lat, lon) float32 1.0 1.0 1.0 ... 1.0 1.0
    mrms          (n_samples, time, lat, lon) float32 0.5031 0.5002 ... 0.4521
(3969, 12, 64, 64)
Loaded : /ourdisk/hpc/ai2es/chadwiley/patches/3d_patches/examples/0013.nc
<xarray.Dataset>
Dimensions:       (n_samples: 351, time: 12, lat: 64, lon: 64)
Dimensions without coordinates: n_samples, time, lat, lon
Data variables: (12/14)
    comp_dz_max   (n_samples, time, lat, lon) float32 0.01576 0.02155 ... 0.6369
    comp_dz_90    (n_samples, time, lat, lon) float64 0.01337 0.01858 ... 0.4462
    comp_dz_avg   (n_samples, time, lat, lon) float32 0.007412 ... 0.2285
    w_up_max      (n_samples, time, lat, lon) float32 0.01576 0.02155 ... 0.6369
    w_up_90       (n_samples, time, lat, lon) float64 0.01337 0.01858 ... 0.4462
    w_up_avg      (n_samples, time, lat, lon) float32 0.007412 ... 0.2285
    ...            ...
    w_down_avg    (n_samples, time, lat, lon) float32 0.9497 0.9662 ... 0.8658
    cape_sfc_avg  (n_samples, time, lat, lon) float32 0.1346 0.1207 ... 0.3539
    cape_ml_avg   (n_samples, time, lat, lon) float32 0.008658 ... 0.3317
    cin_sfc_avg   (n_samples, time, lat, lon) float32 0.959 0.9306 ... 0.8978
    cin_ml_avg    (n_samples, time, lat, lon) float32 0.9897 0.9765 ... 0.8039
    mrms          (n_samples, time, lat, lon) float32 0.5055 0.5055 ... 0.5627
(4320, 12, 64, 64)
Loaded : /ourdisk/hpc/ai2es/chadwiley/patches/3d_patches/examples/0014.nc
<xarray.Dataset>
Dimensions:       (n_samples: 351, time: 12, lat: 64, lon: 64)
Dimensions without coordinates: n_samples, time, lat, lon
Data variables: (12/14)
    comp_dz_max   (n_samples, time, lat, lon) float32 0.00625 ... 0.002097
    comp_dz_90    (n_samples, time, lat, lon) float64 0.005702 ... 0.002209
    comp_dz_avg   (n_samples, time, lat, lon) float32 0.00251 ... 0.001297
    w_up_max      (n_samples, time, lat, lon) float32 0.00625 ... 0.002097
    w_up_90       (n_samples, time, lat, lon) float64 0.005702 ... 0.002209
    w_up_avg      (n_samples, time, lat, lon) float32 0.00251 ... 0.001297
    ...            ...
    w_down_avg    (n_samples, time, lat, lon) float32 0.9557 0.9572 ... 0.9867
    cape_sfc_avg  (n_samples, time, lat, lon) float32 0.05945 0.0646 ... 0.1067
    cape_ml_avg   (n_samples, time, lat, lon) float32 0.0 0.0 ... 0.02938
    cin_sfc_avg   (n_samples, time, lat, lon) float32 0.6145 0.6417 ... 0.8153
    cin_ml_avg    (n_samples, time, lat, lon) float32 1.0 1.0 ... 0.7848 0.7954
    mrms          (n_samples, time, lat, lon) float32 0.7071 0.7074 ... 0.6953
(4671, 12, 64, 64)
Loaded : /ourdisk/hpc/ai2es/chadwiley/patches/3d_patches/examples/0015.nc
<xarray.Dataset>
Dimensions:       (n_samples: 351, time: 12, lat: 64, lon: 64)
Dimensions without coordinates: n_samples, time, lat, lon
Data variables: (12/14)
    comp_dz_max   (n_samples, time, lat, lon) float32 0.01823 ... 0.006741
    comp_dz_90    (n_samples, time, lat, lon) float64 0.01876 ... 0.006126
    comp_dz_avg   (n_samples, time, lat, lon) float32 0.02017 ... 0.004116
    w_up_max      (n_samples, time, lat, lon) float32 0.01823 ... 0.006741
    w_up_90       (n_samples, time, lat, lon) float64 0.01876 ... 0.006126
    w_up_avg      (n_samples, time, lat, lon) float32 0.02017 ... 0.004116
    ...            ...
    w_down_avg    (n_samples, time, lat, lon) float32 0.9755 0.976 ... 0.9814
    cape_sfc_avg  (n_samples, time, lat, lon) float32 0.4031 0.4132 ... 0.2479
    cape_ml_avg   (n_samples, time, lat, lon) float32 0.3145 0.3177 ... 0.0818
    cin_sfc_avg   (n_samples, time, lat, lon) float32 0.9454 0.9437 ... 0.978
    cin_ml_avg    (n_samples, time, lat, lon) float32 0.4643 0.4647 ... 0.6799
    mrms          (n_samples, time, lat, lon) float32 0.8522 0.8522 ... 0.8522
(5022, 12, 64, 64)
Loaded : /ourdisk/hpc/ai2es/chadwiley/patches/3d_patches/examples/0018.nc
