grabbing files
example : /ourdisk/hpc/ai2es/chadwiley/patches/3d_patches/examples_full/2017-2018examples.nc
labels : /ourdisk/hpc/ai2es/chadwiley/patches/3d_patches/labels_full/labels_2017-2018.nc
---------------------
Total Shape: (6517, 64, 64, 12, 14)
Train Ex : (5213, 64, 64, 12, 14)
Train Lb : (5213, 64, 64, 12, 1)
---------------------------------------------

Val Ex : (651, 64, 64, 12, 14)
Val Lb : (651, 64, 64, 12, 1)
---------------------------------------------

Testing Ex : (653, 64, 64, 12, 14)
Testing Lb : (653, 64, 64, 12, 1)
---------------------------------------------

saved 2017-2018
example : /ourdisk/hpc/ai2es/chadwiley/patches/3d_patches/examples_full/2019examples.nc
labels : /ourdisk/hpc/ai2es/chadwiley/patches/3d_patches/labels_full/labels_2019.nc
---------------------
Total Shape: (3776, 64, 64, 12, 14)
Train Ex : (3020, 64, 64, 12, 14)
Train Lb : (3020, 64, 64, 12, 1)
---------------------------------------------

Val Ex : (377, 64, 64, 12, 14)
Val Lb : (377, 64, 64, 12, 1)
---------------------------------------------

Testing Ex : (379, 64, 64, 12, 14)
Testing Lb : (379, 64, 64, 12, 1)
---------------------------------------------

saved 2019
example : /ourdisk/hpc/ai2es/chadwiley/patches/3d_patches/examples_full/2020_2021examples.nc
labels : /ourdisk/hpc/ai2es/chadwiley/patches/3d_patches/labels_full/labels_2020-2021.nc
---------------------
Total Shape: (5264, 64, 64, 12, 14)
Train Ex : (4211, 64, 64, 12, 14)
Train Lb : (4211, 64, 64, 12, 1)
---------------------------------------------

Val Ex : (526, 64, 64, 12, 14)
Val Lb : (526, 64, 64, 12, 1)
---------------------------------------------

Testing Ex : (527, 64, 64, 12, 14)
Testing Lb : (527, 64, 64, 12, 1)
---------------------------------------------

saved 2020-2021
