Loaded : /ourdisk/hpc/ai2es/chadwiley/patches/3d_patches/examples_2019/0000.nc
<xarray.Dataset>
Dimensions:       (n_samples: 336, time: 12, lat: 64, lon: 64)
Dimensions without coordinates: n_samples, time, lat, lon
Data variables: (12/14)
    comp_dz_max   (n_samples, time, lat, lon) float32 0.02946 ... 0.007615
    comp_dz_90    (n_samples, time, lat, lon) float64 0.02294 ... 0.008224
    comp_dz_avg   (n_samples, time, lat, lon) float32 0.008809 ... 0.00781
    w_up_max      (n_samples, time, lat, lon) float32 0.02946 ... 0.007615
    w_up_90       (n_samples, time, lat, lon) float64 0.02294 ... 0.008224
    w_up_avg      (n_samples, time, lat, lon) float32 0.008809 ... 0.00781
    ...            ...
    w_down_avg    (n_samples, time, lat, lon) float32 0.9627 0.9636 ... 0.9903
    cape_sfc_avg  (n_samples, time, lat, lon) float32 0.5025 0.5087 ... 0.466
    cape_ml_avg   (n_samples, time, lat, lon) float32 0.4214 0.4203 ... 0.5042
    cin_sfc_avg   (n_samples, time, lat, lon) float32 0.9427 0.9389 ... 0.9431
    cin_ml_avg    (n_samples, time, lat, lon) float32 0.7675 0.7526 ... 0.8131
    mrms          (n_samples, time, lat, lon) float32 0.1848 0.1848 ... 0.1848
(336, 12, 64, 64)
Loaded : /ourdisk/hpc/ai2es/chadwiley/patches/3d_patches/examples_2019/0001.nc
<xarray.Dataset>
Dimensions:       (n_samples: 352, time: 12, lat: 64, lon: 64)
Dimensions without coordinates: n_samples, time, lat, lon
Data variables: (12/14)
    comp_dz_max   (n_samples, time, lat, lon) float32 0.005018 ... 0.004358
    comp_dz_90    (n_samples, time, lat, lon) float64 0.005457 ... 0.004793
    comp_dz_avg   (n_samples, time, lat, lon) float32 0.003549 ... 0.003459
    w_up_max      (n_samples, time, lat, lon) float32 0.005018 ... 0.004358
    w_up_90       (n_samples, time, lat, lon) float64 0.005457 ... 0.004793
    w_up_avg      (n_samples, time, lat, lon) float32 0.003549 ... 0.003459
    ...            ...
    w_down_avg    (n_samples, time, lat, lon) float32 0.9855 0.9902 ... 0.9928
    cape_sfc_avg  (n_samples, time, lat, lon) float32 0.4205 0.423 ... 0.000767
    cape_ml_avg   (n_samples, time, lat, lon) float32 0.4286 0.4313 ... 0.0 0.0
    cin_sfc_avg   (n_samples, time, lat, lon) float32 0.8417 0.8499 ... 1.0 1.0
    cin_ml_avg    (n_samples, time, lat, lon) float32 0.773 0.7768 ... 1.0 1.0
    mrms          (n_samples, time, lat, lon) float32 0.007943 ... 0.007943
(688, 12, 64, 64)
Loaded : /ourdisk/hpc/ai2es/chadwiley/patches/3d_patches/examples_2019/0002.nc
<xarray.Dataset>
Dimensions:       (n_samples: 336, time: 12, lat: 64, lon: 64)
Dimensions without coordinates: n_samples, time, lat, lon
Data variables: (12/14)
    comp_dz_max   (n_samples, time, lat, lon) float32 0.02599 ... 0.02499
    comp_dz_90    (n_samples, time, lat, lon) float64 0.02182 0.02315 ... 0.0119
    comp_dz_avg   (n_samples, time, lat, lon) float32 0.0154 0.01696 ... 0.01117
    w_up_max      (n_samples, time, lat, lon) float32 0.02599 ... 0.02499
    w_up_90       (n_samples, time, lat, lon) float64 0.02182 0.02315 ... 0.0119
    w_up_avg      (n_samples, time, lat, lon) float32 0.0154 0.01696 ... 0.01117
    ...            ...
    w_down_avg    (n_samples, time, lat, lon) float32 0.8904 0.8907 ... 0.9717
    cape_sfc_avg  (n_samples, time, lat, lon) float32 0.1001 0.1116 ... 0.001053
    cape_ml_avg   (n_samples, time, lat, lon) float32 0.02687 0.0303 ... 0.0 0.0
    cin_sfc_avg   (n_samples, time, lat, lon) float32 0.9717 0.9667 ... 1.0 1.0
    cin_ml_avg    (n_samples, time, lat, lon) float32 0.9376 0.8544 ... 1.0 1.0
    mrms          (n_samples, time, lat, lon) float32 0.9682 0.9682 ... 0.9689
(1024, 12, 64, 64)
Loaded : /ourdisk/hpc/ai2es/chadwiley/patches/3d_patches/examples_2019/0003.nc
<xarray.Dataset>
Dimensions:       (n_samples: 336, time: 12, lat: 64, lon: 64)
Dimensions without coordinates: n_samples, time, lat, lon
Data variables: (12/14)
    comp_dz_max   (n_samples, time, lat, lon) float32 0.02607 0.02371 ... 0.2371
    comp_dz_90    (n_samples, time, lat, lon) float64 0.03016 0.02643 ... 0.2533
    comp_dz_avg   (n_samples, time, lat, lon) float32 0.03051 0.02738 ... 0.1345
    w_up_max      (n_samples, time, lat, lon) float32 0.02607 0.02371 ... 0.2371
    w_up_90       (n_samples, time, lat, lon) float64 0.03016 0.02643 ... 0.2533
    w_up_avg      (n_samples, time, lat, lon) float32 0.03051 0.02738 ... 0.1345
    ...            ...
    w_down_avg    (n_samples, time, lat, lon) float32 0.9831 0.9832 ... 0.9414
    cape_sfc_avg  (n_samples, time, lat, lon) float32 0.005789 ... 0.1352
    cape_ml_avg   (n_samples, time, lat, lon) float32 7.749e-06 ... 0.09816
    cin_sfc_avg   (n_samples, time, lat, lon) float32 0.99 0.9951 ... 0.8695
    cin_ml_avg    (n_samples, time, lat, lon) float32 1.0 1.0 ... 0.8621 0.8258
    mrms          (n_samples, time, lat, lon) float32 0.7635 0.7635 ... 0.8121
(1360, 12, 64, 64)
Loaded : /ourdisk/hpc/ai2es/chadwiley/patches/3d_patches/examples_2019/0004.nc
<xarray.Dataset>
Dimensions:       (n_samples: 352, time: 12, lat: 64, lon: 64)
Dimensions without coordinates: n_samples, time, lat, lon
Data variables: (12/14)
    comp_dz_max   (n_samples, time, lat, lon) float32 0.01113 0.01508 ... 0.1924
    comp_dz_90    (n_samples, time, lat, lon) float64 0.009578 ... 0.01557
    comp_dz_avg   (n_samples, time, lat, lon) float32 0.00626 ... 0.02776
    w_up_max      (n_samples, time, lat, lon) float32 0.01113 0.01508 ... 0.1924
    w_up_90       (n_samples, time, lat, lon) float64 0.009578 ... 0.01557
    w_up_avg      (n_samples, time, lat, lon) float32 0.00626 ... 0.02776
    ...            ...
    w_down_avg    (n_samples, time, lat, lon) float32 0.9547 0.9574 ... 0.973
    cape_sfc_avg  (n_samples, time, lat, lon) float32 0.4024 0.3929 ... 0.6287
    cape_ml_avg   (n_samples, time, lat, lon) float32 0.287 0.282 ... 0.4797
    cin_sfc_avg   (n_samples, time, lat, lon) float32 0.9998 0.9998 ... 0.9985
    cin_ml_avg    (n_samples, time, lat, lon) float32 0.8532 0.843 ... 0.8918
    mrms          (n_samples, time, lat, lon) float32 0.5718 0.5718 ... 0.5718
(1712, 12, 64, 64)
Loaded : /ourdisk/hpc/ai2es/chadwiley/patches/3d_patches/examples_2019/0005.nc
<xarray.Dataset>
Dimensions:       (n_samples: 352, time: 12, lat: 64, lon: 64)
Dimensions without coordinates: n_samples, time, lat, lon
Data variables: (12/14)
    comp_dz_max   (n_samples, time, lat, lon) float32 0.008765 ... 0.01463
    comp_dz_90    (n_samples, time, lat, lon) float64 0.008561 ... 0.01556
    comp_dz_avg   (n_samples, time, lat, lon) float32 0.005587 ... 0.01539
    w_up_max      (n_samples, time, lat, lon) float32 0.008765 ... 0.01463
    w_up_90       (n_samples, time, lat, lon) float64 0.008561 ... 0.01556
    w_up_avg      (n_samples, time, lat, lon) float32 0.005587 ... 0.01539
    ...            ...
    w_down_avg    (n_samples, time, lat, lon) float32 0.9788 0.9726 ... 0.9664
    cape_sfc_avg  (n_samples, time, lat, lon) float32 0.2076 0.1852 ... 0.000737
    cape_ml_avg   (n_samples, time, lat, lon) float32 0.01656 0.01277 ... 0.0
    cin_sfc_avg   (n_samples, time, lat, lon) float32 0.9838 0.9774 ... 1.0 1.0
    cin_ml_avg    (n_samples, time, lat, lon) float32 0.9317 0.929 ... 1.0 1.0
    mrms          (n_samples, time, lat, lon) float32 0.4767 0.4767 ... 0.4767
(2064, 12, 64, 64)
Loaded : /ourdisk/hpc/ai2es/chadwiley/patches/3d_patches/examples_2019/0006.nc
<xarray.Dataset>
Dimensions:       (n_samples: 320, time: 12, lat: 64, lon: 64)
Dimensions without coordinates: n_samples, time, lat, lon
Data variables: (12/14)
    comp_dz_max   (n_samples, time, lat, lon) float32 0.006969 ... 0.005576
    comp_dz_90    (n_samples, time, lat, lon) float64 0.00842 ... 0.00668
    comp_dz_avg   (n_samples, time, lat, lon) float32 0.005739 ... 0.006328
    w_up_max      (n_samples, time, lat, lon) float32 0.006969 ... 0.005576
    w_up_90       (n_samples, time, lat, lon) float64 0.00842 ... 0.00668
    w_up_avg      (n_samples, time, lat, lon) float32 0.005739 ... 0.006328
    ...            ...
    w_down_avg    (n_samples, time, lat, lon) float32 0.957 0.9577 ... 0.9724
    cape_sfc_avg  (n_samples, time, lat, lon) float32 0.0002492 ... 0.235
    cape_ml_avg   (n_samples, time, lat, lon) float32 0.0 0.0 ... 0.1535 0.148
    cin_sfc_avg   (n_samples, time, lat, lon) float32 1.0 1.0 ... 0.9987 0.9989
    cin_ml_avg    (n_samples, time, lat, lon) float32 1.0 1.0 ... 0.572 0.5931
    mrms          (n_samples, time, lat, lon) float32 0.3238 0.3238 ... 0.3238
(2384, 12, 64, 64)
Loaded : /ourdisk/hpc/ai2es/chadwiley/patches/3d_patches/examples_2019/0007.nc
<xarray.Dataset>
Dimensions:       (n_samples: 352, time: 12, lat: 64, lon: 64)
Dimensions without coordinates: n_samples, time, lat, lon
Data variables: (12/14)
    comp_dz_max   (n_samples, time, lat, lon) float32 0.02591 ... 0.003973
    comp_dz_90    (n_samples, time, lat, lon) float64 0.0263 ... 0.0006505
    comp_dz_avg   (n_samples, time, lat, lon) float32 0.01467 ... 0.0009359
    w_up_max      (n_samples, time, lat, lon) float32 0.02591 ... 0.003973
    w_up_90       (n_samples, time, lat, lon) float64 0.0263 ... 0.0006505
    w_up_avg      (n_samples, time, lat, lon) float32 0.01467 ... 0.0009359
    ...            ...
    w_down_avg    (n_samples, time, lat, lon) float32 0.9705 0.969 ... 0.96
    cape_sfc_avg  (n_samples, time, lat, lon) float32 0.0 0.0 ... 0.00638
    cape_ml_avg   (n_samples, time, lat, lon) float32 0.0 0.0 0.0 ... 0.0 0.0
    cin_sfc_avg   (n_samples, time, lat, lon) float32 1.0 1.0 1.0 ... 1.0 1.0
    cin_ml_avg    (n_samples, time, lat, lon) float32 1.0 1.0 1.0 ... 1.0 1.0
    mrms          (n_samples, time, lat, lon) float32 0.7492 0.7492 ... 0.7492
(2736, 12, 64, 64)
Loaded : /ourdisk/hpc/ai2es/chadwiley/patches/3d_patches/examples_2019/0008.nc
<xarray.Dataset>
Dimensions:       (n_samples: 336, time: 12, lat: 64, lon: 64)
Dimensions without coordinates: n_samples, time, lat, lon
Data variables: (12/14)
    comp_dz_max   (n_samples, time, lat, lon) float32 0.004215 ... 0.00742
    comp_dz_90    (n_samples, time, lat, lon) float64 0.002093 ... 0.007724
    comp_dz_avg   (n_samples, time, lat, lon) float32 0.0008833 ... 0.005275
    w_up_max      (n_samples, time, lat, lon) float32 0.004215 ... 0.00742
    w_up_90       (n_samples, time, lat, lon) float64 0.002093 ... 0.007724
    w_up_avg      (n_samples, time, lat, lon) float32 0.0008833 ... 0.005275
    ...            ...
    w_down_avg    (n_samples, time, lat, lon) float32 0.9718 0.9722 ... 0.975
    cape_sfc_avg  (n_samples, time, lat, lon) float32 0.3342 ... 7.574e-05
    cape_ml_avg   (n_samples, time, lat, lon) float32 0.1584 0.1496 ... 0.003719
    cin_sfc_avg   (n_samples, time, lat, lon) float32 0.9823 0.9808 ... 1.0 1.0
    cin_ml_avg    (n_samples, time, lat, lon) float32 0.5641 0.562 ... 0.9568
    mrms          (n_samples, time, lat, lon) float32 0.5936 0.5936 ... 0.5936
(3072, 12, 64, 64)
Loaded : /ourdisk/hpc/ai2es/chadwiley/patches/3d_patches/examples_2019/0009.nc
<xarray.Dataset>
Dimensions:       (n_samples: 352, time: 12, lat: 64, lon: 64)
Dimensions without coordinates: n_samples, time, lat, lon
Data variables: (12/14)
    comp_dz_max   (n_samples, time, lat, lon) float32 0.01074 ... 0.00996
    comp_dz_90    (n_samples, time, lat, lon) float64 0.0093 ... 0.007797
    comp_dz_avg   (n_samples, time, lat, lon) float32 0.00488 ... 0.006347
    w_up_max      (n_samples, time, lat, lon) float32 0.01074 ... 0.00996
    w_up_90       (n_samples, time, lat, lon) float64 0.0093 ... 0.007797
    w_up_avg      (n_samples, time, lat, lon) float32 0.00488 ... 0.006347
    ...            ...
    w_down_avg    (n_samples, time, lat, lon) float32 0.9796 0.9789 ... 0.9832
    cape_sfc_avg  (n_samples, time, lat, lon) float32 0.2555 0.2536 ... 0.5078
    cape_ml_avg   (n_samples, time, lat, lon) float32 0.2604 0.2649 ... 0.5256
    cin_sfc_avg   (n_samples, time, lat, lon) float32 0.6587 0.6612 ... 0.997
    cin_ml_avg    (n_samples, time, lat, lon) float32 0.8685 0.8703 ... 0.7921
    mrms          (n_samples, time, lat, lon) float32 0.01374 0.01374 ... 0.0142
(3424, 12, 64, 64)
Loaded : /ourdisk/hpc/ai2es/chadwiley/patches/3d_patches/examples_2019/0010.nc
<xarray.Dataset>
Dimensions:       (n_samples: 352, time: 12, lat: 64, lon: 64)
Dimensions without coordinates: n_samples, time, lat, lon
Data variables: (12/14)
    comp_dz_max   (n_samples, time, lat, lon) float32 0.01026 ... 0.01984
    comp_dz_90    (n_samples, time, lat, lon) float64 0.00931 ... 0.01394
    comp_dz_avg   (n_samples, time, lat, lon) float32 0.005956 ... 0.01078
    w_up_max      (n_samples, time, lat, lon) float32 0.01026 ... 0.01984
    w_up_90       (n_samples, time, lat, lon) float64 0.00931 ... 0.01394
    w_up_avg      (n_samples, time, lat, lon) float32 0.005956 ... 0.01078
    ...            ...
    w_down_avg    (n_samples, time, lat, lon) float32 0.9742 0.9769 ... 0.9744
    cape_sfc_avg  (n_samples, time, lat, lon) float32 0.4931 0.4997 ... 0.001765
    cape_ml_avg   (n_samples, time, lat, lon) float32 0.4345 0.4319 ... 0.0 0.0
    cin_sfc_avg   (n_samples, time, lat, lon) float32 0.9998 0.9998 ... 0.9994
    cin_ml_avg    (n_samples, time, lat, lon) float32 0.6457 0.628 ... 1.0 1.0
    mrms          (n_samples, time, lat, lon) float32 0.5917 0.5917 ... 0.5917
(3776, 12, 64, 64)
Saved examples for 2019
