Loaded : /ourdisk/hpc/ai2es/chadwiley/patches/3d_patches/examples_2020-2021/0000.nc
<xarray.Dataset>
Dimensions:       (n_samples: 352, time: 12, lat: 64, lon: 64)
Dimensions without coordinates: n_samples, time, lat, lon
Data variables: (12/14)
    comp_dz_max   (n_samples, time, lat, lon) float32 0.002267 ... 0.001462
    comp_dz_90    (n_samples, time, lat, lon) float64 0.002216 ... 0.001736
    comp_dz_avg   (n_samples, time, lat, lon) float32 0.003577 ... 0.00238
    w_up_max      (n_samples, time, lat, lon) float32 0.002267 ... 0.001462
    w_up_90       (n_samples, time, lat, lon) float64 0.002216 ... 0.001736
    w_up_avg      (n_samples, time, lat, lon) float32 0.003577 ... 0.00238
    ...            ...
    w_down_avg    (n_samples, time, lat, lon) float32 0.9951 0.9953 ... 0.9928
    cape_sfc_avg  (n_samples, time, lat, lon) float32 0.155 0.1544 ... 0.5216
    cape_ml_avg   (n_samples, time, lat, lon) float32 0.04145 0.04443 ... 0.5077
    cin_sfc_avg   (n_samples, time, lat, lon) float32 0.9999 0.9999 ... 0.9999
    cin_ml_avg    (n_samples, time, lat, lon) float32 0.5695 0.5708 ... 0.7965
    mrms          (n_samples, time, lat, lon) float32 0.0 0.0 0.0 ... 0.0 0.0
(352, 12, 64, 64)
Loaded : /ourdisk/hpc/ai2es/chadwiley/patches/3d_patches/examples_2020-2021/0001.nc
