Loaded : /ourdisk/hpc/ai2es/chadwiley/patches/3d_patches/labels/0000.nc
labels shape: (351, 12, 64, 64)
labels shape: (351, 12, 64, 64)
Loaded : /ourdisk/hpc/ai2es/chadwiley/patches/3d_patches/labels/0001.nc
labels shape: (702, 12, 64, 64)
labels shape: (702, 12, 64, 64)
Loaded : /ourdisk/hpc/ai2es/chadwiley/patches/3d_patches/labels/0002.nc
labels shape: (1053, 12, 64, 64)
labels shape: (1053, 12, 64, 64)
Loaded : /ourdisk/hpc/ai2es/chadwiley/patches/3d_patches/labels/0003.nc
labels shape: (1404, 12, 64, 64)
labels shape: (1404, 12, 64, 64)
Loaded : /ourdisk/hpc/ai2es/chadwiley/patches/3d_patches/labels/0004.nc
labels shape: (1755, 12, 64, 64)
labels shape: (1755, 12, 64, 64)
Loaded : /ourdisk/hpc/ai2es/chadwiley/patches/3d_patches/labels/0005.nc
labels shape: (2106, 12, 64, 64)
labels shape: (2106, 12, 64, 64)
Loaded : /ourdisk/hpc/ai2es/chadwiley/patches/3d_patches/labels/0006.nc
labels shape: (2457, 12, 64, 64)
labels shape: (2457, 12, 64, 64)
Loaded : /ourdisk/hpc/ai2es/chadwiley/patches/3d_patches/labels/0007.nc
labels shape: (2808, 12, 64, 64)
labels shape: (2808, 12, 64, 64)
Loaded : /ourdisk/hpc/ai2es/chadwiley/patches/3d_patches/labels/0008.nc
labels shape: (2835, 12, 64, 64)
labels shape: (2835, 12, 64, 64)
Loaded : /ourdisk/hpc/ai2es/chadwiley/patches/3d_patches/labels/0009.nc
labels shape: (2961, 12, 64, 64)
labels shape: (2961, 12, 64, 64)
Loaded : /ourdisk/hpc/ai2es/chadwiley/patches/3d_patches/labels/0010.nc
labels shape: (3267, 12, 64, 64)
labels shape: (3267, 12, 64, 64)
Loaded : /ourdisk/hpc/ai2es/chadwiley/patches/3d_patches/labels/0011.nc
labels shape: (3618, 12, 64, 64)
labels shape: (3618, 12, 64, 64)
Loaded : /ourdisk/hpc/ai2es/chadwiley/patches/3d_patches/labels/0012.nc
labels shape: (3969, 12, 64, 64)
labels shape: (3969, 12, 64, 64)
Loaded : /ourdisk/hpc/ai2es/chadwiley/patches/3d_patches/labels/0013.nc
labels shape: (4320, 12, 64, 64)
labels shape: (4320, 12, 64, 64)
Loaded : /ourdisk/hpc/ai2es/chadwiley/patches/3d_patches/labels/0014.nc
labels shape: (4671, 12, 64, 64)
labels shape: (4671, 12, 64, 64)
Loaded : /ourdisk/hpc/ai2es/chadwiley/patches/3d_patches/labels/0015.nc
labels shape: (5022, 12, 64, 64)
labels shape: (5022, 12, 64, 64)
Loaded : /ourdisk/hpc/ai2es/chadwiley/patches/3d_patches/labels/0016.nc
labels shape: (5346, 12, 64, 64)
labels shape: (5346, 12, 64, 64)
Loaded : /ourdisk/hpc/ai2es/chadwiley/patches/3d_patches/labels/0017.nc
labels shape: (5616, 12, 64, 64)
labels shape: (5616, 12, 64, 64)
Loaded : /ourdisk/hpc/ai2es/chadwiley/patches/3d_patches/labels/0018.nc
labels shape: (5958, 12, 64, 64)
labels shape: (5958, 12, 64, 64)
Loaded : /ourdisk/hpc/ai2es/chadwiley/patches/3d_patches/labels/0019.nc
labels shape: (6517, 12, 64, 64)
labels shape: (6517, 12, 64, 64)
