loading in examples : /ourdisk/hpc/ai2es/chadwiley/patches/3d_patches/examples_full/2017-2018examples.nc
loading in label : /ourdisk/hpc/ai2es/chadwiley/patches/3d_patches/labels_full/labels_2017-2018.nc
------------------------------------
<xarray.Dataset>
Dimensions:       (n_samples: 6517, time: 12, lat: 64, lon: 64)
Dimensions without coordinates: n_samples, time, lat, lon
Data variables: (12/14)
    comp_dz_max   (n_samples, time, lat, lon) float32 0.01482 ... 0.004654
    comp_dz_90    (n_samples, time, lat, lon) float64 0.01602 ... 0.004344
    comp_dz_avg   (n_samples, time, lat, lon) float32 0.01356 ... 0.00302
    w_up_max      (n_samples, time, lat, lon) float32 0.01482 ... 0.004654
    w_up_90       (n_samples, time, lat, lon) float64 0.01602 ... 0.004344
    w_up_avg      (n_samples, time, lat, lon) float32 0.01356 ... 0.00302
    ...            ...
    w_down_avg    (n_samples, time, lat, lon) float32 0.9868 0.9868 ... 0.9865
    cape_sfc_avg  (n_samples, time, lat, lon) float32 0.004585 ... 0.1602
    cape_ml_avg   (n_samples, time, lat, lon) float32 0.0 0.0 ... 0.03351
    cin_sfc_avg   (n_samples, time, lat, lon) float32 1.0 1.0 ... 0.9751 0.9737
    cin_ml_avg    (n_samples, time, lat, lon) float32 1.0 1.0 ... 0.8529 0.862
    mrms          (n_samples, time, lat, lon) float32 0.1703 0.1703 ... 0.6871
------------------------------------
<xarray.Dataset>
Dimensions:    (n_samples: 6517, time: 12, lat: 64, lon: 64)
Dimensions without coordinates: n_samples, time, lat, lon
Data variables:
    dz_binary  (n_samples, time, lat, lon) float64 0.0 0.0 0.0 ... 0.0 0.0 0.0
------------------------------------
------------------------------------
------------------------------------

loading in examples : /ourdisk/hpc/ai2es/chadwiley/patches/3d_patches/examples_full/2019examples.nc
loading in label : /ourdisk/hpc/ai2es/chadwiley/patches/3d_patches/labels_full/labels_2019.nc
------------------------------------
<xarray.Dataset>
Dimensions:       (n_samples: 3776, time: 12, lat: 64, lon: 64)
Dimensions without coordinates: n_samples, time, lat, lon
Data variables: (12/14)
    comp_dz_max   (n_samples, time, lat, lon) float32 0.02946 ... 0.01984
    comp_dz_90    (n_samples, time, lat, lon) float64 0.02294 ... 0.01394
    comp_dz_avg   (n_samples, time, lat, lon) float32 0.008809 ... 0.01078
    w_up_max      (n_samples, time, lat, lon) float32 0.02946 ... 0.01984
    w_up_90       (n_samples, time, lat, lon) float64 0.02294 ... 0.01394
    w_up_avg      (n_samples, time, lat, lon) float32 0.008809 ... 0.01078
    ...            ...
    w_down_avg    (n_samples, time, lat, lon) float32 0.9627 0.9636 ... 0.9744
    cape_sfc_avg  (n_samples, time, lat, lon) float32 0.5025 0.5087 ... 0.001765
    cape_ml_avg   (n_samples, time, lat, lon) float32 0.4214 0.4203 ... 0.0 0.0
    cin_sfc_avg   (n_samples, time, lat, lon) float32 0.9427 0.9389 ... 0.9994
    cin_ml_avg    (n_samples, time, lat, lon) float32 0.7675 0.7526 ... 1.0 1.0
    mrms          (n_samples, time, lat, lon) float32 0.1848 0.1848 ... 0.5917
------------------------------------
<xarray.Dataset>
Dimensions:    (n_samples: 3776, time: 12, lat: 64, lon: 64)
Dimensions without coordinates: n_samples, time, lat, lon
Data variables:
    dz_binary  (n_samples, time, lat, lon) float64 0.0 0.0 0.0 ... 0.0 0.0 0.0
------------------------------------
------------------------------------
------------------------------------

loading in examples : /ourdisk/hpc/ai2es/chadwiley/patches/3d_patches/examples_full/2020_2021examples.nc
loading in label : /ourdisk/hpc/ai2es/chadwiley/patches/3d_patches/labels_full/labels_2020-2021.nc
------------------------------------
<xarray.Dataset>
Dimensions:       (n_samples: 5264, time: 12, lat: 64, lon: 64)
Dimensions without coordinates: n_samples, time, lat, lon
Data variables: (12/14)
    comp_dz_max   (n_samples, time, lat, lon) float32 0.002267 ... 0.07751
    comp_dz_90    (n_samples, time, lat, lon) float64 0.002216 ... 0.1004
    comp_dz_avg   (n_samples, time, lat, lon) float32 0.003577 ... 0.1044
    w_up_max      (n_samples, time, lat, lon) float32 0.002267 ... 0.07751
    w_up_90       (n_samples, time, lat, lon) float64 0.002216 ... 0.1004
    w_up_avg      (n_samples, time, lat, lon) float32 0.003577 ... 0.1044
    ...            ...
    w_down_avg    (n_samples, time, lat, lon) float32 0.9951 0.9953 ... 0.9114
    cape_sfc_avg  (n_samples, time, lat, lon) float32 0.155 0.1544 ... 0.1933
    cape_ml_avg   (n_samples, time, lat, lon) float32 0.04145 0.04443 ... 0.1722
    cin_sfc_avg   (n_samples, time, lat, lon) float32 0.9999 0.9999 ... 0.8387
    cin_ml_avg    (n_samples, time, lat, lon) float32 0.5695 0.5708 ... 0.4312
    mrms          (n_samples, time, lat, lon) float32 0.0 0.0 0.0 ... 0.0 0.0
------------------------------------
<xarray.Dataset>
Dimensions:    (n_samples: 5264, time: 12, lat: 64, lon: 64)
Dimensions without coordinates: n_samples, time, lat, lon
Data variables:
    dz_binary  (n_samples, time, lat, lon) float64 0.0 0.0 0.0 ... 0.0 0.0 0.0
------------------------------------
------------------------------------
------------------------------------

