2023-02-07 12:17:19.541326: I tensorflow/core/platform/cpu_feature_guard.cc:193] This TensorFlow binary is optimized with oneAPI Deep Neural Network Library (oneDNN) to use the following CPU instructions in performance-critical operations:  SSE4.1 SSE4.2 AVX AVX2 FMA
To enable them in other operations, rebuild TensorFlow with the appropriate compiler flags.
WARNING:tensorflow:From /home/chadwiley/research/wofs_40dbz/wofs_ml/unet/hparam_wofs_ml.py:217: load (from tensorflow.python.data.experimental.ops.io) is deprecated and will be removed in a future version.
Instructions for updating:
Use `tf.data.Dataset.load(...)` instead.
W0207 12:17:37.970797 47946780282624 deprecation.py:350] From /home/chadwiley/research/wofs_40dbz/wofs_ml/unet/hparam_wofs_ml.py:217: load (from tensorflow.python.data.experimental.ops.io) is deprecated and will be removed in a future version.
Instructions for updating:
Use `tf.data.Dataset.load(...)` instead.
2023-02-07 12:17:38.072021: I tensorflow/core/platform/cpu_feature_guard.cc:193] This TensorFlow binary is optimized with oneAPI Deep Neural Network Library (oneDNN) to use the following CPU instructions in performance-critical operations:  SSE4.1 SSE4.2 AVX AVX2 FMA
To enable them in other operations, rebuild TensorFlow with the appropriate compiler flags.
2023-02-07 12:17:46.941586: I tensorflow/core/common_runtime/gpu/gpu_device.cc:1616] Created device /job:localhost/replica:0/task:0/device:GPU:0 with 38259 MB memory:  -> device: 0, name: NVIDIA A100-SXM4-40GB, pci bus id: 0000:01:00.0, compute capability: 8.0
2023-02-07 12:18:02.810310: I tensorflow/core/kernels/data/shuffle_dataset_op.cc:390] Filling up shuffle buffer (this may take a while): 1090 of 25257
2023-02-07 12:18:12.893465: I tensorflow/core/kernels/data/shuffle_dataset_op.cc:390] Filling up shuffle buffer (this may take a while): 2136 of 25257
2023-02-07 12:18:22.783163: I tensorflow/core/kernels/data/shuffle_dataset_op.cc:390] Filling up shuffle buffer (this may take a while): 3176 of 25257
2023-02-07 12:18:32.783007: I tensorflow/core/kernels/data/shuffle_dataset_op.cc:390] Filling up shuffle buffer (this may take a while): 4178 of 25257
2023-02-07 12:18:42.793582: I tensorflow/core/kernels/data/shuffle_dataset_op.cc:390] Filling up shuffle buffer (this may take a while): 5196 of 25257
2023-02-07 12:18:52.877200: I tensorflow/core/kernels/data/shuffle_dataset_op.cc:390] Filling up shuffle buffer (this may take a while): 6240 of 25257
2023-02-07 12:19:02.783352: I tensorflow/core/kernels/data/shuffle_dataset_op.cc:390] Filling up shuffle buffer (this may take a while): 7185 of 25257
slurmstepd: error: *** JOB 14045390 ON c830 CANCELLED AT 2023-02-07T12:19:05 ***
slurmstepd: error: acct_gather_profile/influxdb _send_data: curl_easy_perform failed to send data (discarded). Reason: Couldn't resolve host name
