2023-02-07 12:32:02.798128: I tensorflow/core/platform/cpu_feature_guard.cc:193] This TensorFlow binary is optimized with oneAPI Deep Neural Network Library (oneDNN) to use the following CPU instructions in performance-critical operations:  SSE4.1 SSE4.2 AVX AVX2 FMA
To enable them in other operations, rebuild TensorFlow with the appropriate compiler flags.
WARNING:tensorflow:From /home/chadwiley/research/wofs_40dbz/wofs_ml/unet/hparam_wofs_ml.py:217: load (from tensorflow.python.data.experimental.ops.io) is deprecated and will be removed in a future version.
Instructions for updating:
Use `tf.data.Dataset.load(...)` instead.
W0207 12:32:07.194090 47611214647040 deprecation.py:350] From /home/chadwiley/research/wofs_40dbz/wofs_ml/unet/hparam_wofs_ml.py:217: load (from tensorflow.python.data.experimental.ops.io) is deprecated and will be removed in a future version.
Instructions for updating:
Use `tf.data.Dataset.load(...)` instead.
2023-02-07 12:32:07.265695: I tensorflow/core/platform/cpu_feature_guard.cc:193] This TensorFlow binary is optimized with oneAPI Deep Neural Network Library (oneDNN) to use the following CPU instructions in performance-critical operations:  SSE4.1 SSE4.2 AVX AVX2 FMA
To enable them in other operations, rebuild TensorFlow with the appropriate compiler flags.
2023-02-07 12:32:08.021786: I tensorflow/core/common_runtime/gpu/gpu_device.cc:1616] Created device /job:localhost/replica:0/task:0/device:GPU:0 with 38259 MB memory:  -> device: 0, name: NVIDIA A100-SXM4-40GB, pci bus id: 0000:01:00.0, compute capability: 8.0
2023-02-07 12:32:22.169398: I tensorflow/core/kernels/data/shuffle_dataset_op.cc:390] Filling up shuffle buffer (this may take a while): 1167 of 25257
2023-02-07 12:32:32.122899: I tensorflow/core/kernels/data/shuffle_dataset_op.cc:390] Filling up shuffle buffer (this may take a while): 2335 of 25257
2023-02-07 12:32:42.179414: I tensorflow/core/kernels/data/shuffle_dataset_op.cc:390] Filling up shuffle buffer (this may take a while): 3535 of 25257
2023-02-07 12:32:52.125708: I tensorflow/core/kernels/data/shuffle_dataset_op.cc:390] Filling up shuffle buffer (this may take a while): 4712 of 25257
2023-02-07 12:33:02.201229: I tensorflow/core/kernels/data/shuffle_dataset_op.cc:390] Filling up shuffle buffer (this may take a while): 5113 of 25257
2023-02-07 12:33:12.237490: I tensorflow/core/kernels/data/shuffle_dataset_op.cc:390] Filling up shuffle buffer (this may take a while): 5480 of 25257
2023-02-07 12:33:22.228136: I tensorflow/core/kernels/data/shuffle_dataset_op.cc:390] Filling up shuffle buffer (this may take a while): 5824 of 25257
2023-02-07 12:33:32.144005: I tensorflow/core/kernels/data/shuffle_dataset_op.cc:390] Filling up shuffle buffer (this may take a while): 6150 of 25257
2023-02-07 12:33:42.167651: I tensorflow/core/kernels/data/shuffle_dataset_op.cc:390] Filling up shuffle buffer (this may take a while): 6556 of 25257
2023-02-07 12:33:52.171185: I tensorflow/core/kernels/data/shuffle_dataset_op.cc:390] Filling up shuffle buffer (this may take a while): 6899 of 25257
2023-02-07 12:34:02.278914: I tensorflow/core/kernels/data/shuffle_dataset_op.cc:390] Filling up shuffle buffer (this may take a while): 7395 of 25257
2023-02-07 12:34:12.131122: I tensorflow/core/kernels/data/shuffle_dataset_op.cc:390] Filling up shuffle buffer (this may take a while): 7895 of 25257
2023-02-07 12:34:22.126749: I tensorflow/core/kernels/data/shuffle_dataset_op.cc:390] Filling up shuffle buffer (this may take a while): 8467 of 25257
2023-02-07 12:34:32.136001: I tensorflow/core/kernels/data/shuffle_dataset_op.cc:390] Filling up shuffle buffer (this may take a while): 8928 of 25257
2023-02-07 12:34:42.190435: I tensorflow/core/kernels/data/shuffle_dataset_op.cc:390] Filling up shuffle buffer (this may take a while): 9356 of 25257
2023-02-07 12:34:52.266477: I tensorflow/core/kernels/data/shuffle_dataset_op.cc:390] Filling up shuffle buffer (this may take a while): 9844 of 25257
2023-02-07 12:35:02.128971: I tensorflow/core/kernels/data/shuffle_dataset_op.cc:390] Filling up shuffle buffer (this may take a while): 10262 of 25257
2023-02-07 12:35:12.818393: I tensorflow/core/kernels/data/shuffle_dataset_op.cc:390] Filling up shuffle buffer (this may take a while): 10620 of 25257
2023-02-07 12:35:22.223981: I tensorflow/core/kernels/data/shuffle_dataset_op.cc:390] Filling up shuffle buffer (this may take a while): 11038 of 25257
2023-02-07 12:35:32.142766: I tensorflow/core/kernels/data/shuffle_dataset_op.cc:390] Filling up shuffle buffer (this may take a while): 11466 of 25257
2023-02-07 12:35:42.132621: I tensorflow/core/kernels/data/shuffle_dataset_op.cc:390] Filling up shuffle buffer (this may take a while): 11914 of 25257
2023-02-07 12:35:52.149913: I tensorflow/core/kernels/data/shuffle_dataset_op.cc:390] Filling up shuffle buffer (this may take a while): 12311 of 25257
2023-02-07 12:36:02.150132: I tensorflow/core/kernels/data/shuffle_dataset_op.cc:390] Filling up shuffle buffer (this may take a while): 12812 of 25257
2023-02-07 12:36:12.127616: I tensorflow/core/kernels/data/shuffle_dataset_op.cc:390] Filling up shuffle buffer (this may take a while): 13383 of 25257
2023-02-07 12:36:22.169154: I tensorflow/core/kernels/data/shuffle_dataset_op.cc:390] Filling up shuffle buffer (this may take a while): 13874 of 25257
2023-02-07 12:36:32.205864: I tensorflow/core/kernels/data/shuffle_dataset_op.cc:390] Filling up shuffle buffer (this may take a while): 14289 of 25257
2023-02-07 12:36:42.122417: I tensorflow/core/kernels/data/shuffle_dataset_op.cc:390] Filling up shuffle buffer (this may take a while): 14891 of 25257
2023-02-07 12:36:52.131061: I tensorflow/core/kernels/data/shuffle_dataset_op.cc:390] Filling up shuffle buffer (this may take a while): 15456 of 25257
2023-02-07 12:37:02.228113: I tensorflow/core/kernels/data/shuffle_dataset_op.cc:390] Filling up shuffle buffer (this may take a while): 16071 of 25257
2023-02-07 12:37:12.236602: I tensorflow/core/kernels/data/shuffle_dataset_op.cc:390] Filling up shuffle buffer (this may take a while): 16619 of 25257
2023-02-07 12:37:22.176840: I tensorflow/core/kernels/data/shuffle_dataset_op.cc:390] Filling up shuffle buffer (this may take a while): 17167 of 25257
2023-02-07 12:37:32.153369: I tensorflow/core/kernels/data/shuffle_dataset_op.cc:390] Filling up shuffle buffer (this may take a while): 17790 of 25257
2023-02-07 12:37:42.181082: I tensorflow/core/kernels/data/shuffle_dataset_op.cc:390] Filling up shuffle buffer (this may take a while): 18382 of 25257
2023-02-07 12:37:52.565882: I tensorflow/core/kernels/data/shuffle_dataset_op.cc:390] Filling up shuffle buffer (this may take a while): 19035 of 25257
2023-02-07 12:38:02.173968: I tensorflow/core/kernels/data/shuffle_dataset_op.cc:390] Filling up shuffle buffer (this may take a while): 19636 of 25257
2023-02-07 12:38:12.236691: I tensorflow/core/kernels/data/shuffle_dataset_op.cc:390] Filling up shuffle buffer (this may take a while): 20214 of 25257
2023-02-07 12:38:22.215408: I tensorflow/core/kernels/data/shuffle_dataset_op.cc:390] Filling up shuffle buffer (this may take a while): 20881 of 25257
2023-02-07 12:38:32.149017: I tensorflow/core/kernels/data/shuffle_dataset_op.cc:390] Filling up shuffle buffer (this may take a while): 21515 of 25257
2023-02-07 12:38:42.206409: I tensorflow/core/kernels/data/shuffle_dataset_op.cc:390] Filling up shuffle buffer (this may take a while): 22155 of 25257
2023-02-07 12:38:52.226187: I tensorflow/core/kernels/data/shuffle_dataset_op.cc:390] Filling up shuffle buffer (this may take a while): 22830 of 25257
2023-02-07 12:39:02.120972: I tensorflow/core/kernels/data/shuffle_dataset_op.cc:390] Filling up shuffle buffer (this may take a while): 23388 of 25257
2023-02-07 12:39:12.181492: I tensorflow/core/kernels/data/shuffle_dataset_op.cc:390] Filling up shuffle buffer (this may take a while): 24114 of 25257
2023-02-07 12:39:22.245551: I tensorflow/core/kernels/data/shuffle_dataset_op.cc:390] Filling up shuffle buffer (this may take a while): 24729 of 25257
2023-02-07 12:39:32.315136: I tensorflow/core/kernels/data/shuffle_dataset_op.cc:390] Filling up shuffle buffer (this may take a while): 25236 of 25257
2023-02-07 12:39:32.469983: I tensorflow/core/kernels/data/shuffle_dataset_op.cc:415] Shuffle buffer filled.
2023-02-07 12:39:33.646692: I tensorflow/stream_executor/cuda/cuda_dnn.cc:384] Loaded cuDNN version 8401
2023-02-07 12:39:35.237249: W tensorflow/stream_executor/gpu/asm_compiler.cc:80] Couldn't get ptxas version string: INTERNAL: Running ptxas --version returned 32512
2023-02-07 12:39:35.556506: W tensorflow/stream_executor/gpu/redzone_allocator.cc:314] INTERNAL: ptxas exited with non-zero error code 32512, output: 
Relying on driver to perform ptx compilation. 
Modify $PATH to customize ptxas location.
This message will be only logged once.
2023-02-07 12:39:39.780629: I tensorflow/stream_executor/cuda/cuda_blas.cc:1614] TensorFloat-32 will be used for the matrix multiplication. This will only be logged once.
Traceback (most recent call last):
  File "/home/chadwiley/research/wofs_40dbz/wofs_ml/unet/hparam_wofs_ml.py", line 378, in <module>
    app.run(main)
  File "/home/chadwiley/miniconda3/envs/tf/lib/python3.10/site-packages/absl/app.py", line 308, in run
    _run_main(main, args)
  File "/home/chadwiley/miniconda3/envs/tf/lib/python3.10/site-packages/absl/app.py", line 254, in _run_main
    sys.exit(main(argv))
  File "/home/chadwiley/research/wofs_40dbz/wofs_ml/unet/hparam_wofs_ml.py", line 373, in main
    run_all(logdir=logdir, verbose=True)
  File "/home/chadwiley/research/wofs_40dbz/wofs_ml/unet/hparam_wofs_ml.py", line 359, in run_all
    run(
  File "/home/chadwiley/research/wofs_40dbz/wofs_ml/unet/hparam_wofs_ml.py", line 325, in run
    right = split_dir[0][:-1] + split_dir[1]
IndexError: list index out of range
slurmstepd: error: acct_gather_profile/influxdb _send_data: curl_easy_perform failed to send data (discarded). Reason: Couldn't resolve host name
