2023-02-07 12:19:39.527281: I tensorflow/core/platform/cpu_feature_guard.cc:193] This TensorFlow binary is optimized with oneAPI Deep Neural Network Library (oneDNN) to use the following CPU instructions in performance-critical operations:  SSE4.1 SSE4.2 AVX AVX2 FMA
To enable them in other operations, rebuild TensorFlow with the appropriate compiler flags.
WARNING:tensorflow:From /home/chadwiley/research/wofs_40dbz/wofs_ml/unet/hparam_wofs_ml.py:217: load (from tensorflow.python.data.experimental.ops.io) is deprecated and will be removed in a future version.
Instructions for updating:
Use `tf.data.Dataset.load(...)` instead.
W0207 12:19:44.174525 47340014714624 deprecation.py:350] From /home/chadwiley/research/wofs_40dbz/wofs_ml/unet/hparam_wofs_ml.py:217: load (from tensorflow.python.data.experimental.ops.io) is deprecated and will be removed in a future version.
Instructions for updating:
Use `tf.data.Dataset.load(...)` instead.
2023-02-07 12:19:44.187657: I tensorflow/core/platform/cpu_feature_guard.cc:193] This TensorFlow binary is optimized with oneAPI Deep Neural Network Library (oneDNN) to use the following CPU instructions in performance-critical operations:  SSE4.1 SSE4.2 AVX AVX2 FMA
To enable them in other operations, rebuild TensorFlow with the appropriate compiler flags.
2023-02-07 12:19:44.945498: I tensorflow/core/common_runtime/gpu/gpu_device.cc:1616] Created device /job:localhost/replica:0/task:0/device:GPU:0 with 38259 MB memory:  -> device: 0, name: NVIDIA A100-SXM4-40GB, pci bus id: 0000:01:00.0, compute capability: 8.0
2023-02-07 12:19:58.751885: I tensorflow/core/kernels/data/shuffle_dataset_op.cc:390] Filling up shuffle buffer (this may take a while): 826 of 25257
2023-02-07 12:20:08.480088: I tensorflow/core/kernels/data/shuffle_dataset_op.cc:390] Filling up shuffle buffer (this may take a while): 1908 of 25257
2023-02-07 12:20:18.511944: I tensorflow/core/kernels/data/shuffle_dataset_op.cc:390] Filling up shuffle buffer (this may take a while): 3190 of 25257
2023-02-07 12:20:28.479424: I tensorflow/core/kernels/data/shuffle_dataset_op.cc:390] Filling up shuffle buffer (this may take a while): 4459 of 25257
2023-02-07 12:20:38.484992: I tensorflow/core/kernels/data/shuffle_dataset_op.cc:390] Filling up shuffle buffer (this may take a while): 5840 of 25257
2023-02-07 12:20:48.522219: I tensorflow/core/kernels/data/shuffle_dataset_op.cc:390] Filling up shuffle buffer (this may take a while): 7372 of 25257
2023-02-07 12:20:58.562496: I tensorflow/core/kernels/data/shuffle_dataset_op.cc:390] Filling up shuffle buffer (this may take a while): 8441 of 25257
2023-02-07 12:21:08.501918: I tensorflow/core/kernels/data/shuffle_dataset_op.cc:390] Filling up shuffle buffer (this may take a while): 9188 of 25257
2023-02-07 12:21:18.503876: I tensorflow/core/kernels/data/shuffle_dataset_op.cc:390] Filling up shuffle buffer (this may take a while): 9955 of 25257
2023-02-07 12:21:28.505315: I tensorflow/core/kernels/data/shuffle_dataset_op.cc:390] Filling up shuffle buffer (this may take a while): 10617 of 25257
2023-02-07 12:21:38.482525: I tensorflow/core/kernels/data/shuffle_dataset_op.cc:390] Filling up shuffle buffer (this may take a while): 11338 of 25257
2023-02-07 12:21:48.639034: I tensorflow/core/kernels/data/shuffle_dataset_op.cc:390] Filling up shuffle buffer (this may take a while): 12123 of 25257
2023-02-07 12:21:58.580936: I tensorflow/core/kernels/data/shuffle_dataset_op.cc:390] Filling up shuffle buffer (this may take a while): 12823 of 25257
2023-02-07 12:22:08.482682: I tensorflow/core/kernels/data/shuffle_dataset_op.cc:390] Filling up shuffle buffer (this may take a while): 13561 of 25257
2023-02-07 12:22:18.480269: I tensorflow/core/kernels/data/shuffle_dataset_op.cc:390] Filling up shuffle buffer (this may take a while): 14298 of 25257
2023-02-07 12:22:28.499491: I tensorflow/core/kernels/data/shuffle_dataset_op.cc:390] Filling up shuffle buffer (this may take a while): 15151 of 25257
2023-02-07 12:22:38.481037: I tensorflow/core/kernels/data/shuffle_dataset_op.cc:390] Filling up shuffle buffer (this may take a while): 15986 of 25257
2023-02-07 12:22:48.500863: I tensorflow/core/kernels/data/shuffle_dataset_op.cc:390] Filling up shuffle buffer (this may take a while): 16781 of 25257
2023-02-07 12:22:58.493787: I tensorflow/core/kernels/data/shuffle_dataset_op.cc:390] Filling up shuffle buffer (this may take a while): 17621 of 25257
2023-02-07 12:23:08.490660: I tensorflow/core/kernels/data/shuffle_dataset_op.cc:390] Filling up shuffle buffer (this may take a while): 18470 of 25257
2023-02-07 12:23:18.548994: I tensorflow/core/kernels/data/shuffle_dataset_op.cc:390] Filling up shuffle buffer (this may take a while): 19324 of 25257
2023-02-07 12:23:28.480042: I tensorflow/core/kernels/data/shuffle_dataset_op.cc:390] Filling up shuffle buffer (this may take a while): 20140 of 25257
2023-02-07 12:23:38.527027: I tensorflow/core/kernels/data/shuffle_dataset_op.cc:390] Filling up shuffle buffer (this may take a while): 21013 of 25257
2023-02-07 12:23:48.492870: I tensorflow/core/kernels/data/shuffle_dataset_op.cc:390] Filling up shuffle buffer (this may take a while): 21918 of 25257
2023-02-07 12:23:58.494511: I tensorflow/core/kernels/data/shuffle_dataset_op.cc:390] Filling up shuffle buffer (this may take a while): 22809 of 25257
2023-02-07 12:24:08.525023: I tensorflow/core/kernels/data/shuffle_dataset_op.cc:390] Filling up shuffle buffer (this may take a while): 23624 of 25257
2023-02-07 12:24:18.551785: I tensorflow/core/kernels/data/shuffle_dataset_op.cc:390] Filling up shuffle buffer (this may take a while): 24460 of 25257
2023-02-07 12:24:28.026975: I tensorflow/core/kernels/data/shuffle_dataset_op.cc:415] Shuffle buffer filled.
2023-02-07 12:24:36.249924: I tensorflow/stream_executor/cuda/cuda_dnn.cc:384] Loaded cuDNN version 8401
2023-02-07 12:24:49.349416: W tensorflow/stream_executor/gpu/asm_compiler.cc:80] Couldn't get ptxas version string: INTERNAL: Running ptxas --version returned 32512
2023-02-07 12:24:49.732561: W tensorflow/stream_executor/gpu/redzone_allocator.cc:314] INTERNAL: ptxas exited with non-zero error code 32512, output: 
Relying on driver to perform ptx compilation. 
Modify $PATH to customize ptxas location.
This message will be only logged once.
2023-02-07 12:24:55.239668: I tensorflow/stream_executor/cuda/cuda_blas.cc:1614] TensorFloat-32 will be used for the matrix multiplication. This will only be logged once.
slurmstepd: error: *** JOB 14045463 ON c830 CANCELLED AT 2023-02-07T12:28:55 ***
slurmstepd: error: acct_gather_profile/influxdb _send_data: curl_easy_perform failed to send data (discarded). Reason: Couldn't resolve host name
