We have 1 GPUs

removing old logs
Saving output to /ourdisk/hpc/ai2es/chadwiley/boardlogs/log_2d_wbc/.
--- Running training session 1/100
{HParam(name='conv_layers', domain=IntInterval(1, 3), display_name=None, description=None): 2, HParam(name='conv_kernel_size', domain=Discrete([3, 5, 7]), display_name=None, description=None): 5, HParam(name='conv_activation', domain=Discrete(['ELU', 'LeakyReLU', 'ReLU']), display_name=None, description=None): 'ELU', HParam(name='num_of_kernels', domain=Discrete([4, 8, 16, 32]), display_name=None, description=None): 16, HParam(name='depth_of_unet', domain=Discrete([1, 2, 3, 4, 5, 6, 8]), display_name=None, description=None): 5, HParam(name='optimizer', domain=Discrete(['adam', 'rmsprop']), display_name=None, description=None): 'rmsprop', HParam(name='loss', domain=Discrete(['weighted_binary_crossentropy']), display_name=None, description=None): 'weighted_binary_crossentropy', HParam(name='batchnorm', domain=Discrete([False, True]), display_name=None, description=None): True, HParam(name='batch_size', domain=Discrete([32, 64, 128, 256, 512]), display_name=None, description=None): 256, HParam(name='learning_rate', domain=Discrete([1e-05, 0.0001, 0.001, 0.01]), display_name=None, description=None): 0.001, HParam(name='loss_weights', domain=Discrete([1.0, 2.0, 3.0, 4.0, 5.0, 6.0, 7.0]), display_name=None, description=None): 5.0}
--- repeat #: 1
Model: "unet_model"
__________________________________________________________________________________________________
 Layer (type)                   Output Shape         Param #     Connected to                     
==================================================================================================
 input_1 (InputLayer)           [(None, 128, 128, 1  0           []                               
                                4)]                                                               
                                                                                                  
 unet_down0_0 (Conv2D)          (None, 128, 128, 16  5600        ['input_1[0][0]']                
                                )                                                                 
                                                                                                  
 unet_down0_0_bn (BatchNormaliz  (None, 128, 128, 16  64         ['unet_down0_0[0][0]']           
 ation)                         )                                                                 
                                                                                                  
 unet_down0_0_activation (ELU)  (None, 128, 128, 16  0           ['unet_down0_0_bn[0][0]']        
                                )                                                                 
                                                                                                  
 unet_down0_1 (Conv2D)          (None, 128, 128, 16  6400        ['unet_down0_0_activation[0][0]']
                                )                                                                 
                                                                                                  
 unet_down0_1_bn (BatchNormaliz  (None, 128, 128, 16  64         ['unet_down0_1[0][0]']           
 ation)                         )                                                                 
                                                                                                  
 unet_down0_1_activation (ELU)  (None, 128, 128, 16  0           ['unet_down0_1_bn[0][0]']        
                                )                                                                 
                                                                                                  
 unet_down1_encode_maxpool (Max  (None, 64, 64, 16)  0           ['unet_down0_1_activation[0][0]']
 Pooling2D)                                                                                       
                                                                                                  
 unet_down1_conv_0 (Conv2D)     (None, 64, 64, 32)   12800       ['unet_down1_encode_maxpool[0][0]
                                                                 ']                               
                                                                                                  
 unet_down1_conv_0_bn (BatchNor  (None, 64, 64, 32)  128         ['unet_down1_conv_0[0][0]']      
 malization)                                                                                      
                                                                                                  
 unet_down1_conv_0_activation (  (None, 64, 64, 32)  0           ['unet_down1_conv_0_bn[0][0]']   
 ELU)                                                                                             
                                                                                                  
 unet_down1_conv_1 (Conv2D)     (None, 64, 64, 32)   25600       ['unet_down1_conv_0_activation[0]
                                                                 [0]']                            
                                                                                                  
 unet_down1_conv_1_bn (BatchNor  (None, 64, 64, 32)  128         ['unet_down1_conv_1[0][0]']      
 malization)                                                                                      
                                                                                                  
 unet_down1_conv_1_activation (  (None, 64, 64, 32)  0           ['unet_down1_conv_1_bn[0][0]']   
 ELU)                                                                                             
                                                                                                  
 unet_down2_encode_maxpool (Max  (None, 32, 32, 32)  0           ['unet_down1_conv_1_activation[0]
 Pooling2D)                                                      [0]']                            
                                                                                                  
 unet_down2_conv_0 (Conv2D)     (None, 32, 32, 48)   38400       ['unet_down2_encode_maxpool[0][0]
                                                                 ']                               
                                                                                                  
 unet_down2_conv_0_bn (BatchNor  (None, 32, 32, 48)  192         ['unet_down2_conv_0[0][0]']      
 malization)                                                                                      
                                                                                                  
 unet_down2_conv_0_activation (  (None, 32, 32, 48)  0           ['unet_down2_conv_0_bn[0][0]']   
 ELU)                                                                                             
                                                                                                  
 unet_down2_conv_1 (Conv2D)     (None, 32, 32, 48)   57600       ['unet_down2_conv_0_activation[0]
                                                                 [0]']                            
                                                                                                  
 unet_down2_conv_1_bn (BatchNor  (None, 32, 32, 48)  192         ['unet_down2_conv_1[0][0]']      
 malization)                                                                                      
                                                                                                  
 unet_down2_conv_1_activation (  (None, 32, 32, 48)  0           ['unet_down2_conv_1_bn[0][0]']   
 ELU)                                                                                             
                                                                                                  
 unet_down3_encode_maxpool (Max  (None, 16, 16, 48)  0           ['unet_down2_conv_1_activation[0]
 Pooling2D)                                                      [0]']                            
                                                                                                  
 unet_down3_conv_0 (Conv2D)     (None, 16, 16, 64)   76800       ['unet_down3_encode_maxpool[0][0]
                                                                 ']                               
                                                                                                  
 unet_down3_conv_0_bn (BatchNor  (None, 16, 16, 64)  256         ['unet_down3_conv_0[0][0]']      
 malization)                                                                                      
                                                                                                  
 unet_down3_conv_0_activation (  (None, 16, 16, 64)  0           ['unet_down3_conv_0_bn[0][0]']   
 ELU)                                                                                             
                                                                                                  
 unet_down3_conv_1 (Conv2D)     (None, 16, 16, 64)   102400      ['unet_down3_conv_0_activation[0]
                                                                 [0]']                            
                                                                                                  
 unet_down3_conv_1_bn (BatchNor  (None, 16, 16, 64)  256         ['unet_down3_conv_1[0][0]']      
 malization)                                                                                      
                                                                                                  
 unet_down3_conv_1_activation (  (None, 16, 16, 64)  0           ['unet_down3_conv_1_bn[0][0]']   
 ELU)                                                                                             
                                                                                                  
 unet_down4_encode_maxpool (Max  (None, 8, 8, 64)    0           ['unet_down3_conv_1_activation[0]
 Pooling2D)                                                      [0]']                            
                                                                                                  
 unet_down4_conv_0 (Conv2D)     (None, 8, 8, 80)     128000      ['unet_down4_encode_maxpool[0][0]
                                                                 ']                               
                                                                                                  
 unet_down4_conv_0_bn (BatchNor  (None, 8, 8, 80)    320         ['unet_down4_conv_0[0][0]']      
 malization)                                                                                      
                                                                                                  
 unet_down4_conv_0_activation (  (None, 8, 8, 80)    0           ['unet_down4_conv_0_bn[0][0]']   
 ELU)                                                                                             
                                                                                                  
 unet_down4_conv_1 (Conv2D)     (None, 8, 8, 80)     160000      ['unet_down4_conv_0_activation[0]
                                                                 [0]']                            
                                                                                                  
 unet_down4_conv_1_bn (BatchNor  (None, 8, 8, 80)    320         ['unet_down4_conv_1[0][0]']      
 malization)                                                                                      
                                                                                                  
 unet_down4_conv_1_activation (  (None, 8, 8, 80)    0           ['unet_down4_conv_1_bn[0][0]']   
 ELU)                                                                                             
                                                                                                  
 unet_up0_decode_unpool (UpSamp  (None, 16, 16, 80)  0           ['unet_down4_conv_1_activation[0]
 ling2D)                                                         [0]']                            
                                                                                                  
 unet_up0_conv_before_concat_0   (None, 16, 16, 64)  128000      ['unet_up0_decode_unpool[0][0]'] 
 (Conv2D)                                                                                         
                                                                                                  
 unet_up0_conv_before_concat_0_  (None, 16, 16, 64)  256         ['unet_up0_conv_before_concat_0[0
 bn (BatchNormalization)                                         ][0]']                           
                                                                                                  
 unet_up0_conv_before_concat_0_  (None, 16, 16, 64)  0           ['unet_up0_conv_before_concat_0_b
 activation (ELU)                                                n[0][0]']                        
                                                                                                  
 unet_up0_concat (Concatenate)  (None, 16, 16, 128)  0           ['unet_up0_conv_before_concat_0_a
                                                                 ctivation[0][0]',                
                                                                  'unet_down3_conv_1_activation[0]
                                                                 [0]']                            
                                                                                                  
 unet_up0_conv_after_concat_0 (  (None, 16, 16, 64)  204800      ['unet_up0_concat[0][0]']        
 Conv2D)                                                                                          
                                                                                                  
 unet_up0_conv_after_concat_0_b  (None, 16, 16, 64)  256         ['unet_up0_conv_after_concat_0[0]
 n (BatchNormalization)                                          [0]']                            
                                                                                                  
 unet_up0_conv_after_concat_0_a  (None, 16, 16, 64)  0           ['unet_up0_conv_after_concat_0_bn
 ctivation (ELU)                                                 [0][0]']                         
                                                                                                  
 unet_up0_conv_after_concat_1 (  (None, 16, 16, 64)  102400      ['unet_up0_conv_after_concat_0_ac
 Conv2D)                                                         tivation[0][0]']                 
                                                                                                  
 unet_up0_conv_after_concat_1_b  (None, 16, 16, 64)  256         ['unet_up0_conv_after_concat_1[0]
 n (BatchNormalization)                                          [0]']                            
                                                                                                  
 unet_up0_conv_after_concat_1_a  (None, 16, 16, 64)  0           ['unet_up0_conv_after_concat_1_bn
 ctivation (ELU)                                                 [0][0]']                         
                                                                                                  
 unet_up1_decode_unpool (UpSamp  (None, 32, 32, 64)  0           ['unet_up0_conv_after_concat_1_ac
 ling2D)                                                         tivation[0][0]']                 
                                                                                                  
 unet_up1_conv_before_concat_0   (None, 32, 32, 48)  76800       ['unet_up1_decode_unpool[0][0]'] 
 (Conv2D)                                                                                         
                                                                                                  
 unet_up1_conv_before_concat_0_  (None, 32, 32, 48)  192         ['unet_up1_conv_before_concat_0[0
 bn (BatchNormalization)                                         ][0]']                           
                                                                                                  
 unet_up1_conv_before_concat_0_  (None, 32, 32, 48)  0           ['unet_up1_conv_before_concat_0_b
 activation (ELU)                                                n[0][0]']                        
                                                                                                  
 unet_up1_concat (Concatenate)  (None, 32, 32, 96)   0           ['unet_up1_conv_before_concat_0_a
                                                                 ctivation[0][0]',                
                                                                  'unet_down2_conv_1_activation[0]
                                                                 [0]']                            
                                                                                                  
 unet_up1_conv_after_concat_0 (  (None, 32, 32, 48)  115200      ['unet_up1_concat[0][0]']        
 Conv2D)                                                                                          
                                                                                                  
 unet_up1_conv_after_concat_0_b  (None, 32, 32, 48)  192         ['unet_up1_conv_after_concat_0[0]
 n (BatchNormalization)                                          [0]']                            
                                                                                                  
 unet_up1_conv_after_concat_0_a  (None, 32, 32, 48)  0           ['unet_up1_conv_after_concat_0_bn
 ctivation (ELU)                                                 [0][0]']                         
                                                                                                  
 unet_up1_conv_after_concat_1 (  (None, 32, 32, 48)  57600       ['unet_up1_conv_after_concat_0_ac
 Conv2D)                                                         tivation[0][0]']                 
                                                                                                  
 unet_up1_conv_after_concat_1_b  (None, 32, 32, 48)  192         ['unet_up1_conv_after_concat_1[0]
 n (BatchNormalization)                                          [0]']                            
                                                                                                  
 unet_up1_conv_after_concat_1_a  (None, 32, 32, 48)  0           ['unet_up1_conv_after_concat_1_bn
 ctivation (ELU)                                                 [0][0]']                         
                                                                                                  
 unet_up2_decode_unpool (UpSamp  (None, 64, 64, 48)  0           ['unet_up1_conv_after_concat_1_ac
 ling2D)                                                         tivation[0][0]']                 
                                                                                                  
 unet_up2_conv_before_concat_0   (None, 64, 64, 32)  38400       ['unet_up2_decode_unpool[0][0]'] 
 (Conv2D)                                                                                         
                                                                                                  
 unet_up2_conv_before_concat_0_  (None, 64, 64, 32)  128         ['unet_up2_conv_before_concat_0[0
 bn (BatchNormalization)                                         ][0]']                           
                                                                                                  
 unet_up2_conv_before_concat_0_  (None, 64, 64, 32)  0           ['unet_up2_conv_before_concat_0_b
 activation (ELU)                                                n[0][0]']                        
                                                                                                  
 unet_up2_concat (Concatenate)  (None, 64, 64, 64)   0           ['unet_up2_conv_before_concat_0_a
                                                                 ctivation[0][0]',                
                                                                  'unet_down1_conv_1_activation[0]
                                                                 [0]']                            
                                                                                                  
 unet_up2_conv_after_concat_0 (  (None, 64, 64, 32)  51200       ['unet_up2_concat[0][0]']        
 Conv2D)                                                                                          
                                                                                                  
 unet_up2_conv_after_concat_0_b  (None, 64, 64, 32)  128         ['unet_up2_conv_after_concat_0[0]
 n (BatchNormalization)                                          [0]']                            
                                                                                                  
 unet_up2_conv_after_concat_0_a  (None, 64, 64, 32)  0           ['unet_up2_conv_after_concat_0_bn
 ctivation (ELU)                                                 [0][0]']                         
                                                                                                  
 unet_up2_conv_after_concat_1 (  (None, 64, 64, 32)  25600       ['unet_up2_conv_after_concat_0_ac
 Conv2D)                                                         tivation[0][0]']                 
                                                                                                  
 unet_up2_conv_after_concat_1_b  (None, 64, 64, 32)  128         ['unet_up2_conv_after_concat_1[0]
 n (BatchNormalization)                                          [0]']                            
                                                                                                  
 unet_up2_conv_after_concat_1_a  (None, 64, 64, 32)  0           ['unet_up2_conv_after_concat_1_bn
 ctivation (ELU)                                                 [0][0]']                         
                                                                                                  
 unet_up3_decode_unpool (UpSamp  (None, 128, 128, 32  0          ['unet_up2_conv_after_concat_1_ac
 ling2D)                        )                                tivation[0][0]']                 
                                                                                                  
 unet_up3_conv_before_concat_0   (None, 128, 128, 16  12800      ['unet_up3_decode_unpool[0][0]'] 
 (Conv2D)                       )                                                                 
                                                                                                  
 unet_up3_conv_before_concat_0_  (None, 128, 128, 16  64         ['unet_up3_conv_before_concat_0[0
 bn (BatchNormalization)        )                                ][0]']                           
                                                                                                  
 unet_up3_conv_before_concat_0_  (None, 128, 128, 16  0          ['unet_up3_conv_before_concat_0_b
 activation (ELU)               )                                n[0][0]']                        
                                                                                                  
 unet_up3_concat (Concatenate)  (None, 128, 128, 32  0           ['unet_up3_conv_before_concat_0_a
                                )                                ctivation[0][0]',                
                                                                  'unet_down0_1_activation[0][0]']
                                                                                                  
 unet_up3_conv_after_concat_0 (  (None, 128, 128, 16  12800      ['unet_up3_concat[0][0]']        
 Conv2D)                        )                                                                 
                                                                                                  
 unet_up3_conv_after_concat_0_b  (None, 128, 128, 16  64         ['unet_up3_conv_after_concat_0[0]
 n (BatchNormalization)         )                                [0]']                            
                                                                                                  
 unet_up3_conv_after_concat_0_a  (None, 128, 128, 16  0          ['unet_up3_conv_after_concat_0_bn
 ctivation (ELU)                )                                [0][0]']                         
                                                                                                  
 unet_up3_conv_after_concat_1 (  (None, 128, 128, 16  6400       ['unet_up3_conv_after_concat_0_ac
 Conv2D)                        )                                tivation[0][0]']                 
                                                                                                  
 unet_up3_conv_after_concat_1_b  (None, 128, 128, 16  64         ['unet_up3_conv_after_concat_1[0]
 n (BatchNormalization)         )                                [0]']                            
                                                                                                  
 unet_up3_conv_after_concat_1_a  (None, 128, 128, 16  0          ['unet_up3_conv_after_concat_1_bn
 ctivation (ELU)                )                                [0][0]']                         
                                                                                                  
 unet_output (Conv2D)           (None, 128, 128, 1)  17          ['unet_up3_conv_after_concat_1_ac
                                                                 tivation[0][0]']                 
                                                                                                  
 unet_output_activation (Activa  (None, 128, 128, 1)  0          ['unet_output[0][0]']            
 tion)                                                                                            
                                                                                                  
==================================================================================================
Total params: 1,449,457
Trainable params: 1,447,537
Non-trainable params: 1,920
__________________________________________________________________________________________________
None
Epoch 1/100
