<xarray.Dataset>
Dimensions:            (n_samples: 13873, lat: 128, lon: 128)
Dimensions without coordinates: n_samples, lat, lon
Data variables: (12/14)
    comp_dz_max_norm   (n_samples, lat, lon) float32 0.0 0.0 0.0 ... 0.0 0.0 0.0
    comp_dz_90_norm    (n_samples, lat, lon) float64 0.0 0.0 0.0 ... 0.0 0.0 0.0
    comp_dz_avg_norm   (n_samples, lat, lon) float32 0.0 0.0 0.0 ... 0.0 0.0 0.0
    w_up_max_norm      (n_samples, lat, lon) float32 0.004731 ... 0.008924
    w_up_90_norm       (n_samples, lat, lon) float64 0.004386 ... 0.007433
    w_up_avg_norm      (n_samples, lat, lon) float32 0.003204 ... 0.005072
    ...                 ...
    w_down_avg_norm    (n_samples, lat, lon) float32 0.9931 0.9901 ... 0.9878
    cape_ml_avg_norm   (n_samples, lat, lon) float32 0.0001012 ... 0.09524
    cape_sfc_avg_norm  (n_samples, lat, lon) float32 0.003639 ... 0.1622
    cin_ml_avg_norm    (n_samples, lat, lon) float32 1.0 1.0 ... 0.6679 0.6603
    cin_sfc_avg_norm   (n_samples, lat, lon) float32 0.9993 0.9985 ... 0.8979
    mrms_norm          (n_samples, lat, lon) float32 -0.0 -0.0 -0.0 ... 0.0 0.0
saved to netcdf
saved to tf ds
done
