all files loaded
Comp_dz_max: 
Max : 77.749992
Min : 0.000000
-------------------------------

Comp_dz_90: 
Max : 75.403117
Min : 0.000000
-------------------------------

Comp_dz_avg: 
Max : 72.208328
Min : 0.000000
-------------------------------

w_up_max: 
Max : 96.656242
Min : 0.000000
-------------------------------

w_up_90: 
Max : 80.421867
Min : 0.000000
-------------------------------

w_up_avg: 
Max : 66.955719
Min : 0.000000
-------------------------------

w_down_max: 
Max : 0.090332
Min : -96.734375
-------------------------------

w_down_90: 
Max : 0.155081
Min : -64.167187
-------------------------------

w_down_avg: 
Max : 0.220207
Min : -45.243816
-------------------------------

cape_sfc_avg: 
Max : 7333.146484
Min : 0.000000
-------------------------------

cape_ml_avg: 
Max : 5360.163574
Min : 0.000000
-------------------------------

cin_sfc_avg: 
Max : 0.000000
Min : -956.824463
-------------------------------

cin_ml_avg: 
Max : 0.000000
Min : -975.307373
-------------------------------

MRMS: 
Max : 98.694305
Min : -0.000000
-------------------------------

done
