2200
2200
Number of Cases
2021
ENS : 352
SVR : 352
Init : 352
Val : 352
2020
ENS : 458
SVR : 458
Init : 458
Val : 458
2019
ENS : 386
SVR : 386
Init : 386
Val : 386
2018
ENS : 424
SVR : 424
Init : 424
Val : 424
2017
ENS : 336
SVR : 336
Init : 336
Val : 336
total cases
ENS : 1956
SVR : 1956
Init : 1956
Val : 1956

File Paths:
2021
/ourdisk/hpc/ai2es/wofs/2021_summary/20210505/2130/wofs_ENS_06_20210505_2130_2200.nc
/ourdisk/hpc/ai2es/wofs/2021_summary/20210505/2130/wofs_SVR_06_20210505_2130_2200.nc
/ourdisk/hpc/ai2es/wofs/MRMS/2021/RAD_AZS_MSH//20210505/wofs_MRMS_RAD_20210505_2130.nc
/ourdisk/hpc/ai2es/wofs/MRMS/2021/RAD_AZS_MSH//20210505/wofs_MRMS_RAD_20210505_2200.nc
2020
/ourdisk/hpc/ai2es/wofs/2020_summary/20200507/0300/wofs_ENS_06_20200508_0300_0330.nc
/ourdisk/hpc/ai2es/wofs/2020_summary/20200507/0300/wofs_SVR_06_20200508_0300_0330.nc
/ourdisk/hpc/ai2es/wofs/MRMS/2020/2020/20200507/wofs_MRMS_RAD_20200508_0300.nc
/ourdisk/hpc/ai2es/wofs/MRMS/2020/2020/20200507/wofs_MRMS_RAD_20200508_0330.nc
2019
/ourdisk/hpc/ai2es/wofs/2019_summary/20190508/0100/wofs_ENS_06_20190509_0100_0130.nc
/ourdisk/hpc/ai2es/wofs/2019_summary/20190508/0100/wofs_SVR_06_20190509_0100_0130.nc
/ourdisk/hpc/ai2es/wofs/MRMS/2019/2019/20190508/20190509_010000.nc
/ourdisk/hpc/ai2es/wofs/MRMS/2019/2019/20190508/20190509_013000.nc
2018
/ourdisk/hpc/ai2es/wofs/2018_summary/20180507/0300/wofs_ENS_06_20180508_0300_0330.nc
/ourdisk/hpc/ai2es/wofs/2018_summary/20180507/0300/wofs_SVR_06_20180508_0300_0330.nc
/ourdisk/hpc/ai2es/wofs/MRMS/2018/2018/20180507/20180508-030000.nc
/ourdisk/hpc/ai2es/wofs/MRMS/2018/2018/20180507/20180508-033000.nc
2017
/ourdisk/hpc/ai2es/wofs/2017_summary/20170511/0200/wofs_ENS_06_20170512_0200_0230.nc
/ourdisk/hpc/ai2es/wofs/2017_summary/20170511/0200/wofs_SVR_06_20170512_0200_0230.nc
/ourdisk/hpc/ai2es/wofs/MRMS/2017/2017/20170511/20170512-020000.nc
/ourdisk/hpc/ai2es/wofs/MRMS/2017/2017/20170511/20170512-023000.nc
ens binary: (18, 300, 300)
ens binary: (18, 300, 300)
ens binary: (18, 300, 300)
ens binary: (18, 300, 300)
ens binary: (18, 300, 300)
ens binary: (18, 300, 300)
ens binary: (18, 300, 300)
ens binary: (18, 300, 300)
ens binary: (18, 300, 300)
ens binary: (18, 300, 300)
ens binary: (18, 300, 300)
ens binary: (18, 300, 300)
ens binary: (18, 300, 300)
ens binary: (18, 300, 300)
ens binary: (18, 300, 300)
ens binary: (18, 300, 300)
ens binary: (18, 300, 300)
ens binary: (18, 300, 300)
ens binary: (18, 300, 300)
ens binary: (18, 300, 300)
ens binary: (18, 300, 300)
ens binary: (18, 300, 300)
ens binary: (18, 300, 300)
ens binary: (18, 300, 300)
ens binary: (18, 300, 300)
ens binary: (18, 300, 300)
ens binary: (18, 300, 300)
ens binary: (18, 300, 300)
ens binary: (18, 300, 300)
ens binary: (18, 300, 300)
ens binary: (18, 300, 300)
ens binary: (18, 300, 300)
ens binary: (18, 300, 300)
ens binary: (18, 300, 300)
ens binary: (18, 300, 300)
ens binary: (18, 300, 300)
ens binary: (18, 300, 300)
ens binary: (18, 300, 300)
ens binary: (18, 300, 300)
ens binary: (18, 300, 300)
ens binary: (18, 300, 300)
ens binary: (18, 300, 300)
ens binary: (18, 300, 300)
ens binary: (18, 300, 300)
ens binary: (18, 300, 300)
ens binary: (18, 300, 300)
ens binary: (18, 300, 300)
ens binary: (18, 300, 300)
ens binary: (18, 300, 300)
ens binary: (18, 300, 300)
ens binary: (18, 300, 300)
ens binary: (18, 300, 300)
ens binary: (18, 300, 300)
ens binary: (18, 300, 300)
ens binary: (18, 300, 300)
ens binary: (18, 300, 300)
ens binary: (18, 300, 300)
ens binary: (18, 300, 300)
ens binary: (18, 300, 300)
ens binary: (18, 300, 300)
ens binary: (18, 300, 300)
ens binary: (18, 300, 300)
ens binary: (18, 300, 300)
ens binary: (18, 300, 300)
ens binary: (18, 300, 300)
ens binary: (18, 300, 300)
ens binary: (18, 300, 300)
ens binary: (18, 300, 300)
ens binary: (18, 300, 300)
ens binary: (18, 300, 300)
ens binary: (18, 300, 300)
ens binary: (18, 300, 300)
ens binary: (18, 300, 300)
ens binary: (18, 300, 300)
ens binary: (18, 300, 300)
ens binary: (18, 300, 300)
ens binary: (18, 300, 300)
ens binary: (18, 300, 300)
ens binary: (18, 300, 300)
ens binary: (18, 300, 300)
ens binary: (18, 300, 300)
ens binary: (18, 300, 300)
ens binary: (18, 300, 300)
ens binary: (18, 300, 300)
ens binary: (18, 300, 300)
ens binary: (18, 300, 300)
ens binary: (18, 300, 300)
ens binary: (18, 300, 300)
ens binary: (18, 300, 300)
ens binary: (18, 300, 300)
ens binary: (18, 300, 300)
ens binary: (18, 300, 300)
ens binary: (18, 300, 300)
ens binary: (18, 300, 300)
ens binary: (18, 300, 300)
ens binary: (18, 300, 300)
ens binary: (18, 300, 300)
ens binary: (18, 300, 300)
ens binary: (18, 300, 300)
ens binary: (18, 300, 300)
ens binary: (18, 300, 300)
ens binary: (18, 300, 300)
ens binary: (18, 300, 300)
ens binary: (18, 300, 300)
ens binary: (18, 300, 300)
ens binary: (18, 300, 300)
ens binary: (18, 300, 300)
ens binary: (18, 300, 300)
ens binary: (18, 300, 300)
ens binary: (18, 300, 300)
ens binary: (18, 300, 300)
ens binary: (18, 300, 300)
ens binary: (18, 300, 300)
ens binary: (18, 300, 300)
ens binary: (18, 300, 300)
ens binary: (18, 300, 300)
ens binary: (18, 300, 300)
ens binary: (18, 300, 300)
ens binary: (18, 300, 300)
ens binary: (18, 300, 300)
ens binary: (18, 300, 300)
ens binary: (18, 300, 300)
ens binary: (18, 300, 300)
ens binary: (18, 300, 300)
ens binary: (18, 300, 300)
ens binary: (18, 300, 300)
ens binary: (18, 300, 300)
ens binary: (18, 300, 300)
ens binary: (18, 300, 300)
ens binary: (18, 300, 300)
ens binary: (18, 300, 300)
ens binary: (18, 300, 300)
ens binary: (18, 300, 300)
ens binary: (18, 300, 300)
ens binary: (18, 300, 300)
ens binary: (18, 300, 300)
ens binary: (18, 300, 300)
ens binary: (18, 300, 300)
ens binary: (18, 300, 300)
ens binary: (18, 300, 300)
ens binary: (18, 300, 300)
ens binary: (18, 300, 300)
ens binary: (18, 300, 300)
ens binary: (18, 300, 300)
ens binary: (18, 300, 300)
ens binary: (18, 300, 300)
ens binary: (18, 300, 300)
ens binary: (18, 300, 300)
ens binary: (18, 300, 300)
ens binary: (18, 300, 300)
ens binary: (18, 300, 300)
ens binary: (18, 300, 300)
ens binary: (18, 300, 300)
ens binary: (18, 300, 300)
ens binary: (18, 300, 300)
ens binary: (18, 300, 300)
ens binary: (18, 300, 300)
ens binary: (18, 300, 300)
ens binary: (18, 300, 300)
ens binary: (18, 300, 300)
ens binary: (18, 300, 300)
ens binary: (18, 300, 300)
ens binary: (18, 300, 300)
ens binary: (18, 300, 300)
ens binary: (18, 300, 300)
ens binary: (18, 300, 300)
ens binary: (18, 300, 300)
ens binary: (18, 300, 300)
ens binary: (18, 300, 300)
ens binary: (18, 300, 300)
ens binary: (18, 300, 300)
ens binary: (18, 300, 300)
ens binary: (18, 300, 300)
ens binary: (18, 300, 300)
ens binary: (18, 300, 300)
ens binary: (18, 300, 300)
ens binary: (18, 300, 300)
ens binary: (18, 300, 300)
ens binary: (18, 300, 300)
ens binary: (18, 300, 300)
ens binary: (18, 300, 300)
ens binary: (18, 300, 300)
ens binary: (18, 300, 300)
ens binary: (18, 300, 300)
ens binary: (18, 300, 300)
ens binary: (18, 300, 300)
ens binary: (18, 300, 300)
ens binary: (18, 300, 300)
ens binary: (18, 300, 300)
ens binary: (18, 300, 300)
ens binary: (18, 300, 300)
ens binary: (18, 300, 300)
ens binary: (18, 300, 300)
ens binary: (18, 300, 300)
ens binary: (18, 300, 300)
ens binary: (18, 300, 300)
ens binary: (18, 300, 300)
ens binary: (18, 300, 300)
ens binary: (18, 300, 300)
ens binary: (18, 300, 300)
ens binary: (18, 300, 300)
ens binary: (18, 300, 300)
ens binary: (18, 300, 300)
ens binary: (18, 300, 300)
ens binary: (18, 300, 300)
ens binary: (18, 300, 300)
ens binary: (18, 300, 300)
ens binary: (18, 300, 300)
ens binary: (18, 300, 300)
ens binary: (18, 300, 300)
ens binary: (18, 300, 300)
ens binary: (18, 300, 300)
ens binary: (18, 300, 300)
ens binary: (18, 300, 300)
ens binary: (18, 300, 300)
ens binary: (18, 300, 300)
ens binary: (18, 300, 300)
ens binary: (18, 300, 300)
ens binary: (18, 300, 300)
ens binary: (18, 300, 300)
ens binary: (18, 300, 300)
ens binary: (18, 300, 300)
ens binary: (18, 300, 300)
ens binary: (18, 300, 300)
ens binary: (18, 300, 300)
ens binary: (18, 300, 300)
ens binary: (18, 300, 300)
ens binary: (18, 300, 300)
ens binary: (18, 300, 300)
ens binary: (18, 300, 300)
ens binary: (18, 300, 300)
ens binary: (18, 300, 300)
ens binary: (18, 300, 300)
ens binary: (18, 300, 300)
ens binary: (18, 300, 300)
ens binary: (18, 300, 300)
ens binary: (18, 300, 300)
ens binary: (18, 300, 300)
ens binary: (18, 300, 300)
ens binary: (18, 300, 300)
ens binary: (18, 300, 300)
ens binary: (18, 300, 300)
ens binary: (18, 300, 300)
ens binary: (18, 300, 300)
ens binary: (18, 300, 300)
ens binary: (18, 300, 300)
ens binary: (18, 300, 300)
ens binary: (18, 300, 300)
ens binary: (18, 300, 300)
ens binary: (18, 300, 300)
ens binary: (18, 300, 300)
ens binary: (18, 300, 300)
ens binary: (18, 300, 300)
ens binary: (18, 300, 300)
ens binary: (18, 300, 300)
ens binary: (18, 300, 300)
ens binary: (18, 300, 300)
ens binary: (18, 300, 300)
ens binary: (18, 300, 300)
ens binary: (18, 300, 300)
ens binary: (18, 300, 300)
ens binary: (18, 300, 300)
ens binary: (18, 300, 300)
ens binary: (18, 300, 300)
ens binary: (18, 300, 300)
ens binary: (18, 300, 300)
ens binary: (18, 300, 300)
ens binary: (18, 300, 300)
ens binary: (18, 300, 300)
ens binary: (18, 300, 300)
ens binary: (18, 300, 300)
ens binary: (18, 300, 300)
ens binary: (18, 300, 300)
ens binary: (18, 300, 300)
ens binary: (18, 300, 300)
ens binary: (18, 300, 300)
ens binary: (18, 300, 300)
ens binary: (18, 300, 300)
ens binary: (18, 300, 300)
ens binary: (18, 300, 300)
ens binary: (18, 300, 300)
ens binary: (18, 300, 300)
ens binary: (18, 300, 300)
ens binary: (18, 300, 300)
ens binary: (18, 300, 300)
ens binary: (18, 300, 300)
ens binary: (18, 300, 300)
ens binary: (18, 300, 300)
ens binary: (18, 300, 300)
ens binary: (18, 300, 300)
ens binary: (18, 300, 300)
ens binary: (18, 300, 300)
ens binary: (18, 300, 300)
ens binary: (18, 300, 300)
ens binary: (18, 300, 300)
ens binary: (18, 300, 300)
ens binary: (18, 300, 300)
ens binary: (18, 300, 300)
ens binary: (18, 300, 300)
ens binary: (18, 300, 300)
ens binary: (18, 300, 300)
ens binary: (18, 300, 300)
ens binary: (18, 300, 300)
ens binary: (18, 300, 300)
ens binary: (18, 300, 300)
ens binary: (18, 300, 300)
ens binary: (18, 300, 300)
ens binary: (18, 300, 300)
ens binary: (18, 300, 300)
ens binary: (18, 300, 300)
ens binary: (18, 300, 300)
ens binary: (18, 300, 300)
ens binary: (18, 300, 300)
ens binary: (18, 300, 300)
ens binary: (18, 300, 300)
ens binary: (18, 300, 300)
ens binary: (18, 300, 300)
ens binary: (18, 300, 300)
ens binary: (18, 300, 300)
ens binary: (18, 300, 300)
ens binary: (18, 300, 300)
ens binary: (18, 300, 300)
ens binary: (18, 300, 300)
ens binary: (18, 300, 300)
ens binary: (18, 300, 300)
ens binary: (18, 300, 300)
ens binary: (18, 300, 300)
ens binary: (18, 300, 300)
ens binary: (18, 300, 300)
ens binary: (18, 300, 300)
ens binary: (18, 300, 300)
ens binary: (18, 300, 300)
ens binary: (18, 300, 300)
ens binary: (18, 300, 300)
ens binary: (18, 300, 300)
ens binary: (18, 300, 300)
ens binary: (18, 300, 300)
ens binary: (18, 300, 300)
ens binary: (18, 300, 300)
ens binary: (18, 300, 300)
ens binary: (18, 300, 300)
ens binary: (18, 300, 300)
ens binary: (18, 300, 300)
ens binary: (18, 300, 300)
ens binary: (18, 300, 300)
ens binary: (18, 300, 300)
ens binary: (18, 300, 300)
ens binary: (18, 300, 300)
ens binary: (18, 300, 300)
ens binary: (18, 300, 300)
ens binary: (18, 300, 300)
ens binary: (18, 300, 300)
ens binary: (18, 300, 300)
ens binary: (18, 300, 300)
ens binary: (18, 300, 300)
ens binary: (18, 300, 300)
ens binary: (18, 300, 300)
ens binary: (18, 300, 300)
ens binary: (18, 300, 300)
ens binary: (18, 300, 300)
ens binary: (18, 300, 300)
ens binary: (18, 300, 300)
ens binary: (18, 300, 300)
ens binary: (18, 300, 300)
ens binary: (18, 300, 300)
ens binary: (18, 300, 300)
ens binary: (18, 300, 300)
ens binary: (18, 300, 300)
ens binary: (18, 300, 300)
ens binary: (18, 300, 300)
ens binary: (18, 300, 300)
ens binary: (18, 300, 300)
ens binary: (18, 300, 300)
ens binary: (18, 300, 300)
ens binary: (18, 300, 300)
ens binary: (18, 300, 300)
ens binary: (18, 300, 300)
ens binary: (18, 300, 300)
ens binary: (18, 300, 300)
ens binary: (18, 300, 300)
ens binary: (18, 300, 300)
ens binary: (18, 300, 300)
ens binary: (18, 300, 300)
ens binary: (18, 300, 300)
ens binary: (18, 300, 300)
ens binary: (18, 300, 300)
ENS Probs shape : (386, 300, 300)
WoFS with padding: (386, 320, 320)
<xarray.Dataset>
Dimensions:     (n_samples: 386, lat: 320, lon: 320)
Dimensions without coordinates: n_samples, lat, lon
Data variables:
    wofs_probs  (n_samples, lat, lon) float64 0.0 0.0 0.0 0.0 ... 0.0 0.0 0.0
ens binary: (18, 300, 300)
ens binary: (18, 300, 300)
ens binary: (18, 300, 300)
ens binary: (18, 300, 300)
ens binary: (18, 300, 300)
ens binary: (18, 300, 300)
ens binary: (18, 300, 300)
ens binary: (18, 300, 300)
ens binary: (18, 300, 300)
ens binary: (18, 300, 300)
ens binary: (18, 300, 300)
ens binary: (18, 300, 300)
ens binary: (18, 300, 300)
ens binary: (18, 300, 300)
ens binary: (18, 300, 300)
ens binary: (18, 300, 300)
ens binary: (18, 300, 300)
ens binary: (18, 300, 300)
ens binary: (18, 300, 300)
ens binary: (18, 300, 300)
ens binary: (18, 300, 300)
ens binary: (18, 300, 300)
ens binary: (18, 300, 300)
ens binary: (18, 300, 300)
ens binary: (18, 300, 300)
ens binary: (18, 300, 300)
ens binary: (18, 300, 300)
ens binary: (18, 300, 300)
ens binary: (18, 300, 300)
ens binary: (18, 300, 300)
ens binary: (18, 300, 300)
ens binary: (18, 300, 300)
ens binary: (18, 300, 300)
ens binary: (18, 300, 300)
ens binary: (18, 300, 300)
ens binary: (18, 300, 300)
ens binary: (18, 300, 300)
ens binary: (18, 300, 300)
ens binary: (18, 300, 300)
ens binary: (18, 300, 300)
ens binary: (18, 300, 300)
ens binary: (18, 300, 300)
ens binary: (18, 300, 300)
ens binary: (18, 300, 300)
ens binary: (18, 300, 300)
ens binary: (18, 300, 300)
ens binary: (18, 300, 300)
ens binary: (18, 300, 300)
ens binary: (18, 300, 300)
ens binary: (18, 300, 300)
ens binary: (18, 300, 300)
ens binary: (18, 300, 300)
ens binary: (18, 300, 300)
ens binary: (18, 300, 300)
ens binary: (18, 300, 300)
ens binary: (18, 300, 300)
ens binary: (18, 300, 300)
ens binary: (18, 300, 300)
ens binary: (18, 300, 300)
ens binary: (18, 300, 300)
ens binary: (18, 300, 300)
ens binary: (18, 300, 300)
ens binary: (18, 300, 300)
ens binary: (18, 300, 300)
ens binary: (18, 300, 300)
ens binary: (18, 300, 300)
ens binary: (18, 300, 300)
ens binary: (18, 300, 300)
ens binary: (18, 300, 300)
ens binary: (18, 300, 300)
ens binary: (18, 300, 300)
ens binary: (18, 300, 300)
ens binary: (18, 300, 300)
ens binary: (18, 300, 300)
ens binary: (18, 300, 300)
ens binary: (18, 300, 300)
ens binary: (18, 300, 300)
ens binary: (18, 300, 300)
ens binary: (18, 300, 300)
ens binary: (18, 300, 300)
ens binary: (18, 300, 300)
ens binary: (18, 300, 300)
ens binary: (18, 300, 300)
ens binary: (18, 300, 300)
ens binary: (18, 300, 300)
ens binary: (18, 300, 300)
ens binary: (18, 300, 300)
ens binary: (18, 300, 300)
ens binary: (18, 300, 300)
ens binary: (18, 300, 300)
ens binary: (18, 300, 300)
ens binary: (18, 300, 300)
ens binary: (18, 300, 300)
ens binary: (18, 300, 300)
ens binary: (18, 300, 300)
ens binary: (18, 300, 300)
ens binary: (18, 300, 300)
ens binary: (18, 300, 300)
ens binary: (18, 300, 300)
ens binary: (18, 300, 300)
ens binary: (18, 300, 300)
ens binary: (18, 300, 300)
ens binary: (18, 300, 300)
ens binary: (18, 300, 300)
ens binary: (18, 300, 300)
ens binary: (18, 300, 300)
ens binary: (18, 300, 300)
ens binary: (18, 300, 300)
ens binary: (18, 300, 300)
ens binary: (18, 300, 300)
ens binary: (18, 300, 300)
ens binary: (18, 300, 300)
ens binary: (18, 300, 300)
ens binary: (18, 300, 300)
ens binary: (18, 300, 300)
ens binary: (18, 300, 300)
ens binary: (18, 300, 300)
ens binary: (18, 300, 300)
ens binary: (18, 300, 300)
ens binary: (18, 300, 300)
ens binary: (18, 300, 300)
ens binary: (18, 300, 300)
ens binary: (18, 300, 300)
ens binary: (18, 300, 300)
ens binary: (18, 300, 300)
ens binary: (18, 300, 300)
ens binary: (18, 300, 300)
ens binary: (18, 300, 300)
ens binary: (18, 300, 300)
ens binary: (18, 300, 300)
ens binary: (18, 300, 300)
ens binary: (18, 300, 300)
ens binary: (18, 300, 300)
ens binary: (18, 300, 300)
ens binary: (18, 300, 300)
ens binary: (18, 300, 300)
ens binary: (18, 300, 300)
ens binary: (18, 300, 300)
ens binary: (18, 300, 300)
ens binary: (18, 300, 300)
ens binary: (18, 300, 300)
ens binary: (18, 300, 300)
ens binary: (18, 300, 300)
ens binary: (18, 300, 300)
ens binary: (18, 300, 300)
ens binary: (18, 300, 300)
ens binary: (18, 300, 300)
ens binary: (18, 300, 300)
ens binary: (18, 300, 300)
ens binary: (18, 300, 300)
ens binary: (18, 300, 300)
ens binary: (18, 300, 300)
ens binary: (18, 300, 300)
ens binary: (18, 300, 300)
ens binary: (18, 300, 300)
ens binary: (18, 300, 300)
ens binary: (18, 300, 300)
ens binary: (18, 300, 300)
ens binary: (18, 300, 300)
ens binary: (18, 300, 300)
ens binary: (18, 300, 300)
ens binary: (18, 300, 300)
ens binary: (18, 300, 300)
ens binary: (18, 300, 300)
ens binary: (18, 300, 300)
ens binary: (18, 300, 300)
ens binary: (18, 300, 300)
ens binary: (18, 300, 300)
ens binary: (18, 300, 300)
ens binary: (18, 300, 300)
ens binary: (18, 300, 300)
ens binary: (18, 300, 300)
ens binary: (18, 300, 300)
ens binary: (18, 300, 300)
ens binary: (18, 300, 300)
ens binary: (18, 300, 300)
ens binary: (18, 300, 300)
ens binary: (18, 300, 300)
ens binary: (18, 300, 300)
ens binary: (18, 300, 300)
ens binary: (18, 300, 300)
ens binary: (18, 300, 300)
ens binary: (18, 300, 300)
ens binary: (18, 300, 300)
ens binary: (18, 300, 300)
ens binary: (18, 300, 300)
ens binary: (18, 300, 300)
ens binary: (18, 300, 300)
ens binary: (18, 300, 300)
ens binary: (18, 300, 300)
ens binary: (18, 300, 300)
ens binary: (18, 300, 300)
ens binary: (18, 300, 300)
ens binary: (18, 300, 300)
ens binary: (18, 300, 300)
ens binary: (18, 300, 300)
ens binary: (18, 300, 300)
ens binary: (18, 300, 300)
ens binary: (18, 300, 300)
ens binary: (18, 300, 300)
ens binary: (18, 300, 300)
ens binary: (18, 300, 300)
ens binary: (18, 300, 300)
ens binary: (18, 300, 300)
ens binary: (18, 300, 300)
ens binary: (18, 300, 300)
ens binary: (18, 300, 300)
ens binary: (18, 300, 300)
ens binary: (18, 300, 300)
ens binary: (18, 300, 300)
ens binary: (18, 300, 300)
ens binary: (18, 300, 300)
ens binary: (18, 300, 300)
ens binary: (18, 300, 300)
ens binary: (18, 300, 300)
ens binary: (18, 300, 300)
ens binary: (18, 300, 300)
ens binary: (18, 300, 300)
ens binary: (18, 300, 300)
ens binary: (18, 300, 300)
ens binary: (18, 300, 300)
ens binary: (18, 300, 300)
ens binary: (18, 300, 300)
ens binary: (18, 300, 300)
ens binary: (18, 300, 300)
ens binary: (18, 300, 300)
ens binary: (18, 300, 300)
ens binary: (18, 300, 300)
ens binary: (18, 300, 300)
ens binary: (18, 300, 300)
ens binary: (18, 300, 300)
ens binary: (18, 300, 300)
ens binary: (18, 300, 300)
ens binary: (18, 300, 300)
ens binary: (18, 300, 300)
ens binary: (18, 300, 300)
ens binary: (18, 300, 300)
ens binary: (18, 300, 300)
ens binary: (18, 300, 300)
ens binary: (18, 300, 300)
ens binary: (18, 300, 300)
ens binary: (18, 300, 300)
ens binary: (18, 300, 300)
ens binary: (18, 300, 300)
ens binary: (18, 300, 300)
ens binary: (18, 300, 300)
ens binary: (18, 300, 300)
ens binary: (18, 300, 300)
ens binary: (18, 300, 300)
ens binary: (18, 300, 300)
ens binary: (18, 300, 300)
ens binary: (18, 300, 300)
ens binary: (18, 300, 300)
ens binary: (18, 300, 300)
ens binary: (18, 300, 300)
ens binary: (18, 300, 300)
ens binary: (18, 300, 300)
ens binary: (18, 300, 300)
ens binary: (18, 300, 300)
ens binary: (18, 300, 300)
ens binary: (18, 300, 300)
ens binary: (18, 300, 300)
ens binary: (18, 300, 300)
ens binary: (18, 300, 300)
ens binary: (18, 300, 300)
ens binary: (18, 300, 300)
ens binary: (18, 300, 300)
ens binary: (18, 300, 300)
ens binary: (18, 300, 300)
ens binary: (18, 300, 300)
ens binary: (18, 300, 300)
ens binary: (18, 300, 300)
ens binary: (18, 300, 300)
ens binary: (18, 300, 300)
ens binary: (18, 300, 300)
ens binary: (18, 300, 300)
ens binary: (18, 300, 300)
ens binary: (18, 300, 300)
ens binary: (18, 300, 300)
ens binary: (18, 300, 300)
ens binary: (18, 300, 300)
ens binary: (18, 300, 300)
ens binary: (18, 300, 300)
ens binary: (18, 300, 300)
ens binary: (18, 300, 300)
ens binary: (18, 300, 300)
ens binary: (18, 300, 300)
ens binary: (18, 300, 300)
ens binary: (18, 300, 300)
ens binary: (18, 300, 300)
ens binary: (18, 300, 300)
ens binary: (18, 300, 300)
ens binary: (18, 300, 300)
ens binary: (18, 300, 300)
ens binary: (18, 300, 300)
ens binary: (18, 300, 300)
ens binary: (18, 300, 300)
ens binary: (18, 300, 300)
ens binary: (18, 300, 300)
ens binary: (18, 300, 300)
ens binary: (18, 300, 300)
ens binary: (18, 300, 300)
ens binary: (18, 300, 300)
ens binary: (18, 300, 300)
ens binary: (18, 300, 300)
ens binary: (18, 300, 300)
ens binary: (18, 300, 300)
ens binary: (18, 300, 300)
ens binary: (18, 300, 300)
ens binary: (18, 300, 300)
ens binary: (18, 300, 300)
ens binary: (18, 300, 300)
ens binary: (18, 300, 300)
ens binary: (18, 300, 300)
ens binary: (18, 300, 300)
ens binary: (18, 300, 300)
ens binary: (18, 300, 300)
ens binary: (18, 300, 300)
ens binary: (18, 300, 300)
ens binary: (18, 300, 300)
ens binary: (18, 300, 300)
ens binary: (18, 300, 300)
ens binary: (18, 300, 300)
ens binary: (18, 300, 300)
ens binary: (18, 300, 300)
ens binary: (18, 300, 300)
ens binary: (18, 300, 300)
ens binary: (18, 300, 300)
ens binary: (18, 300, 300)
ens binary: (18, 300, 300)
ens binary: (18, 300, 300)
ens binary: (18, 300, 300)
ens binary: (18, 300, 300)
ens binary: (18, 300, 300)
ens binary: (18, 300, 300)
ens binary: (18, 300, 300)
ens binary: (18, 300, 300)
ens binary: (18, 300, 300)
ens binary: (18, 300, 300)
ens binary: (18, 300, 300)
ens binary: (18, 300, 300)
ens binary: (18, 300, 300)
ens binary: (18, 300, 300)
ens binary: (18, 300, 300)
ens binary: (18, 300, 300)
ens binary: (18, 300, 300)
ens binary: (18, 300, 300)
ens binary: (18, 300, 300)
ens binary: (18, 300, 300)
ens binary: (18, 300, 300)
ens binary: (18, 300, 300)
ens binary: (18, 300, 300)
ens binary: (18, 300, 300)
ens binary: (18, 300, 300)
ens binary: (18, 300, 300)
ens binary: (18, 300, 300)
ens binary: (18, 300, 300)
ens binary: (18, 300, 300)
ens binary: (18, 300, 300)
ens binary: (18, 300, 300)
ens binary: (18, 300, 300)
ens binary: (18, 300, 300)
ens binary: (18, 300, 300)
ens binary: (18, 300, 300)
ens binary: (18, 300, 300)
ens binary: (18, 300, 300)
ens binary: (18, 300, 300)
ens binary: (18, 300, 300)
ens binary: (18, 300, 300)
ens binary: (18, 300, 300)
ens binary: (18, 300, 300)
ens binary: (18, 300, 300)
ens binary: (18, 300, 300)
ens binary: (18, 300, 300)
ens binary: (18, 300, 300)
ens binary: (18, 300, 300)
ens binary: (18, 300, 300)
ens binary: (18, 300, 300)
ens binary: (18, 300, 300)
ens binary: (18, 300, 300)
ens binary: (18, 300, 300)
ens binary: (18, 300, 300)
ens binary: (18, 300, 300)
ens binary: (18, 300, 300)
ens binary: (18, 300, 300)
ens binary: (18, 300, 300)
ens binary: (18, 300, 300)
ens binary: (18, 300, 300)
ens binary: (18, 300, 300)
ens binary: (18, 300, 300)
ens binary: (18, 300, 300)
ens binary: (18, 300, 300)
ens binary: (18, 300, 300)
ens binary: (18, 300, 300)
ens binary: (18, 300, 300)
ens binary: (18, 300, 300)
ens binary: (18, 300, 300)
ens binary: (18, 300, 300)
ens binary: (18, 300, 300)
ens binary: (18, 300, 300)
ens binary: (18, 300, 300)
ens binary: (18, 300, 300)
ens binary: (18, 300, 300)
ens binary: (18, 300, 300)
ens binary: (18, 300, 300)
ens binary: (18, 300, 300)
ens binary: (18, 300, 300)
ens binary: (18, 300, 300)
ens binary: (18, 300, 300)
ens binary: (18, 300, 300)
ens binary: (18, 300, 300)
ens binary: (18, 300, 300)
ens binary: (18, 300, 300)
ens binary: (18, 300, 300)
ens binary: (18, 300, 300)
ens binary: (18, 300, 300)
ens binary: (18, 300, 300)
ens binary: (18, 300, 300)
ens binary: (18, 300, 300)
ens binary: (18, 300, 300)
ens binary: (18, 300, 300)
ens binary: (18, 300, 300)
ens binary: (18, 300, 300)
ens binary: (18, 300, 300)
ens binary: (18, 300, 300)
ens binary: (18, 300, 300)
ens binary: (18, 300, 300)
ens binary: (18, 300, 300)
ens binary: (18, 300, 300)
ens binary: (18, 300, 300)
ens binary: (18, 300, 300)
ens binary: (18, 300, 300)
ens binary: (18, 300, 300)
ens binary: (18, 300, 300)
ens binary: (18, 300, 300)
ens binary: (18, 300, 300)
ens binary: (18, 300, 300)
ens binary: (18, 300, 300)
ens binary: (18, 300, 300)
ens binary: (18, 300, 300)
ens binary: (18, 300, 300)
ens binary: (18, 300, 300)
ens binary: (18, 300, 300)
ens binary: (18, 300, 300)
ens binary: (18, 300, 300)
ens binary: (18, 300, 300)
ens binary: (18, 300, 300)
ens binary: (18, 300, 300)
ens binary: (18, 300, 300)
ens binary: (18, 300, 300)
ens binary: (18, 300, 300)
ens binary: (18, 300, 300)
ens binary: (18, 300, 300)
ens binary: (18, 300, 300)
ens binary: (18, 300, 300)
ens binary: (18, 300, 300)
ens binary: (18, 300, 300)
ens binary: (18, 300, 300)
ENS Probs shape : (458, 300, 300)
WoFS with padding: (458, 320, 320)
<xarray.Dataset>
Dimensions:     (n_samples: 458, lat: 320, lon: 320)
Dimensions without coordinates: n_samples, lat, lon
Data variables:
    wofs_probs  (n_samples, lat, lon) float64 0.0 0.0 0.0 0.0 ... 0.0 0.0 0.0
data is loaded
saved
